--- Job nodal.gms Start 01/27/22 23:16:38 30.3.0 rc5da09e WEX-WEI x86 64bit/MS Windows
--- GAMS Parameters defined
    Input C:\Users\a.eicke\Documents\Locational-investment-signals\Two node models\nodal.gms
    PageSize 0
    ScrDir C:\Users\a.eicke\Documents\Locational-investment-signals\Two node models\225a\
    SysDir C:\GAMS\win64\30.3\
    LogOption 3
    ErrMsg 1
    ErrorLog 99
    IDE 1
    LstTitleLeftAligned 1
GAMS 30.3.0   Copyright (C) 1987-2020 GAMS Development. All rights reserved
Licensee: Small MUD - 5 User License                     S190305:0326AO-WIN
          Hertie School of Governance GmbH, Governance of DigitalizaDC14808
--- Starting compilation
--- nodal.gms(61) 3 Mb
--- GDXin=C:\Users\a.eicke\Documents\Locational-investment-signals\Two node models\in.gdx
--- nodal.gms(64) 3 Mb
--- GDXin=C:\Users\a.eicke\Documents\Locational-investment-signals\Two node models\load.gdx
--- nodal.gms(67) 3 Mb
--- GDXin=C:\Users\a.eicke\Documents\Locational-investment-signals\Two node models\avail.gdx
--- nodal.gms(162) 3 Mb
--- Starting execution: elapsed 0:00:00.053
--- nodal.gms(144) 4 Mb
--- Generating QCP model nodal
--- nodal.gms(145) 6 Mb
---   251 rows  205 columns  661 non-zeroes
---   202 nl-code  32 nl-non-zeroes
--- nodal.gms(145) 4 Mb
--- Executing CONOPT: elapsed 0:00:00.065
CONOPT 3         30.3.0 rc5da09e Released Mar 06, 2020 WEI x86 64bit/MS Window
*** This solver runs with a community license.
 
 
    C O N O P T 3   version 3.17K
    Copyright (C)   ARKI Consulting and Development A/S
                    Bagsvaerdvej 246 A
                    DK-2880 Bagsvaerd, Denmark
 
 
   Iter Phase Ninf   Infeasibility   RGmax    NSB   Step InItr MX OK
      0   0        4.0326876000E+05 (Input point)
 
                   Pre-triangular equations:   48
                   Post-triangular equations:  25
                   Definitional equations:     24
 
      1   0        6.6546000000E+02 (After pre-processing)
      2   0        3.4982187500E+01 (After scaling)
     10   0     0  3.0495273262E+01               0.0E+00      T  T
     20   0     0  2.1103103746E+01               0.0E+00      T  T
 
 ** Feasible solution. Value of objective =    13753.9897097
 
   Iter Phase Ninf     Objective     RGmax    NSB   Step InItr MX OK
     31   4        3.0498803693E+05 2.2E+04     3 4.1E+01      F  T
     36   4        3.4807189678E+05 2.5E+03    19 1.0E+00   12 T  T
     41   4        3.4951178427E+05 3.1E+02    19 1.0E+00    8 T  T
     46   4        3.5029890610E+05 2.4E+01    27 1.0E+00    3 T  T
     48   4        3.5029890610E+05 2.1E-08    27
 
 ** Optimal solution. Reduced gradient less than tolerance.
 
--- Restarting execution
--- nodal.gms(145) 2 Mb
--- Reading solution for model nodal
--- Executing after solve: elapsed 0:00:00.203
--- nodal.gms(162) 3 Mb
--- GDX File C:\Users\a.eicke\Documents\Locational-investment-signals\Two node models\Output/nodal.gdx
*** Status: Normal completion
--- Job nodal.gms Stop 01/27/22 23:16:38 elapsed 0:00:00.203
