
--- Job without_instrument.gms Start 03/25/22 08:06:54 35.2.0 r33388c4 WEX-WEI x86 64bit/MS Windows
--- Applying:
    C:\Program Files\GAMS-35\gmsprmNT.txt
--- GAMS Parameters defined
    Input "C:\GitHub\Locational-investment-signals\Two node models\without_instrument.gms"
    PageSize 0
    ScrDir "C:\GitHub\Locational-investment-signals\Two node models\225a\"
    SysDir "C:\Program Files\GAMS-35\"
    LogOption 3
    ErrMsg 1
    ErrorLog 99
    IDE 1
    LstTitleLeftAligned 1
Licensee: GAMS Community License for Anselm Eicke        G210709|0002AO-GEN
          Hertie School of Governance GmbH                           CL1515
          C:\Program Files\GAMS-35\gamslice.txt
          Anselm Eicke, eicke@hertie-school.org                            
          Community license for demonstration and instructional purposes only
GAMS 35.2.0   Copyright (C) 1987-2021 GAMS Development. All rights reserved
--- Starting compilation
--- without_instrument.gms(72) 3 Mb
--- GDXin=C:\GitHub\Locational-investment-signals\Two node models\Input/in.gdx
--- GDX File ($gdxIn) C:\GitHub\Locational-investment-signals\Two node models\Input/in.gdx
--- without_instrument.gms(75) 3 Mb
--- GDXin=C:\GitHub\Locational-investment-signals\Two node models\Input/load.gdx
--- GDX File ($gdxIn) C:\GitHub\Locational-investment-signals\Two node models\Input/load.gdx
--- without_instrument.gms(78) 3 Mb
--- GDXin=C:\GitHub\Locational-investment-signals\Two node models\Input/avail.gdx
--- GDX File ($gdxIn) C:\GitHub\Locational-investment-signals\Two node models\Input/avail.gdx
--- without_instrument.gms(302) 3 Mb
--- Starting execution: elapsed 0:00:00.023
--- without_instrument.gms(98) 4 Mb
*** Error at line 98: division by zero (0)
--- without_instrument.gms(269) 4 Mb 1 Error
--- Generating MIQCP model LOCI
*** SOLVE aborted
--- without_instrument.gms(269) 4 Mb 1 Error
*** Status: Execution error(s)
--- Job without_instrument.gms Stop 03/25/22 08:06:54 elapsed 0:00:00.024
