--- Job with_wrong_instrument.gms Start 03/14/22 16:51:18 30.3.0 rc5da09e WEX-WEI x86 64bit/MS Windows
--- GAMS Parameters defined
    Input C:\Users\a.eicke\Documents\Locational-investment-signals\Two node models\with_wrong_instrument.gms
    PageSize 0
    ScrDir C:\Users\a.eicke\Documents\Locational-investment-signals\Two node models\225c\
    SysDir C:\GAMS\win64\30.3\
    LogOption 3
    ErrMsg 1
    ErrorLog 99
    IDE 1
    LstTitleLeftAligned 1
GAMS 30.3.0   Copyright (C) 1987-2020 GAMS Development. All rights reserved
Licensee: Small MUD - 5 User License                     S190305:0326AO-WIN
          Hertie School of Governance GmbH, Governance of DigitalizaDC14808
--- Starting compilation
--- with_wrong_instrument.gms(30) 3 Mb
--- GDXin=C:\Users\a.eicke\Documents\Locational-investment-signals\Two node models\Output/with_instrument.gdx
--- with_wrong_instrument.gms(89) 3 Mb
--- GDXin=C:\Users\a.eicke\Documents\Locational-investment-signals\Two node models\in.gdx
--- with_wrong_instrument.gms(92) 3 Mb
--- GDXin=C:\Users\a.eicke\Documents\Locational-investment-signals\Two node models\load.gdx
--- with_wrong_instrument.gms(95) 3 Mb
--- GDXin=C:\Users\a.eicke\Documents\Locational-investment-signals\Two node models\avail.gdx
--- with_wrong_instrument.gms(310) 3 Mb
--- Starting execution: elapsed 0:00:00.021
--- with_wrong_instrument.gms(279) 4 Mb
--- Generating MIQCP model LOCI
--- with_wrong_instrument.gms(282) 6 Mb
---   969 rows  735 columns  2,685 non-zeroes
---   178 nl-code  28 nl-non-zeroes
---   196 discrete-columns
--- with_wrong_instrument.gms(282) 4 Mb
--- Executing CPLEX: elapsed 0:00:00.038

IBM ILOG CPLEX   30.3.0 rc5da09e Released Mar 06, 2020 WEI x86 64bit/MS Window
--- GAMS/Cplex licensed for continuous and discrete problems.
Cplex 12.10.0.0

The search will stop after 65000000 nodes.
Reading data...
Starting Cplex...
Space for names approximately 0.05 Mb
Use option 'names no' to turn use of names off
Version identifier: 12.10.0.0 | 2019-11-26 | 843d4de2ae
CPXPARAM_Advance                                 0
CPXPARAM_Threads                                 1
CPXPARAM_Parallel                                1
CPXPARAM_MIP_Display                             4
CPXPARAM_Simplex_Limits_Iterations               2000000000
CPXPARAM_MIP_Limits_Nodes                        65000000
CPXPARAM_TimeLimit                               150000
CPXPARAM_Tune_TimeLimit                          30000
CPXPARAM_MIP_Tolerances_AbsMIPGap                0
CPXPARAM_MIP_Tolerances_MIPGap                   1.0000000000000001e-05
CPXPARAM_WorkDir                                 "C:\Users\a.eicke\Documents\Locational-investment-signals\Two node models\225c\"
Tried aggregator 2 times.
MIQP Presolve eliminated 310 rows and 82 columns.
MIQP Presolve modified 268 coefficients.
Aggregator did 26 substitutions.
Reduced MIQP has 633 rows, 624 columns, and 1899 nonzeros.
Reduced MIQP has 174 binaries, 0 generals, 0 SOSs, and 0 indicators.
Reduced MIQP objective Q matrix has 28 nonzeros.
Presolve time = 0.00 sec. (1.70 ticks)
Probing fixed 11 vars, tightened 145 bounds.
Probing time = 0.00 sec. (0.80 ticks)
Tried aggregator 1 time.
MIQP Presolve eliminated 21 rows and 11 columns.
MIQP Presolve modified 61 coefficients.
Reduced MIQP has 612 rows, 613 columns, and 1823 nonzeros.
Reduced MIQP has 163 binaries, 0 generals, 0 SOSs, and 0 indicators.
Reduced MIQP objective Q matrix has 28 nonzeros.
Presolve time = 0.00 sec. (0.77 ticks)
Classifier predicts products in MIQP should be linearized.
Probing fixed 7 vars, tightened 333 bounds.
Probing time = 0.00 sec. (1.11 ticks)
Clique table members: 136.
MIP emphasis: balance optimality and feasibility.
MIP search method: dynamic search.
Parallel mode: none, using 1 thread.
Tried aggregator 1 time.
QP Presolve eliminated 69 rows and 69 columns.
Aggregator did 130 substitutions.
Reduced QP has 413 rows, 414 columns, and 1377 nonzeros.
Reduced QP objective Q matrix has 28 nonzeros.
Presolve time = 0.00 sec. (0.50 ticks)
Parallel mode: none, using 1 thread for barrier

***NOTE: Found 6 dense columns.

Number of nonzeros in lower triangle of A*A' = 1963
Using Approximate Minimum Degree ordering
Total time for automatic ordering = 0.00 sec. (0.18 ticks)
Summary statistics for Cholesky factor:
  Rows in Factor            = 419
  Integer space required    = 1208
  Total non-zeros in factor = 5885
  Total FP ops to factor    = 123329
 Itn      Primal Obj        Dual Obj  Prim Inf Upper Inf  Dual Inf          
   0  -1.5876299e+08   4.4246431e+08  2.85e+05  2.35e+05  7.78e+05
   1  -2.8459002e+07   1.5623764e+08  1.21e+05  9.98e+04  3.31e+05
   2  -3.2710150e+06   4.7937777e+07  4.09e+04  3.37e+04  1.12e+05
   3   5.9444071e+04   8.6297681e+06  6.16e+03  5.08e+03  1.68e+04
   4   1.2705913e+05   6.0861578e+06  3.67e+03  3.02e+03  1.00e+04
   5   2.3337983e+05   1.1480852e+06  3.73e+02  3.07e+02  1.02e+03
   6   2.6542080e+05   5.0606182e+05  7.88e+01  6.48e+01  2.15e+02
   7   2.7984895e+05   3.6335190e+05  1.67e+01  1.38e+01  4.56e+01
   8   2.8576419e+05   3.2160011e+05  6.06e+00  4.98e+00  1.65e+01
   9   2.8614336e+05   3.1225665e+05  2.95e+00  2.43e+00  8.04e+00
  10   2.8833776e+05   2.9937771e+05  1.10e+00  9.07e-01  3.00e+00
  11   2.8908842e+05   2.9408443e+05  2.95e-01  2.43e-01  8.04e-01
  12   2.8951480e+05   2.9122587e+05  6.85e-02  5.63e-02  1.87e-01
  13   2.8969887e+05   2.9013932e+05  1.17e-02  9.66e-03  3.20e-02
  14   2.8975202e+05   2.8983191e+05  2.12e-03  1.74e-03  5.77e-03
  15   2.8976252e+05   2.8976922e+05  1.76e-04  1.45e-04  4.79e-04
  16   2.8976317e+05   2.8976483e+05  4.37e-05  3.59e-05  1.19e-04
  17   2.8976339e+05   2.8976340e+05  2.28e-07  1.85e-07  6.11e-07
  18   2.8976339e+05   2.8976339e+05  2.27e-09  1.13e-09  3.11e-09
  19   2.8976339e+05   2.8976339e+05  1.14e-09  2.97e-10  3.34e-11
Barrier time = 0.02 sec. (6.98 ticks)

QP crossover.
  Primal and Dual:  Fixing 240 variables.
  Primal:  Pushed 129, exchanged 83.
  Dual  :  Pushed 14, exchanged 63.

Iteration log . . .
Iteration:     1    Objective     =        289763.387771
Total crossover time = 0.02 sec. (5.28 ticks)

Total time on 1 threads = 0.03 sec. (12.80 ticks)
Root relaxation solution time = 0.03 sec. (12.81 ticks)

        Nodes                                         Cuts/
   Node  Left     Objective  IInf  Best Integer    Best Bound    ItCnt     Gap

      0     0   289763.3878   108                 289763.3878       21         
      0     0   289763.3878   108                   Cuts: 253      529         
      0     0   289763.3878   108                   Cuts: 226      824         
      0     0   289763.3878   108                   Cuts: 132     1003         
      0     0   289763.3878   108                    Cuts: 74     1123         
      0     0   289763.3878   108                    Cuts: 68     1175         
      0     0   289763.3878   108                    Cuts: 41     1209         
      0     2   289763.3878    65                 289763.3878     1209         
Elapsed time = 0.38 sec. (161.00 ticks, tree = 0.01 MB, solutions = 0)
     94    78   289002.6248    16                 289763.3878     6699         
                                                  Impl Bds: 8                  
    184   154   286484.2454    16                 289763.3878    12644         
                                                  Impl Bds: 1                  
    300   238   289530.6851    12                 289763.3878    17530         
    391   295   289329.3861    20                 289763.3878    22764         
    453   343    infeasible                       289763.3878    28361         
    576   414   289763.1603    17                 289763.3878    33983         
                                                  Impl Bds: 5                  
    659   477   287178.9372    14                 289763.3878    40994         
                                                      Cuts: 2                  
    720   512   289763.3878    16                 289763.3878    47764         
                                                  Impl Bds: 3                  
    784   564    infeasible                       289763.3878    53699         

Performing restart 1

Repeating presolve.
Tried aggregator 2 times.
MIQP Presolve eliminated 14 rows and 14 columns.
MIQP Presolve modified 183 coefficients.
Aggregator did 12 substitutions.
Reduced MIQP has 586 rows, 587 columns, and 1740 nonzeros.
Reduced MIQP has 156 binaries, 0 generals, 0 SOSs, and 0 indicators.
Reduced MIQP objective Q matrix has 28 nonzeros.
Presolve time = 0.00 sec. (1.27 ticks)
Tried aggregator 1 time.
MIQP Presolve eliminated 16 rows and 16 columns.
MIQP Presolve modified 82 coefficients.
Reduced MIQP has 570 rows, 571 columns, and 1696 nonzeros.
Reduced MIQP has 144 binaries, 0 generals, 0 SOSs, and 0 indicators.
Reduced MIQP objective Q matrix has 28 nonzeros.
Presolve time = 0.02 sec. (0.72 ticks)
Tried aggregator 1 time.
MIQP Presolve modified 98 coefficients.
Reduced MIQP has 570 rows, 571 columns, and 1696 nonzeros.
Reduced MIQP has 144 binaries, 0 generals, 0 SOSs, and 0 indicators.
Reduced MIQP objective Q matrix has 28 nonzeros.
Presolve time = 0.00 sec. (0.70 ticks)
Represolve time = 0.02 sec. (6.41 ticks)
Tried aggregator 1 time.
QP Presolve eliminated 24 rows and 0 columns.
Aggregator did 93 substitutions.
Reduced QP has 661 rows, 478 columns, and 2097 nonzeros.
Reduced QP objective Q matrix has 28 nonzeros.
Presolve time = 0.00 sec. (0.55 ticks)
Parallel mode: none, using 1 thread for barrier

***NOTE: Found 5 dense columns.

Number of nonzeros in lower triangle of A*A' = 4965
Using Approximate Minimum Degree ordering
Total time for automatic ordering = 0.00 sec. (0.40 ticks)
Summary statistics for Cholesky factor:
  Rows in Factor            = 666
  Integer space required    = 2671
  Total non-zeros in factor = 15497
  Total FP ops to factor    = 508003
 Itn      Primal Obj        Dual Obj  Prim Inf Upper Inf  Dual Inf          
   0  -6.7414173e+10   6.7785243e+10  3.33e+05  2.16e+05  4.22e+08
   1  -2.1210426e+10   2.1427157e+10  1.87e+05  1.21e+05  2.37e+08
   2  -1.0613709e+10   1.0819086e+10  1.32e+05  8.57e+04  1.68e+08
   3  -4.2692209e+08   4.7317727e+08  2.67e+04  1.73e+04  3.38e+07
   4  -9.3529238e+07   1.1796528e+08  1.26e+04  8.14e+03  1.59e+07
   5  -8.6822893e+06   1.7234290e+07  3.88e+03  2.51e+03  4.91e+06
   6  -1.2519601e+06   5.8300624e+06  1.55e+03  1.00e+03  1.96e+06
   7   1.3799947e+05   1.4365001e+06  2.93e+02  1.89e+02  3.71e+05
   8   1.8133575e+05   1.0210845e+06  1.67e+02  1.08e+02  2.11e+05
   9   1.9925104e+05   7.6453488e+05  1.03e+02  6.64e+01  1.30e+05
  10   2.5932935e+05   7.7068457e+05  1.02e+02  6.63e+01  1.30e+05
  11   2.6612388e+05   6.2770231e+05  4.51e+01  2.92e+01  5.71e+04
  12   2.8188664e+05   3.5727431e+05  8.35e+00  5.40e+00  1.06e+04
  13   2.8558462e+05   3.2691545e+05  3.98e+00  2.58e+00  5.05e+03
  14   2.8645017e+05   3.1235541e+05  4.70e-01  3.04e-01  5.96e+02
  15   2.8830765e+05   2.9942481e+05  1.67e-01  1.08e-01  2.12e+02
  16   2.8910421e+05   2.9455756e+05  3.51e-02  2.27e-02  4.45e+01
  17   2.8941660e+05   2.9214446e+05  1.26e-02  8.15e-03  1.60e+01
  18   2.8968862e+05   2.9024720e+05  1.77e-03  1.15e-03  2.25e+00
  19   2.8973468e+05   2.8996067e+05  7.17e-04  4.64e-04  9.09e-01
  20   2.8975848e+05   2.8979812e+05  1.24e-04  7.99e-05  1.57e-01
  21   2.8976279e+05   2.8976848e+05  1.72e-05  1.11e-05  2.18e-02
  22   2.8976324e+05   2.8976471e+05  4.44e-06  2.86e-06  5.61e-03
  23   2.8976339e+05   2.8976341e+05  5.73e-08  2.87e-08  5.61e-05
  24   2.8976339e+05   2.8976339e+05  1.66e-07  3.30e-10  3.54e-07
  25   2.8976339e+05   2.8976339e+05  1.74e-07  6.25e-11  2.14e-09
Barrier time = 0.05 sec. (18.32 ticks)

QP crossover.
  Primal and Dual:  Fixing 252 variables.
  Primal:  Pushed 99, exchanged 139.
  Dual  :  Pushed 10, exchanged 119.

Iteration log . . .
Iteration:     1    Objective     =        289763.387771
Total crossover time = 0.02 sec. (7.57 ticks)

Total time on 1 threads = 0.06 sec. (26.49 ticks)
    938     0   289763.3878    85                   Cuts: 242    65055         
    938     0   289763.3878    85                   Cuts: 114    65113         
    938     0   289763.3878    85                    Cuts: 56    65187         
    938     0   289763.3878    85                    Cuts: 37    65229         
    938     0   289763.3878    85                    Cuts: 44    65253         
    938     0   289763.3878    85                    Cuts: 20    65273         
    938     0   289763.3878    85                    Cuts: 13    65285         
    938     0   289763.3878    85                  MIRcuts: 1    65287         
   1006    70   288634.6871    18                 289763.3878    66824         
Elapsed time = 6.17 sec. (3329.31 ticks, tree = 0.03 MB, solutions = 0)
   1428   399   289696.7475    26                 289763.3878    84916         

Performing restart 2

Repeating presolve.
Tried aggregator 2 times.
MIQP Presolve eliminated 6 rows and 6 columns.
Aggregator did 6 substitutions.
Reduced MIQP has 558 rows, 559 columns, and 1683 nonzeros.
Reduced MIQP has 144 binaries, 0 generals, 0 SOSs, and 0 indicators.
Reduced MIQP objective Q matrix has 28 nonzeros.
Presolve time = 0.00 sec. (1.20 ticks)
Tried aggregator 1 time.
Reduced MIQP has 558 rows, 559 columns, and 1683 nonzeros.
Reduced MIQP has 144 binaries, 0 generals, 0 SOSs, and 0 indicators.
Reduced MIQP objective Q matrix has 28 nonzeros.
Presolve time = 0.00 sec. (0.69 ticks)
Represolve time = 0.01 sec. (4.29 ticks)
Tried aggregator 1 time.
QP Presolve eliminated 6 rows and 0 columns.
Aggregator did 92 substitutions.
Reduced QP has 559 rows, 467 columns, and 1954 nonzeros.
Reduced QP objective Q matrix has 28 nonzeros.
Presolve time = 0.00 sec. (0.49 ticks)
Parallel mode: none, using 1 thread for barrier

***NOTE: Found 9 dense columns.

Number of nonzeros in lower triangle of A*A' = 3251
Using Approximate Minimum Degree ordering
Total time for automatic ordering = 0.00 sec. (0.35 ticks)
Summary statistics for Cholesky factor:
  Rows in Factor            = 568
  Integer space required    = 2092
  Total non-zeros in factor = 11800
  Total FP ops to factor    = 353946
 Itn      Primal Obj        Dual Obj  Prim Inf Upper Inf  Dual Inf          
   0  -7.6553132e+10   7.6768662e+10  2.66e+05  1.98e+05  4.93e+08
   1  -1.3071298e+10   1.3166825e+10  1.10e+05  8.17e+04  2.04e+08
   2  -3.0074668e+08   3.1778847e+08  1.67e+04  1.24e+04  3.10e+07
   3  -2.8368323e+07   3.5227790e+07  5.16e+03  3.83e+03  9.55e+06
   4  -1.0021178e+07   1.4973483e+07  3.08e+03  2.29e+03  5.71e+06
   5  -1.4681915e+05   2.0593174e+06  5.97e+02  4.43e+02  1.11e+06
   6   1.9204127e+05   9.7395583e+05  2.50e+02  1.86e+02  4.64e+05
   7   2.7504494e+05   4.3761082e+05  4.46e+01  3.31e+01  8.27e+04
   8   2.8487980e+05   3.3812401e+05  1.22e+01  9.03e+00  2.25e+04
   9   2.8693251e+05   3.1743823e+05  5.95e+00  4.42e+00  1.10e+04
  10   2.8823735e+05   3.0278985e+05  2.01e+00  1.49e+00  3.73e+03
  11   2.8911286e+05   2.9514101e+05  3.79e-01  2.82e-01  7.03e+02
  12   2.8948176e+05   2.9175907e+05  7.32e-02  5.44e-02  1.36e+02
  13   2.8970661e+05   2.9014068e+05  6.32e-03  4.70e-03  1.17e+01
  14   2.8975029e+05   2.8985209e+05  1.46e-03  1.09e-03  2.71e+00
  15   2.8976166e+05   2.8977548e+05  1.93e-04  1.44e-04  3.58e-01
  16   2.8976318e+05   2.8976511e+05  2.62e-05  1.94e-05  4.85e-02
  17   2.8976337e+05   2.8976359e+05  2.90e-06  2.15e-06  5.36e-03
  18   2.8976339e+05   2.8976339e+05  1.03e-07  1.46e-08  3.63e-05
  19   2.8976339e+05   2.8976339e+05  8.55e-08  1.66e-10  2.06e-07
Barrier time = 0.03 sec. (11.39 ticks)

QP crossover.
  Primal and Dual:  Fixing 233 variables.
  Primal:  Pushed 100, exchanged 124.
  Dual  :  Pushed 8, exchanged 104.

Iteration log . . .
Iteration:     1    Objective     =        289763.387771
Total crossover time = 0.02 sec. (6.52 ticks)

Total time on 1 threads = 0.05 sec. (18.46 ticks)
   1876     0   289763.3878    61                   Cuts: 239    96446         
   1876     0   289763.3878    61                   Cuts: 102    96486         
   1876     0   289763.3878    61                    Cuts: 30    96504         
   1876     0   289763.3878    61                    Cuts: 18    96516         
   1876     0   289763.3878    61                  MIRcuts: 8    96524         
   1876     0   289763.3878    61                    Cuts: 46    96538         
   1876     0   289763.3878    61                    Cuts: 24    96556         

Repeating presolve.
Tried aggregator 1 time.
Reduced MIQP has 558 rows, 559 columns, and 1683 nonzeros.
Reduced MIQP has 144 binaries, 0 generals, 0 SOSs, and 0 indicators.
Reduced MIQP objective Q matrix has 28 nonzeros.
Presolve time = 0.00 sec. (0.69 ticks)
Tried aggregator 1 time.
Reduced MIQP has 558 rows, 559 columns, and 1683 nonzeros.
Reduced MIQP has 144 binaries, 0 generals, 0 SOSs, and 0 indicators.
Reduced MIQP objective Q matrix has 28 nonzeros.
Presolve time = 0.00 sec. (0.69 ticks)
Represolve time = 0.03 sec. (4.29 ticks)
Tried aggregator 1 time.
QP Presolve eliminated 3 rows and 0 columns.
Aggregator did 104 substitutions.
Reduced QP has 530 rows, 455 columns, and 1806 nonzeros.
Reduced QP objective Q matrix has 28 nonzeros.
Presolve time = 0.00 sec. (0.48 ticks)
Parallel mode: none, using 1 thread for barrier

***NOTE: Found 8 dense columns.

Number of nonzeros in lower triangle of A*A' = 2907
Using Approximate Minimum Degree ordering
Total time for automatic ordering = 0.00 sec. (0.32 ticks)
Summary statistics for Cholesky factor:
  Rows in Factor            = 538
  Integer space required    = 1837
  Total non-zeros in factor = 9981
  Total FP ops to factor    = 259513
 Itn      Primal Obj        Dual Obj  Prim Inf Upper Inf  Dual Inf          
   0  -6.5185726e+07   1.6169664e+08  2.38e+05  1.65e+05  5.08e+05
   1  -9.3092173e+06   5.1501999e+07  9.20e+04  6.39e+04  1.97e+05
   2   7.5961171e+04   6.0242062e+06  1.07e+04  7.40e+03  2.28e+04
   3   2.5980974e+05   1.3237570e+06  1.68e+03  1.16e+03  3.57e+03
   4   2.7382518e+05   6.5384285e+05  5.04e+02  3.47e+02  1.07e+03
   5   2.8349707e+05   3.8013839e+05  1.00e+02  6.90e+01  2.12e+02
   6   2.8669659e+05   3.3392122e+05  4.53e+01  3.12e+01  9.58e+01
   7   2.8711431e+05   3.1287563e+05  1.10e+01  7.56e+00  2.32e+01
   8   2.8852912e+05   3.0001612e+05  4.32e+00  2.98e+00  9.15e+00
   9   2.8928578e+05   2.9353393e+05  1.17e+00  8.06e-01  2.48e+00
  10   2.8957644e+05   2.9110195e+05  2.70e-01  1.86e-01  5.72e-01
  11   2.8971079e+05   2.9013205e+05  5.32e-02  3.66e-02  1.13e-01
  12   2.8975023e+05   2.8985902e+05  1.36e-02  9.38e-03  2.88e-02
  13   2.8976218e+05   2.8977226e+05  1.20e-03  8.28e-04  2.54e-03
  14   2.8976327e+05   2.8976438e+05  1.26e-04  8.68e-05  2.67e-04
  15   2.8976339e+05   2.8976342e+05  2.96e-06  2.03e-06  6.25e-06
  16   2.8976339e+05   2.8976339e+05  1.55e-07  1.07e-08  3.25e-08
  17   2.8976339e+05   2.8976339e+05  2.21e-07  1.60e-10  1.66e-10
Barrier time = 0.03 sec. (9.11 ticks)

QP crossover.
  Primal and Dual:  Fixing 229 variables.
  Primal:  Pushed 110, exchanged 109.
  Dual  :  Pushed 8, exchanged 89.

Iteration log . . .
Iteration:     1    Objective     =        289763.387771
Total crossover time = 0.01 sec. (6.01 ticks)

Total time on 1 threads = 0.05 sec. (15.65 ticks)
   1876     0   289763.3878    69                   Cuts: 239    96753         
   1876     0   289763.3878    69                   Cuts: 109    96819         
   1876     0   289763.3878    69                    Cuts: 40    96863         
   1876     0   289763.3878    69                    Cuts: 28    96883         
   1876     0   289763.3878    69                    Cuts: 10    96905         
   1876     0   289763.3878    69                  MIRcuts: 1    96907         
   1876     2   289763.3878    68                 289730.3185    96907         
   2016   108   288517.4573    39                 289730.3185   103216         
   2187   245   289598.2028    48                 289730.3185   110270         
   2422   390    infeasible                       289730.3185   121204         
   2716   634   289689.0597    13                 289730.3185   130370         
   3061   898   289689.0597    19                 289730.3185   143482         
   3485  1262   289749.2575    23                 289730.3185   153718         
   3876  1579   289667.1556    22                 289730.3185   166256         
   4354  1935   289749.2575    29                 289730.3185   179509         
Elapsed time = 23.72 sec. (13898.03 ticks, tree = 0.79 MB, solutions = 0)
   4790  2239   287086.1305    19                 289730.3185   197532         
   5355  2627    infeasible                       289730.3185   218779         
   6159  3298   286777.8706     2                 289730.3185   237538         
   6759  3741   289670.3913    26                 289730.3185   257963         
   7312  4213   289309.5474     5                 289730.3185   271216         
   7863  4609    infeasible                       289730.3185   289349         
   8487  5077   289730.5539    21                 289730.3185   309121         
   8862  5340   289322.7101    17                 289730.3185   327741         
   9244  5610   289262.7100    16                 289730.3185   344508         
   9633  5885   289667.1556    23                 289730.3185   360954         
Elapsed time = 41.19 sec. (23461.72 ticks, tree = 2.46 MB, solutions = 0)
  10329  6479   289614.7150    12                 289730.3185   377078         
  10893  6838   289560.3447    13                 289730.3185   398617         
  11366  7132    infeasible                       289730.3185   422497         
  11992  7575   289745.6854    22                 289730.3185   444317         
  12829  8287   289742.9687    16                 289730.3185   461498         
  13642  8978   289519.0520    15                 289730.3185   479128         
  14368  9596    infeasible                       289730.3185   496929         
  14867  9953   289174.2499    21                 289730.3185   521811         
  15188 10130   289431.5897     9                 289730.3185   546261         
  15876 10678   289688.4807    19                 289730.3185   567877         
Elapsed time = 60.30 sec. (33012.43 ticks, tree = 4.55 MB, solutions = 0)
  16643 11281    infeasible                       289730.3185   589847         
  17481 11916   289629.0128     3                 289730.3185   613330         
  18322 12563   288864.1364    11                 289730.3185   635787         
  19203 13247    infeasible                       289730.3185   657757         
  19875 13703   289608.2391     9                 289730.3185   678354         
  20635 14233   289346.5012    12                 289730.3185   699936         
  21199 14593   289741.3581    11                 289730.3185   722427         
  21679 14865    infeasible                       289730.3185   743366         
  22148 15168   288106.4887     6                 289730.3185   761749         
  22625 15557   287282.3176    17                 289730.3185   779988         
Elapsed time = 77.22 sec. (42568.95 ticks, tree = 6.36 MB, solutions = 0)
  23032 15771   289512.0456    10                 289730.3185   802548         
  23731 16293    infeasible                       289730.3185   826262         
  24247 16627    infeasible                       289730.3185   848198         
  24876 17077   288726.0136     7                 289730.3185   870500         
  25123 17027   288864.1364     8                 289730.3185   902120         
  25436 17104    infeasible                       289730.3185   928070         
  25765 17193    infeasible                       289730.3185   957781         
  26098 17290   289327.2706     8                 289730.3185   984033         
  26374 17332    infeasible                       289730.3185  1011714         
  26683 17415   289327.2706     8                 289730.3185  1037468         
Elapsed time = 93.64 sec. (52130.84 ticks, tree = 7.73 MB, solutions = 0)
  27047 17515    infeasible                       289730.3185  1066010         
  27469 17695    infeasible                       289730.3185  1092058         
  27932 17919    infeasible                       289730.3185  1116668         
  28300 18052   289629.0128     4                 289730.3185  1142627         
  28707 18267   289327.2706     9                 289730.3185  1164842         
  29111 18391    infeasible                       289730.3185  1193451         
  29526 18543   288864.1364    10                 289730.3185  1222719         
  29857 18618   289327.2706     9                 289730.3185  1253050         
  30394 18906   289327.2706    10                 289730.3185  1276068         
  30760 19024   285636.8657    11                 289730.3185  1301403         
Elapsed time = 110.19 sec. (61697.17 ticks, tree = 8.33 MB, solutions = 0)
  31161 19137    infeasible                       289730.3185  1329850         
  31524 19254   289153.8504     7                 289730.3185  1357160         
  31880 19405   289282.5375     8                 289730.3185  1381535         
  32375 19688    infeasible                       289730.3185  1402669         
  32792 19857   289327.2706    11                 289730.3185  1432056         
  33253 20072   289629.0128     4                 289730.3185  1457043         
  33822 20424   289327.2706    10                 289730.3185  1478424         
  34267 20615   289282.5375     7                 289730.3185  1503159         
  34631 20714    infeasible                       289730.3185  1530335         
  35168 21037    infeasible                       289730.3185  1551411         
Elapsed time = 127.09 sec. (71257.33 ticks, tree = 9.08 MB, solutions = 0)
  35709 21334    infeasible                       289730.3185  1576551         
  36209 21560   289282.5375     8                 289730.3185  1601265         
  36623 21738    infeasible                       289730.3185  1625657         
  37031 21877   289327.2706    10                 289730.3185  1653521         
  37548 22160   288726.0136     6                 289730.3185  1677137         
  38055 22391   288726.0136    11                 289730.3185  1702585         
  38672 22754   289282.5375     7                 289730.3185  1727615         
  39210 23035   285385.7871     7                 289730.3185  1751153         
  39634 23219    infeasible                       289730.3185  1776871         
  40277 23605   289327.2706    11                 289730.3185  1800651         
Elapsed time = 143.61 sec. (80823.25 ticks, tree = 10.04 MB, solutions = 0)
  40834 23903    infeasible                       289730.3185  1824212         
  41349 24186    infeasible                       289730.3185  1848070         
  41897 24505    infeasible                       289730.3185  1868869         
  42381 24744   289327.2706     9                 289730.3185  1891794         
  42906 25042   289741.3581     8                 289730.3185  1914847         
  43433 25360    infeasible                       289730.3185  1936561         
  43947 25655    infeasible                       289730.3185  1957668         
  44345 25846   289153.8504    10                 289730.3185  1981779         
  44906 26214   289282.5375     6                 289730.3185  2000992         
  47122 27606   289492.2628    13                 289730.3185  2083535         
Elapsed time = 164.84 sec. (93235.81 ticks, tree = 11.52 MB, solutions = 0)
  49019 28830   288919.1230     6                 289730.3185  2162071         
  50676 29964   288919.1230     7                 289730.3185  2230315         
  51735 30186   288172.3116     8                 289730.3185  2347750         
  53469 31339   289424.7731    19                 289730.3185  2421684         
  55464 32557   288917.5643     4                 289730.3185  2521622         
  57178 33244    infeasible                       289730.3185  2627074         
  58941 34275   287204.4429     9                 289726.8506  2724109         
  61218 35501    infeasible                       289724.5206  2835870         
  63389 36915   288763.4886    20                 289723.9102  2927746         
  66467 39220    infeasible                       289723.6883  3032166         
Elapsed time = 230.86 sec. (131408.34 ticks, tree = 17.14 MB, solutions = 0)
  69483 41496    infeasible                       289723.6883  3128871         
  72822 44077   286437.2024    15                 289723.6883  3234079         
  76475 46902   289628.9691    17                 289723.6883  3338077         
  79476 49188   284938.3912    17                 289723.6883  3431532         
  82032 51138   289645.8849    11                 289723.4323  3518511         
  84154 52638   289096.7180    25                 289723.4323  3615724         
  86152 53910   287487.5630    16                 289723.2120  3712178         
  87966 54992    infeasible                       289723.2120  3808012         
  90096 56225    infeasible                       289723.1150  3917607         
  92772 58017   289597.8894    13                 289723.1150  4018490         
Elapsed time = 295.56 sec. (169570.14 ticks, tree = 23.99 MB, solutions = 0)
  95825 60033   289150.0849     8                 289723.0871  4126615         
  98692 61800   289707.5631     9                 289723.0871  4246630         
 102069 64203   289087.1458    17                 289723.0871  4351944         
 104333 65451   289242.2598     8                 289722.7351  4462095         
 106108 66155    infeasible                       289722.7351  4576834         
 108263 67282    infeasible                       289722.7351  4688260         
 110373 68363    infeasible                       289722.7351  4809556         
 112107 69099    infeasible                       289722.7351  4932099         
 114434 70368   289207.3854     5                 289722.7351  5051970         
 116570 71487   289495.7083    16                 289722.7351  5163407         
Elapsed time = 359.66 sec. (207731.66 ticks, tree = 31.77 MB, solutions = 0)
 118643 72504   289242.2598     6                 289722.7351  5276595         
 120770 73590   288761.7033     7                 289722.7351  5396376         
 123794 75390    infeasible                       289722.7351  5506548         
 126158 76753   288287.3188    29                 289722.2832  5608846         
 127974 77858   288878.0154    15                 289721.6392  5710740         
 129920 79070   289141.7951    30                 289719.5952  5812460         
 132146 80422    infeasible                       289717.5942  5918676         
 133838 81180   285787.4336    25                 289717.1303  6033622         
 135651 82356   288859.7602    20                 289716.2939  6128549         
 137725 83601    infeasible                       289715.7361  6230659         
Elapsed time = 425.69 sec. (245900.17 ticks, tree = 36.23 MB, solutions = 0)
 139930 85068   285176.3728    13                 289715.2839  6331289         
 141748 85883   288583.7718    22                 289712.1051  6438780         
 143496 86902   286279.9846    12                 289711.1548  6541188         
 145286 87902   289530.7216     8                 289710.2326  6647785         
 147104 88920    infeasible                       289709.1744  6748628         
 148575 89625    infeasible                       289708.3251  6856937         
 149790 90068    infeasible                       289707.5631  6979013         
 151212 90465    infeasible                       289707.5631  7095754         
 152610 90732   289452.4287    11                 289707.5631  7222344         
 154133 91240    infeasible                       289707.5631  7349172         
Elapsed time = 491.16 sec. (284086.31 ticks, tree = 39.03 MB, solutions = 0)
 155518 91757   289654.6233    23                 289705.6812  7454660         
 157170 92668    infeasible                       289704.8329  7548052         
 159209 93895    infeasible                       289703.6322  7636822         
 160892 94548    infeasible                       289702.6281  7761275         
 163101 95943   289194.8105    21                 289702.6281  7881102         
 165225 97312   289609.2424     3                 289701.9245  7982010         
 167066 98376    infeasible                       289701.8931  8088943         
 168549 98780    infeasible                       289701.8875  8212245         
 170055 99476    infeasible                       289701.8875  8330563         
 171992 100618   284707.4680    17                 289701.5765  8433033         
Elapsed time = 555.66 sec. (322253.03 ticks, tree = 42.44 MB, solutions = 0)
 173260 101146    infeasible                       289701.4816  8558495         
 174419 101524   288671.3925    14                 289701.4816  8685623         
 175596 102000    infeasible                       289701.2603  8803249         
 176862 102414   289483.4401     9                 289698.6782  8916695         
 179487 104052    infeasible                       289696.2063  9015130         
 181583 105199   289673.3364     5                 289693.5513  9108378         
 182921 105672    infeasible                       289693.5277  9238220         
 184384 106335   288861.5644     9                 289693.5277  9356365         
 186165 107258   288024.0670    13                 289693.5277  9466228         
 187965 108184   285481.4011     9                 289693.5277  9577989         
Elapsed time = 620.81 sec. (360441.98 ticks, tree = 45.22 MB, solutions = 0)
 189660 109031   288638.5328     6                 289693.5277  9686544         
 191387 109863   289693.5277    11                 289693.5277  9800986         
 192940 110396   285254.3621    12                 289692.6484  9905872         
 194589 111124   289691.9773    22                 289691.9773 10014570         
 196131 111793    infeasible                       289691.1218 10117101         
 197418 112318    infeasible                       289690.2096 10231367         
 199590 113615    infeasible                       289689.0955 10339637         
 202502 115706   289031.0585    22                 289689.0955 10438676         
 204366 116884   289681.3960    10                 289689.0597 10540602         
                                                  Flowcuts: 5                  
 206315 118033   289583.2566    26                 289688.6697 10638696         
Elapsed time = 686.19 sec. (398604.67 ticks, tree = 48.83 MB, solutions = 0)
 208137 119040   289688.4082    17                 289688.4807 10743841         
 210770 120750    infeasible                       289688.4082 10834137         
                                                   MIRcuts: 2                  
 212243 121340    infeasible                       289687.7166 10930707         
 213680 122000   289466.4646    11                 289687.3824 11037477         
 215113 122533   287620.0917     7                 289687.3824 11147520         
 216857 123415    infeasible                       289687.3824 11257734         
 218583 124305    infeasible                       289687.3824 11367235         
 220130 125101   289316.4023     8                 289687.3824 11473828         
 222048 126208    infeasible                       289687.3824 11576382         
 223517 126836   289651.3907    25                 289687.2579 11693316         
Elapsed time = 752.13 sec. (436774.31 ticks, tree = 52.06 MB, solutions = 0)
 225181 127635   286747.1313    11                 289685.9420 11806577         
 226544 128125   288913.4282    21                 289684.5760 11913470         
                                                   MIRcuts: 4                  
 228696 129422   287725.2170     7                 289684.2357 12022695         
 230830 130789    infeasible                       289683.5936 12116860         
 232299 130992    infeasible                       289683.4291 12261292         
 233363 130943    infeasible                       289683.4291 12409646         
 234681 131412    infeasible                       289683.3198 12517029         
 235990 131709    infeasible                       289682.2359 12634411         
 236899 131326   284129.0472    22                 289682.0219 12758169         
 238396 132015    infeasible                       289680.9928 12866016         
Elapsed time = 816.33 sec. (474941.49 ticks, tree = 56.92 MB, solutions = 0)
 240302 133273   289074.4299    13                 289680.9928 12960729         
                                                      Cuts: 5                  
 242749 135005   287765.7644    16                 289680.9928 13064645         
 244812 136439   289680.9928    22                 289680.9928 13158239         
                                                  Flowcuts: 1                  
 246270 137155   286715.1236    13                 289680.4783 13265659         
 247439 136747    infeasible                       289680.1169 13412263         
 248862 137391   285108.8799    17                 289680.0032 13507801         
                                                  Flowcuts: 2                  
 250420 138144   287507.1680    16                 289679.4209 13609726         
 252199 138971    infeasible                       289679.3205 13714317         
 254289 140270    infeasible                       289679.1056 13809526         
 256375 140678   287554.6811    19                 289679.0856 13916285         
Elapsed time = 881.56 sec. (513110.13 ticks, tree = 60.09 MB, solutions = 0)
 257864 141282    infeasible                       289678.2063 14030101         
 259678 142274   289677.9337    15                 289677.9337 14142482         
 260978 142747   287562.6272    18                 289677.2322 14256570         
 262554 143176    infeasible                       289676.5481 14360313         
 264735 144170   286444.7925    11                 289676.5481 14474033         
 267085 145469   286444.7925    12                 289676.5481 14578167         
 269096 146601   289556.9616    11                 289675.8253 14675731         
 271025 147593    infeasible                       289674.9037 14778932         
 272604 148425   287507.1680    14                 289674.9037 14866299         
 274381 149332    infeasible                       289674.6443 14973032         
Elapsed time = 948.47 sec. (551275.16 ticks, tree = 63.25 MB, solutions = 0)
 276071 150217    infeasible                       289673.6379 15073061         
 277032 149990    infeasible                       289673.3364 15241697         
 278093 150298   289132.4440    14                 289672.3925 15371928         
 279409 150889    infeasible                       289672.3925 15498762         
 280747 151471   289198.5901    21                 289672.3925 15615958         
 282172 152134   289477.4388    17                 289671.4070 15726578         
 284113 153019   289670.4317    14                 289670.4317 15830862         
 286631 154615   286422.9160    15                 289669.9607 15951607         
 289065 156213    infeasible                       289669.9607 16073747         
 291486 157846    infeasible                       289669.9607 16191027         
Elapsed time = 1012.48 sec. (589435.68 ticks, tree = 68.05 MB, solutions = 0)
 293685 159292    infeasible                       289669.9607 16308102         
 295687 160566    infeasible                       289669.9530 16424169         
 297476 161400   289609.3258    11                 289669.0634 16527744         
 299692 162760    infeasible                       289669.0634 16626313         
 301671 163922   289372.1550    13                 289668.8081 16734343         
 303805 165228   289176.7455    16                 289668.8081 16848503         
 305697 166225    infeasible                       289668.7534 16970540         
 306758 166244    infeasible                       289668.7534 17100176         
 307930 166521   284579.4486    14                 289668.7534 17217741         
 309042 166907   287068.7470    17                 289668.7534 17329528         
Elapsed time = 1078.58 sec. (627605.84 ticks, tree = 71.37 MB, solutions = 0)
 309994 167298    infeasible                       289668.7534 17445683         
 311442 167757    infeasible                       289667.9471 17568623         
 313021 168160   289547.3613    13                 289667.6916 17675292         
 314786 168698   289442.6054    10                 289667.6916 17774674         
 316397 169313    infeasible                       289667.1556 17879928         
 318572 170696   287910.1866    16                 289667.1556 17982566         
 320433 171783   289582.0335    24                 289667.1556 18080012         
 322374 173019   289667.0181    24                 289667.0181 18171782         
 323950 173980   289666.5800    23                 289666.7370 18266756         
 325555 174811    infeasible                       289666.2303 18379601         
Elapsed time = 1145.69 sec. (665774.30 ticks, tree = 74.26 MB, solutions = 0)
 326991 175118    infeasible                       289665.1211 18499071         
 327822 175141    infeasible                       289664.9937 18636703         
 328803 175157    infeasible                       289664.9937 18759279         
 329884 175412    infeasible                       289664.9937 18879781         
 331276 175837   289038.8137     9                 289664.9937 18992102         
 333365 177388   288812.7672     4                 289664.9937 19066190         
 336000 179559   289614.3475    25                 289664.9937 19137551         
 337672 180551    infeasible                       289664.9473 19242007         
 338640 180617   289664.9473     7                 289664.9473 19361637         
 339698 180778   289563.2532    16                 289664.6147 19480015         
Elapsed time = 1210.31 sec. (703954.88 ticks, tree = 76.43 MB, solutions = 0)
*340153 25934      integral     0   289580.1441   289664.4732 19492595    0.03%
Found incumbent of value 289580.144125 after 1212.13 sec. (704884.12 ticks)
 341076 26388   289649.0133    10   289580.1441   289663.8816 19503436    0.03%
 341976 26659   289663.6602    13   289580.1441   289663.6602 19519329    0.03%
 342776 26917   289649.0133    11   289580.1441   289663.6591 19527612    0.03%
 343876 26620   289662.0190    15   289580.1441   289662.0190 19552537    0.03%
 344876 26772   289596.7850    14   289580.1441   289661.0694 19575608    0.03%
 346167 26697   289660.2002    20   289580.1441   289660.2002 19616384    0.03%
 346865 26686        cutoff         289580.1441   289660.0836 19636288    0.03%
 350858 27608   289658.2257    10   289580.1441   289658.2257 19716950    0.03%
 355203 28727        cutoff         289580.1441   289658.1112 19804178    0.03%
 359139 29264   289606.3857    18   289580.1441   289656.1980 19879865    0.03%
Elapsed time = 1272.92 sec. (743590.23 ticks, tree = 20.97 MB, solutions = 1)
 363156 30453   289655.6276    17   289580.1441   289655.6276 19963062    0.03%
 367530 30680   289655.1336     6   289580.1441   289655.1336 20034861    0.03%
 370998 30744        cutoff         289580.1441   289654.5127 20098991    0.03%
 374435 31260   289627.2707    24   289580.1441   289653.7154 20185037    0.03%
 378734 31774   289651.3452    14   289580.1441   289651.3452 20243556    0.02%
 382490 30704   289649.0133     9   289580.1441   289649.0133 20305935    0.02%
 386751 31808        cutoff         289580.1441   289647.1653 20357480    0.02%
 390276 31474   289646.8189    15   289580.1441   289646.8189 20414083    0.02%
 394697 31694        cutoff         289580.1441   289645.6249 20483463    0.02%
 398331 30544        cutoff         289580.1441   289643.3288 20544294    0.02%
Elapsed time = 1335.09 sec. (781971.67 ticks, tree = 21.45 MB, solutions = 1)
 402012 29363        cutoff         289580.1441   289641.9001 20598674    0.02%
 405776 28848        cutoff         289580.1441   289640.0869 20679485    0.02%
 409036 28250   289633.8177    11   289580.1441   289637.9061 20760036    0.02%
 412047 28565        cutoff         289580.1441   289636.9740 20825593    0.02%
 415623 27140        cutoff         289580.1441   289634.3027 20891918    0.02%
 419241 27329   289627.2624    14   289580.1441   289631.5018 20969568    0.02%
 423868 29284   289610.8393    28   289580.1441   289630.9282 21038836    0.02%
 427965 29552   289627.2707    15   289580.1441   289629.3765 21117194    0.02%
 431552 28274   289629.0128     3   289580.1441   289629.0128 21186707    0.02%
 435372 28977   289621.1926    19   289580.1441   289628.2832 21231431    0.02%
Elapsed time = 1398.30 sec. (820126.29 ticks, tree = 20.83 MB, solutions = 1)
 439342 28633        cutoff         289580.1441   289626.8676 21301696    0.02%
 443061 28667   289599.2309    10   289580.1441   289626.0480 21366711    0.02%
 447159 29379   289625.0122     8   289580.1441   289625.0122 21435553    0.02%
 451156 29585        cutoff         289580.1441   289624.8595 21500876    0.02%
 454814 29370   289600.0652    10   289580.1441   289623.4590 21567686    0.01%
 458112 29155        cutoff         289580.1441   289622.1585 21628562    0.01%
 461976 29645   289616.8031    13   289580.1441   289621.3766 21696494    0.01%
 466531 31239   289620.5236    12   289580.1441   289620.5236 21767264    0.01%
 470546 30118        cutoff         289580.1441   289620.2776 21821378    0.01%
 474308 29383        cutoff         289580.1441   289619.6314 21887692    0.01%
Elapsed time = 1462.20 sec. (858418.32 ticks, tree = 20.98 MB, solutions = 1)
 477764 29094   289618.7271    16   289580.1441   289618.7271 21954961    0.01%
 481618 30153        cutoff         289580.1441   289617.9121 22015063    0.01%
 485374 29290   289582.3435    18   289580.1441   289616.2148 22080416    0.01%
 489432 28282        cutoff         289580.1441   289613.4279 22135575    0.01%
 493773 28267   289604.4236     8   289580.1441   289611.6307 22200719    0.01%
 498914 30139   289611.2322    19   289580.1441   289611.2322 22282754    0.01%
 501947 29401        cutoff         289580.1441   289610.6276 22330282    0.01%
 507115 31087    infeasible         289580.1441   289609.9432 22395225    0.01%
 510965 30369        cutoff         289580.1441   289608.5930 22451214    0.01%
 515451 29450        cutoff         289580.1441   289608.2391 22505256    0.01%
Elapsed time = 1526.08 sec. (896570.06 ticks, tree = 20.98 MB, solutions = 1)
 520097 29903   289596.7507     8   289580.1441   289608.0535 22582039    0.01%
 524125 29107   289597.3151    10   289580.1441   289607.4818 22662072    0.01%
 527714 28599        cutoff         289580.1441   289607.4322 22716824    0.01%
 532606 29387   289606.7258    13   289580.1441   289606.7258 22776722    0.01%
 536423 28194   289603.6121    23   289580.1441   289604.5511 22830612    0.01%
 540892 29291        cutoff         289580.1441   289604.3568 22907795    0.01%
 544494 29141   289603.3699    18   289580.1441   289603.3699 22962905    0.01%
 548446 28154        cutoff         289580.1441   289601.4159 23009748    0.01%
 552831 27578        cutoff         289580.1441   289600.0942 23071031    0.01%
 556581 26205        cutoff         289580.1441   289599.6361 23131920    0.01%
Elapsed time = 1588.08 sec. (934724.39 ticks, tree = 19.79 MB, solutions = 1)
 560394 26527        cutoff         289580.1441   289599.5267 23197843    0.01%
 564495 25544        cutoff         289580.1441   289598.9649 23257650    0.01%
 568415 26722   289598.4989    13   289580.1441   289598.4989 23330702    0.01%
 572256 25622        cutoff         289580.1441   289597.8894 23391865    0.01%
 576123 25063        cutoff         289580.1441   289597.1459 23446854    0.01%
 579875 22937   289596.3718    11   289580.1441   289596.3718 23499500    0.01%
 583327 23279   289596.2935    16   289580.1441   289596.2935 23551499    0.01%
 586848 22444        cutoff         289580.1441   289596.0231 23625757    0.01%
 590991 22218        cutoff         289580.1441   289595.5424 23681266    0.01%
 594603 19960        cutoff         289580.1441   289595.3803 23740405    0.01%
Elapsed time = 1651.14 sec. (972876.71 ticks, tree = 17.50 MB, solutions = 1)
 598058 17958        cutoff         289580.1441   289594.0492 23800686    0.00%
 602128 17192   289593.2023    17   289580.1441   289593.2023 23861003    0.00%
 606048 16811        cutoff         289580.1441   289592.5776 23924836    0.00%
 610014 15468        cutoff         289580.1441   289590.5324 23979904    0.00%
 614422 14388   289589.1459    18   289580.1441   289589.1459 24038597    0.00%
 618580 13180        cutoff         289580.1441   289587.8761 24094455    0.00%
 622402 11421   289586.3894     1   289580.1441   289586.3946 24152507    0.00%
 626910 10823        cutoff         289580.1441   289586.2068 24211040    0.00%
 630551  9362        cutoff         289580.1441   289584.3710 24280307    0.00%
 634291  8422        cutoff         289580.1441   289583.3277 24349665    0.00%
Elapsed time = 1713.64 sec. (1011028.82 ticks, tree = 13.28 MB, solutions = 1)
 637780  7220   289583.2566    10   289580.1441   289583.2566 24421111    0.00%
 641576  7144   289583.2566    13   289580.1441   289583.2566 24499123    0.00%
 643445  7247        cutoff         289580.1441   289583.2566 24537110    0.00%
 647295  7662        cutoff         289580.1441   289583.2566 24608522    0.00%
 651335  8283   289582.0335    11   289580.1441   289583.2566 24678686    0.00%

Clique cuts applied:  13
Cover cuts applied:  2
Implied bound cuts applied:  18
Flow cuts applied:  26
Mixed integer rounding cuts applied:  48
Gomory fractional cuts applied:  1

Root node processing (before b&c):
  Real time             =    0.38 sec. (160.99 ticks)
Sequential b&c:
  Real time             = 1746.64 sec. (1032353.44 ticks)
                          ------------
Total (root+branch&cut) = 1747.01 sec. (1032514.43 ticks)
MIQP status(102): integer optimal, tolerance
Cplex Time: 1747.01sec (det. 1032514.43 ticks)
Fixing integer variables, and solving final QP..
Version identifier: 12.10.0.0 | 2019-11-26 | 843d4de2ae
CPXPARAM_Advance                                 2
CPXPARAM_Threads                                 1
CPXPARAM_Parallel                                1
CPXPARAM_MIP_Display                             4
CPXPARAM_Simplex_Limits_Iterations               2000000000
CPXPARAM_MIP_Limits_Nodes                        65000000
CPXPARAM_TimeLimit                               150000
CPXPARAM_Tune_TimeLimit                          30000
CPXPARAM_MIP_Tolerances_AbsMIPGap                0
CPXPARAM_MIP_Tolerances_MIPGap                   1.0000000000000001e-05
CPXPARAM_WorkDir                                 "C:\Users\a.eicke\Documents\Locational-investment-signals\Two node models\225c\"
Tried aggregator 1 time.
QP Presolve eliminated 729 rows and 512 columns.
Aggregator did 94 substitutions.
Reduced QP has 146 rows, 129 columns, and 491 nonzeros.
Reduced QP objective Q matrix has 27 nonzeros.
Presolve time = 0.00 sec. (0.73 ticks)
Parallel mode: none, using 1 thread for barrier

***NOTE: Found 8 dense columns.

Number of nonzeros in lower triangle of A*A' = 271
Using Approximate Minimum Degree ordering
Total time for automatic ordering = 0.00 sec. (0.02 ticks)
Summary statistics for Cholesky factor:
  Rows in Factor            = 154
  Integer space required    = 298
  Total non-zeros in factor = 1432
  Total FP ops to factor    = 16672
 Itn      Primal Obj        Dual Obj  Prim Inf Upper Inf  Dual Inf          
   0  -5.4000997e+12   5.4017223e+12  1.50e+07  1.52e+07  1.38e+08
   1  -4.0469323e+10   4.0608643e+10  1.30e+06  1.31e+06  1.53e+07
   2  -1.7275503e+07   2.1553575e+08  1.17e+04  1.18e+04  1.20e+07
   3  -1.2867401e+06   4.1613383e+07  1.29e+03  1.31e+03  2.96e+06
   4   1.5692075e+05   7.3526682e+06  1.02e+02  1.03e+02  5.19e+05
   5   2.7811077e+05   7.7171075e+05  6.24e+00  6.31e+00  3.17e+04
   6   2.8636184e+05   3.6991231e+05  9.04e-01  9.15e-01  4.66e+03
   7   2.8777597e+05   3.1986501e+05  2.90e-01  2.94e-01  1.50e+03
   8   2.8884408e+05   2.9755306e+05  5.97e-02  6.04e-02  3.07e+02
   9   2.8941966e+05   2.9112936e+05  1.06e-02  1.07e-02  5.45e+01
  10   2.8956292e+05   2.8971497e+05  7.12e-04  7.18e-04  3.65e+00
  11   2.8957964e+05   2.8958389e+05  5.41e-05  1.83e-05  9.31e-02
  12   2.8958014e+05   2.8958017e+05  5.56e-07  6.77e-08  3.44e-04
  13   2.8958014e+05   2.8958014e+05  1.30e-06  3.66e-10  1.86e-06
Barrier time = 0.00 sec. (2.34 ticks)

Total time on 1 threads = 0.00 sec. (2.34 ticks)
QP status(1): optimal
Cplex Time: 0.00sec (det. 2.34 ticks)

Solution satisfies tolerances.

MIP Solution:       289580.144125    (24702066 iterations, 652842 nodes)
Final Solve:        289580.144009    (0 iterations)

Best possible:      289582.983098
Absolute gap:            2.838973
Relative gap:            0.000010

--- Restarting execution
--- with_wrong_instrument.gms(282) 2 Mb
--- Reading solution for model LOCI
--- Executing after solve: elapsed 0:29:07.337
--- with_wrong_instrument.gms(310) 3 Mb
--- GDX File C:\Users\a.eicke\Documents\Locational-investment-signals\Two node models\Output/large_instrument.gdx
*** Status: Normal completion
--- Job with_wrong_instrument.gms Stop 03/14/22 17:20:25 elapsed 0:29:07.340
