
--- Job integrated_planer.gms Start 03/25/22 08:04:13 35.2.0 r33388c4 WEX-WEI x86 64bit/MS Windows
--- Applying:
    C:\Program Files\GAMS-35\gmsprmNT.txt
--- GAMS Parameters defined
    Input "C:\GitHub\Locational-investment-signals\Three node model\integrated_planer.gms"
    PageSize 0
    ScrDir "C:\GitHub\Locational-investment-signals\Three node model\225a\"
    SysDir "C:\Program Files\GAMS-35\"
    LogOption 3
    ErrMsg 1
    ErrorLog 99
    IDE 1
    LstTitleLeftAligned 1
Licensee: GAMS Community License for Anselm Eicke        G210709|0002AO-GEN
          Hertie School of Governance GmbH                           CL1515
          C:\Program Files\GAMS-35\gamslice.txt
          Anselm Eicke, eicke@hertie-school.org                            
          Community license for demonstration and instructional purposes only
GAMS 35.2.0   Copyright (C) 1987-2021 GAMS Development. All rights reserved
--- Starting compilation
--- integrated_planer.gms(62) 3 Mb
--- GDXin=C:\GitHub\Locational-investment-signals\Three node model\Input/in.gdx
--- GDX File ($gdxIn) C:\GitHub\Locational-investment-signals\Three node model\Input/in.gdx
--- integrated_planer.gms(65) 3 Mb
--- GDXin=C:\GitHub\Locational-investment-signals\Three node model\Input/load.gdx
--- GDX File ($gdxIn) C:\GitHub\Locational-investment-signals\Three node model\Input/load.gdx
--- integrated_planer.gms(68) 3 Mb
--- GDXin=C:\GitHub\Locational-investment-signals\Three node model\Input/avail.gdx
--- GDX File ($gdxIn) C:\GitHub\Locational-investment-signals\Three node model\Input/avail.gdx
--- integrated_planer.gms(163) 3 Mb
--- Starting execution: elapsed 0:00:00.000
--- integrated_planer.gms(145) 4 Mb
--- Generating QCP model nodal
--- integrated_planer.gms(146) 6 Mb
---   379 rows  292 columns  1,023 non-zeroes
---   266 nl-code  42 nl-non-zeroes
--- integrated_planer.gms(146) 4 Mb
--- Executing CONOPT (Solvelink=2): elapsed 0:00:00.016

CONOPT 3         35.2.0 r33388c4 Released Jun 02, 2021 WEI x86 64bit/MS Window

--- *** This solver runs with a community license. No commercial use.
 
 
    C O N O P T 3   version 3.17K
    Copyright (C)   ARKI Consulting and Development A/S
                    Bagsvaerdvej 246 A
                    DK-2880 Bagsvaerd, Denmark
 
 
   Iter Phase Ninf   Infeasibility   RGmax    NSB   Step InItr MX OK
      0   0        5.0140803600E+05 (Input point)
 
                   Pre-triangular equations:   60
                   Post-triangular equations:  31
 
      1   0        8.2740600000E+02 (After pre-processing)
      2   0        4.6478187500E+01 (After scaling)
 
 ** Feasible solution. Value of objective =    0.00000000000
 
   Iter Phase Ninf     Objective     RGmax    NSB   Step InItr MX OK
      6   3        1.9050953537E+05 1.6E+04    10 2.1E-01    1 F  T
     11   4        4.0446723634E+05 1.0E+04    10 1.0E+00    5 T  T
     16   3        4.1509637423E+05 4.7E+03    11 9.3E-05      F  T
     21   4        4.3167908496E+05 5.4E+03    22 1.0E+00   12 F  T
     26   3        4.3189486132E+05 5.0E+01    22 5.5E-05      F  T
     31   4        4.3209544162E+05 4.4E+02    25 1.0E+00    8 T  T
     36   4        4.3209966075E+05 3.0E+01    25 2.3E+01      F  T
     41   3        4.3210242604E+05 1.5E+02    26 0.0E+00      T  T
     46   3        4.3210242604E+05 3.3E+02    26 0.0E+00      T  T
     51   3        4.3210242604E+05 7.3E+02    26 0.0E+00      T  T
 
   Iter Phase Ninf     Objective     RGmax    NSB   Step InItr MX OK
     56   3        4.3210392820E+05 6.0E+02    26 0.0E+00      T  T
     61   3        4.3210392820E+05 8.5E+02    26 0.0E+00      T  T
     66   4        4.3242406457E+05 1.4E+03    26 3.1E+00      T  T
     71   4        4.3308582208E+05 8.5E+02    23 1.0E+00    8 T  T
     76   3        4.3329818509E+05 1.6E+02    25 0.0E+00      T  T
     81   3        4.3333073405E+05 1.6E+03    25 6.7E-06      F  T
     86   3        4.3378278369E+05 1.1E+01    25 1.5E-04      F  T
     91   4        4.3465099550E+05 3.5E+02    25 1.0E+00   14 F  T
     96   4        4.3653399197E+05 2.4E+02    35 1.0E+00   22 T  T
    101   4        4.3666798633E+05 1.5E+01    35 1.0E+00   10 F  T
 
   Iter Phase Ninf     Objective     RGmax    NSB   Step InItr MX OK
    106   4        4.3666798633E+05 1.6E-02    34 1.0E+00    2 F  T
    108   4        4.3666798633E+05 1.3E-09    34
 
 ** Optimal solution. Reduced gradient less than tolerance.
 
--- Reading solution for model nodal
--- Executing after solve: elapsed 0:00:00.239
--- integrated_planer.gms(163) 4 Mb
--- GDX File (execute_unload) C:\GitHub\Locational-investment-signals\Three node model\Output/nodal.gdx
*** Status: Normal completion
--- Job integrated_planer.gms Stop 03/25/22 08:04:13 elapsed 0:00:00.242
