--- Job Locational instrument.gms Start 10/27/21 22:59:54 30.3.0 rc5da09e WEX-WEI x86 64bit/MS Windows
--- GAMS Parameters defined
    Input C:\Users\a.eicke\Documents\Locational-investment-signals\Three node models\Cost minimization\Locational instrument.gms
    PageSize 0
    ScrDir C:\Users\a.eicke\Documents\Locational-investment-signals\Three node models\Cost minimization\225b\
    SysDir C:\GAMS\win64\30.3\
    LogOption 3
    ErrMsg 1
    ErrorLog 99
    IDE 1
    LstTitleLeftAligned 1
GAMS 30.3.0   Copyright (C) 1987-2020 GAMS Development. All rights reserved
Licensee: Small MUD - 5 User License                     S190305:0326AO-WIN
          Hertie School of Governance GmbH, Governance of DigitalizaDC14808
--- Starting compilation
--- Locational instrument.gms(69) 3 Mb
--- GDXin=C:\Users\a.eicke\Documents\Locational-investment-signals\Three node models\Cost minimization\in.gdx
--- Locational instrument.gms(267) 3 Mb
--- Starting execution: elapsed 0:00:00.013
--- Locational instrument.gms(242) 4 Mb
--- Generating MIQCP model LOCI
--- Locational instrument.gms(245) 7 Mb
---   2,155 rows  1,589 columns  5,929 non-zeroes
---   58 nl-code  8 nl-non-zeroes
---   424 discrete-columns
--- Locational instrument.gms(245) 5 Mb
--- Executing CPLEX: elapsed 0:00:00.033

IBM ILOG CPLEX   30.3.0 rc5da09e Released Mar 06, 2020 WEI x86 64bit/MS Window
--- GAMS/Cplex licensed for continuous and discrete problems.
Cplex 12.10.0.0

The search will stop after 25000000 nodes.
Reading data...
Starting Cplex...
Space for names approximately 0.11 Mb
Use option 'names no' to turn use of names off
Version identifier: 12.10.0.0 | 2019-11-26 | 843d4de2ae
CPXPARAM_Advance                                 0
CPXPARAM_Threads                                 1
CPXPARAM_Parallel                                1
CPXPARAM_MIP_Display                             4
CPXPARAM_Simplex_Limits_Iterations               2000000000
CPXPARAM_MIP_Limits_Nodes                        25000000
CPXPARAM_TimeLimit                               40000
CPXPARAM_Tune_TimeLimit                          8000
CPXPARAM_MIP_Tolerances_AbsMIPGap                0
CPXPARAM_MIP_Tolerances_MIPGap                   0.050000000000000003
CPXPARAM_WorkDir                                 "C:\Users\a.eicke\Documents\Locational-investment-signals\Three node models\Cost minimization\225b\"
Tried aggregator 2 times.
MIQP Presolve eliminated 756 rows and 252 columns.
MIQP Presolve modified 550 coefficients.
Aggregator did 49 substitutions.
Reduced MIQP has 1350 rows, 1279 columns, and 3972 nonzeros.
Reduced MIQP has 356 binaries, 0 generals, 0 SOSs, and 0 indicators.
Reduced MIQP objective Q matrix has 8 nonzeros.
Presolve time = 0.02 sec. (5.01 ticks)
Probing fixed 4 vars, tightened 254 bounds.
Probing time = 0.02 sec. (2.61 ticks)
Cover probing fixed 0 vars, tightened 358 bounds.
Tried aggregator 1 time.
MIQP Presolve eliminated 46 rows and 46 columns.
MIQP Presolve modified 524 coefficients.
Reduced MIQP has 1304 rows, 1233 columns, and 3838 nonzeros.
Reduced MIQP has 314 binaries, 0 generals, 0 SOSs, and 0 indicators.
Reduced MIQP objective Q matrix has 8 nonzeros.
Presolve time = 0.00 sec. (1.72 ticks)
Classifier predicts products in MIQP should be linearized.
Probing fixed 0 vars, tightened 158 bounds.
Probing time = 0.02 sec. (3.86 ticks)
Clique table members: 1234.
MIP emphasis: balance optimality and feasibility.
MIP search method: dynamic search.
Parallel mode: none, using 1 thread.
Tried aggregator 1 time.
Aggregator did 314 substitutions.
Reduced QP has 990 rows, 919 columns, and 3210 nonzeros.
Reduced QP objective Q matrix has 8 nonzeros.
Presolve time = 0.02 sec. (0.95 ticks)
Parallel mode: none, using 1 thread for barrier

***NOTE: Found 8 dense columns.

Number of nonzeros in lower triangle of A*A' = 4044
Using Approximate Minimum Degree ordering
Total time for automatic ordering = 0.00 sec. (0.45 ticks)
Summary statistics for Cholesky factor:
  Rows in Factor            = 998
  Integer space required    = 2375
  Total non-zeros in factor = 11234
  Total FP ops to factor    = 176450
 Itn      Primal Obj        Dual Obj  Prim Inf Upper Inf  Dual Inf          
   0   3.0334175e+05  -2.0464359e+07  3.60e+04  1.05e+04  1.97e+03
   1   1.9594508e+05  -1.6820070e+07  2.94e+04  8.60e+03  1.61e+03
   2   1.7458375e+05  -1.3344058e+07  2.31e+04  7.12e+03  1.27e+03
   3   2.3990062e+05  -9.4369170e+06  1.55e+04  4.76e+03  8.45e+02
   4   1.9466820e+05  -6.6103608e+06  9.58e+03  2.95e+03  5.23e+02
   5   1.9480144e+05  -4.6395360e+06  5.06e+03  1.56e+03  2.76e+02
   6   1.5721818e+05  -1.0266054e+06  1.05e+03  3.22e+02  5.71e+01
   7   1.2408832e+05  -1.3117438e+05  1.59e+02  4.91e+01  8.70e+00
   8   1.1078998e+05  -4.1447773e+03  6.59e+01  2.03e+01  3.60e+00
   9   1.0699029e+05   4.2799620e+04  2.96e+01  9.13e+00  1.62e+00
  10   1.0547153e+05   6.1489567e+04  1.59e+01  4.91e+00  8.70e-01
  11   1.0306622e+05   8.3992724e+04  4.26e+00  1.31e+00  2.32e-01
  12   1.0235731e+05   9.2046791e+04  1.56e+00  4.80e-01  8.50e-02
  13   1.0167021e+05   9.7203790e+04  6.14e-01  1.89e-01  3.35e-02
  14   1.0136939e+05   9.9535848e+04  1.81e-01  5.58e-02  9.89e-03
  15   1.0126622e+05   1.0029962e+05  9.55e-02  2.94e-02  5.22e-03
  16   1.0120609e+05   1.0075514e+05  4.46e-02  1.37e-02  2.43e-03
  17   1.0115675e+05   1.0111996e+05  3.53e-03  1.09e-03  1.93e-04
  18   1.0115340e+05   1.0114782e+05  5.36e-04  1.65e-04  2.92e-05
  19   1.0115286e+05   1.0115233e+05  5.05e-05  1.56e-05  2.75e-06
  20   1.0115281e+05   1.0115279e+05  1.02e-06  3.14e-07  5.56e-08
  21   1.0115277e+05   1.0115263e+05  5.80e-04  1.88e-07  6.10e-03
  22   1.0115274e+05   1.0115280e+05  1.60e-03  1.86e-09  5.26e-05
  *    1.0115281e+05   1.0115279e+05  1.02e-06  3.14e-07  5.56e-08
Barrier time = 0.02 sec. (17.78 ticks)

QP crossover.
  Primal and Dual:  Fixing 582 variables.
  Primal:  Pushed 239, exchanged 213.
  Dual  :  Pushed 72, exchanged 211.

Iteration log . . .
Iteration:     1    Objective     =        101152.804582
Removing shift (1981).
Total crossover time = 0.03 sec. (12.48 ticks)

Total time on 1 threads = 0.06 sec. (31.31 ticks)
Root relaxation solution time = 0.06 sec. (31.31 ticks)

        Nodes                                         Cuts/
   Node  Left     Objective  IInf  Best Integer    Best Bound    ItCnt     Gap

      0     0   101152.8046    90                 101152.8046       24         
      0     0   101152.8046    90                   Cuts: 426      753         
      0     0   101152.8046    90                   Cuts: 292     1039         
      0     0   101152.8046    90                   Cuts: 142     1300         
      0     2   101152.8046   103                 101152.8046     1300         
Elapsed time = 0.50 sec. (244.43 ticks, tree = 0.01 MB, solutions = 0)
     50    52   101152.8046    31                 101152.8046     4130         
    127   111   102001.3874    19                 101152.8046     9872         
                                                  Impl Bds: 5                  
    210   171   103471.5226     6                 101152.8046    15467         
                                                  Impl Bds: 2                  
    273   184   103454.9729    14                 101152.8046    20320         
                                                  Impl Bds: 2                  
    367   212   101152.8046    29                 101152.8046    25517         
                                                  Impl Bds: 5                  
    480   305   103370.3872    14                 101152.8046    28925         
                                                  Impl Bds: 4                  

Performing restart 1

Repeating presolve.
Tried aggregator 2 times.
MIQP Presolve eliminated 34 rows and 34 columns.
MIQP Presolve modified 84 coefficients.
Aggregator did 34 substitutions.
Reduced MIQP has 1236 rows, 1165 columns, and 3634 nonzeros.
Reduced MIQP has 314 binaries, 0 generals, 0 SOSs, and 0 indicators.
Reduced MIQP objective Q matrix has 8 nonzeros.
Presolve time = 0.00 sec. (3.16 ticks)
Tried aggregator 1 time.
MIQP Presolve modified 104 coefficients.
Reduced MIQP has 1236 rows, 1165 columns, and 3634 nonzeros.
Reduced MIQP has 314 binaries, 0 generals, 0 SOSs, and 0 indicators.
Reduced MIQP objective Q matrix has 8 nonzeros.
Presolve time = 0.02 sec. (1.61 ticks)
Represolve time = 0.05 sec. (10.53 ticks)
Tried aggregator 1 time.
QP Presolve eliminated 7 rows and 0 columns.
Aggregator did 205 substitutions.
Reduced QP has 1386 rows, 960 columns, and 4413 nonzeros.
Reduced QP objective Q matrix has 8 nonzeros.
Presolve time = 0.00 sec. (1.12 ticks)
Parallel mode: none, using 1 thread for barrier

***NOTE: Found 8 dense columns.

Number of nonzeros in lower triangle of A*A' = 8486
Using Approximate Minimum Degree ordering
Total time for automatic ordering = 0.00 sec. (0.83 ticks)
Summary statistics for Cholesky factor:
  Rows in Factor            = 1394
  Integer space required    = 5041
  Total non-zeros in factor = 26917
  Total FP ops to factor    = 679099
 Itn      Primal Obj        Dual Obj  Prim Inf Upper Inf  Dual Inf          
   0   2.1839426e+06  -1.5940457e+07  9.19e+04  3.51e+04  6.51e+03
   1   1.5214023e+06  -1.1644157e+07  6.55e+04  2.50e+04  4.64e+03
   2   1.2961072e+06  -9.6772911e+06  5.16e+04  1.97e+04  3.65e+03
   3   7.0568091e+05  -5.2608125e+06  2.43e+04  9.28e+03  1.72e+03
   4   5.5912362e+05  -4.2579255e+06  1.75e+04  6.65e+03  1.23e+03
   5   4.7248948e+05  -3.7658289e+06  1.31e+04  5.00e+03  9.26e+02
   6   3.1352809e+05  -2.4286898e+06  6.10e+03  2.32e+03  4.30e+02
   7   1.8605624e+05  -7.3924487e+05  1.52e+03  5.78e+02  1.07e+02
   8   1.4696779e+05  -3.0880268e+05  5.78e+02  2.20e+02  4.08e+01
   9   1.2542224e+05  -1.0789536e+05  1.98e+02  7.54e+01  1.39e+01
  10   1.1212832e+05   1.2374814e+03  4.80e+01  1.83e+01  3.39e+00
  11   1.0728547e+05   4.3347853e+04  2.40e+01  9.13e+00  1.69e+00
  12   1.0481770e+05   6.6722670e+04  1.21e+01  4.61e+00  8.53e-01
  13   1.0306592e+05   8.4957338e+04  3.02e+00  1.15e+00  2.13e-01
  14   1.0218968e+05   9.2706480e+04  1.21e+00  4.62e-01  8.54e-02
  15   1.0169085e+05   9.6692290e+04  5.50e-01  2.10e-01  3.88e-02
  16   1.0140796e+05   9.9079609e+04  1.65e-01  6.27e-02  1.16e-02
  17   1.0128349e+05   1.0008000e+05  8.51e-02  3.24e-02  6.00e-03
  18   1.0120833e+05   1.0071462e+05  3.49e-02  1.33e-02  2.46e-03
  19   1.0116291e+05   1.0106961e+05  6.43e-03  2.45e-03  4.54e-04
  20   1.0115507e+05   1.0113284e+05  1.53e-03  5.84e-04  1.08e-04
  21   1.0115327e+05   1.0114867e+05  3.17e-04  1.21e-04  2.23e-05
  22   1.0115282e+05   1.0115266e+05  1.12e-05  4.25e-06  7.87e-07
  23   1.0115280e+05   1.0115280e+05  1.90e-07  7.24e-08  1.35e-08
  24   1.0115280e+05   1.0115280e+05  1.54e-04  8.64e-10  1.58e-10
  25   1.0115264e+05   1.0115280e+05  3.16e-03  6.31e-11  2.09e-11
Barrier time = 0.11 sec. (35.00 ticks)

QP crossover.
  Primal and Dual:  Fixing 526 variables.
  Primal:  Pushed 182, exchanged 298.
  Dual  :  Pushed 38, exchanged 297.

Iteration log . . .
Iteration:     1    Objective     =        101152.804583
Removing shift (2772).
Total crossover time = 0.00 sec. (16.23 ticks)

Total time on 1 threads = 0.11 sec. (52.47 ticks)
    496     0   101152.8046   129                   Cuts: 409    29418         
    496     0   101152.8046   129                   Cuts: 332    29613         
    496     0   101152.8046   129                   Cuts: 296    29766         
    496     0   101152.8046   129                   Cuts: 409    29860         
    496     0   101152.8046   129                   Cuts: 256    30037         
    496     0   101152.8046   129                   Cuts: 321    30145         
    496     0   101152.8046   129                   Cuts: 329    30221         
    496     0   101152.8046   129                   Cuts: 178    30253         
    496     2   101152.8046    97                 101152.8046    30253         
    510    16   101154.2838    81                 101152.8046    30738         
    521    26   102396.0465    59                 101152.8046    31901         
    606    93    infeasible                       101152.8046    44693         
Elapsed time = 7.08 sec. (3798.53 ticks, tree = 0.07 MB, solutions = 0)
    759   216    infeasible                       101152.8046    61024         
    816   263   101152.8046    71                 101152.8046    69322         
    991   416   113734.1425    42                 101152.8046    82071         
   1130   510   109145.5311    38                 101152.8046   100510         
   1266   588   111259.0011    61                 101152.8046   114512         
                                                     Cuts: 35                  
   1456   751   107129.1897    40                 101152.8046   128676         

Performing restart 2

Repeating presolve.
Tried aggregator 1 time.
MIQP Presolve modified 36 coefficients.
Reduced MIQP has 1236 rows, 1165 columns, and 3634 nonzeros.
Reduced MIQP has 314 binaries, 0 generals, 0 SOSs, and 0 indicators.
Reduced MIQP objective Q matrix has 8 nonzeros.
Presolve time = 0.00 sec. (1.61 ticks)
Tried aggregator 1 time.
Reduced MIQP has 1236 rows, 1165 columns, and 3634 nonzeros.
Reduced MIQP has 314 binaries, 0 generals, 0 SOSs, and 0 indicators.
Reduced MIQP objective Q matrix has 8 nonzeros.
Presolve time = 0.00 sec. (1.60 ticks)
Represolve time = 0.05 sec. (13.76 ticks)
Tried aggregator 1 time.
QP Presolve eliminated 5 rows and 0 columns.
Aggregator did 231 substitutions.
Reduced QP has 1206 rows, 934 columns, and 4203 nonzeros.
Reduced QP objective Q matrix has 8 nonzeros.
Presolve time = 0.00 sec. (1.07 ticks)
Parallel mode: none, using 1 thread for barrier

***NOTE: Found 8 dense columns.

Number of nonzeros in lower triangle of A*A' = 6830
Using Approximate Minimum Degree ordering
Total time for automatic ordering = 0.00 sec. (0.89 ticks)
Summary statistics for Cholesky factor:
  Rows in Factor            = 1214
  Integer space required    = 4576
  Total non-zeros in factor = 23427
  Total FP ops to factor    = 660073
 Itn      Primal Obj        Dual Obj  Prim Inf Upper Inf  Dual Inf          
   0   3.5331404e+05  -7.5653173e+06  5.69e+04  2.06e+04  2.93e+03
   1   2.2174833e+05  -6.0745414e+06  4.46e+04  1.62e+04  2.30e+03
   2   2.5050662e+05  -5.6223729e+06  4.04e+04  1.47e+04  2.08e+03
   3   1.9198122e+05  -2.2911464e+06  1.46e+04  5.29e+03  7.49e+02
   4   1.4704780e+05  -7.2046804e+05  3.65e+03  1.33e+03  1.88e+02
   5   1.2219572e+05  -1.5169814e+05  1.00e+03  3.64e+02  5.15e+01
   6   1.1010008e+05  -1.1687381e+04  3.94e+02  1.43e+02  2.03e+01
   7   1.0846702e+05   2.1811236e+04  2.33e+02  8.46e+01  1.20e+01
   8   1.0581674e+05   5.2826219e+04  1.20e+02  4.37e+01  6.18e+00
   9   1.0405717e+05   7.2356561e+04  6.17e+01  2.24e+01  3.17e+00
  10   1.0292634e+05   8.8015785e+04  1.31e+01  4.76e+00  6.74e-01
  11   1.0222518e+05   9.3482650e+04  5.59e+00  2.03e+00  2.87e-01
  12   1.0162084e+05   9.7728998e+04  2.14e+00  7.76e-01  1.10e-01
  13   1.0131202e+05   1.0001602e+05  4.90e-01  1.78e-01  2.52e-02
  14   1.0122964e+05   1.0061290e+05  2.33e-01  8.48e-02  1.20e-02
  15   1.0118551e+05   1.0091574e+05  1.01e-01  3.68e-02  5.21e-03
  16   1.0115836e+05   1.0111066e+05  1.78e-02  6.48e-03  9.16e-04
  17   1.0115431e+05   1.0114133e+05  4.85e-03  1.76e-03  2.49e-04
  18   1.0115291e+05   1.0115205e+05  3.16e-04  1.15e-04  1.63e-05
  19   1.0115281e+05   1.0115279e+05  5.26e-06  1.91e-06  2.71e-07
  20   1.0115280e+05   1.0115258e+05  1.05e-04  1.70e-06  8.06e-03
  21   1.0115278e+05   1.0115280e+05  1.40e-03  1.35e-08  6.37e-05
  22   1.0115258e+05   1.0115280e+05  5.82e-03  1.31e-10  3.28e-07
  *    1.0115281e+05   1.0115279e+05  5.26e-06  1.91e-06  2.71e-07
Barrier time = 0.06 sec. (29.64 ticks)

QP crossover.
  Primal and Dual:  Fixing 821 variables.
  Primal:  Pushed 205, exchanged 361.
  Dual  :  Pushed 249, exchanged 354.

Iteration log . . .
Iteration:     1    Objective     =        101189.008893
Removing shift (2416).
Total crossover time = 0.05 sec. (26.44 ticks)

Total time on 1 threads = 0.11 sec. (57.26 ticks)
   1488     0   101152.8046   128                   Cuts: 409   130020         
   1488     0   101152.8046   128                   Cuts: 409   130206         
   1488     0   101152.8046   128                   Cuts: 409   130296         
   1488     0   101152.8046   128                   Cuts: 341   130364         
   1488     0   101152.8046   128                   Cuts: 231   130388         
   1488     0   101152.8046   128                   Cuts: 245   130470         
   1488     0   101152.8046   128                   Cuts: 143   130526         
   1488     0   101152.8046   128                   Cuts: 125   130614         
   1488     0   101152.8046   128                   Cuts: 135   130734         
   1488     2   101152.8046   108                 101152.8046   130734         
   1515    29   101152.8046    65                 101152.8046   132557         
   1546    50    infeasible                       101152.8046   139730         
   1574    61   147740.3317    42                 101152.8046   148319         
                                                     Cuts: 24                  
Elapsed time = 24.95 sec. (14996.11 ticks, tree = 0.05 MB, solutions = 0)
   1611    74   106809.7034    71                 101152.8046   158517         
   1651    85   101176.3125    77                 101152.8046   167907         
   1728   137   101551.7321    54                 101152.8046   173556         
   1790   176   101161.3609    88                 101152.8046   181951         
   1849   212   107399.5983    40                 101152.8046   193314         
   1964   295    infeasible                       101152.8046   203471         
                                                 Impl Bds: 13                  
   2118   410   105568.7546    71                 101152.8046   214912         
   2258   524   101313.7495    63                 101152.8046   222583         
   2410   660   102003.2346    53                 101152.8046   228368         
   2573   784   101774.6198    40                 101152.8046   236553         
Elapsed time = 38.42 sec. (24708.33 ticks, tree = 0.56 MB, solutions = 0)
   2695   863   101435.4314    47                 101152.8046   246835         
   2857  1000   101271.1381    72                 101152.8046   257966         
   3035  1108    infeasible                       101152.8046   269632         
   3210  1249    infeasible                       101152.8046   282513         
   3331  1335    infeasible                       101152.8046   295904         
   3454  1426   101642.6861    39                 101152.8046   308792         
   3662  1605   110071.8077    27                 101152.8046   320624         
   3817  1708   101467.2902    55                 101152.8046   332745         
   3942  1799    infeasible                       101152.8046   347620         
   4137  1954   107406.8987    26                 101152.8046   358209         
Elapsed time = 52.09 sec. (34344.84 ticks, tree = 1.39 MB, solutions = 0)
   4334  2113   101675.8763    23                 101152.8046   370116         
   4507  2244   103990.3286    37                 101152.8046   385862         
   4698  2402   105207.6558    26                 101152.8046   400307         
   4868  2526   106035.4484    61                 101152.8046   418347         
   5072  2692   107904.1474    21                 101152.8046   435746         
   5392  2974   106447.2269    16                 101152.8046   448728         
   5725  3267   103889.4051    18                 101152.8046   463104         
   6005  3506   101642.6861    48                 101152.8046   478906         
   6183  3643   107080.0858    56                 101152.8046   499334         
   6389  3809   105465.7752    53                 101152.8046   518208         
Elapsed time = 65.53 sec. (43920.30 ticks, tree = 2.78 MB, solutions = 0)
   6646  4026   102712.5363    32                 101152.8046   534664         
   6818  4145   102754.0249    19                 101152.8046   551620         
   7088  4373   101636.2107    60                 101152.8046   566706         
   7338  4590   102423.4366    21                 101152.8046   578892         
                                                 Impl Bds: 12                  
   7492  4698   102153.4416    42                 101152.8046   592848         
   7743  4911   103563.3702    69                 101152.8046   607369         
   7927  5048   101627.4599    67                 101152.8046   627269         
   8110  5179   101402.7748    54                 101152.8046   644292         
   8249  5286   101582.6500    59                 101152.8046   658854         
   8434  5424   101152.8046    67                 101152.8046   672616         
Elapsed time = 79.28 sec. (53503.34 ticks, tree = 4.03 MB, solutions = 0)
   8712  5665   101161.9992    65                 101152.8046   687913         
   8931  5838   108369.4749    28                 101152.8046   703065         
   9070  5917    infeasible                       101152.8046   725417         
   9167  5954    infeasible                       101152.8046   745836         
   9334  6067   105189.3341    12                 101152.8046   764243         
   9503  6154    infeasible                       101152.8046   785065         
   9676  6273   108532.0249    68                 101152.8046   804832         
   9862  6419   102362.3147    23                 101152.8046   820207         
   9999  6520   102585.3752    43                 101152.8046   837558         
  10116  6599    infeasible                       101152.8046   854909         
Elapsed time = 93.52 sec. (63094.34 ticks, tree = 4.85 MB, solutions = 0)
  10231  6674   101944.4905    56                 101152.8046   874546         
  10451  6857   101693.4331    22                 101152.8046   890901         
  10677  7033   101606.6593    65                 101152.8046   910259         
  10771  7078   101670.0297    49                 101152.8046   931158         
  10971  7250    infeasible                       101152.8046   947988         
  11095  7325   101696.3850    45                 101152.8046   969756         
  11324  7521    infeasible                       101152.8046   990350         
  11546  7705   101402.5350    67                 101152.8046  1007371         
  11608  7729   106348.3160    55                 101152.8046  1029531         
  11731  7809   101153.1188    64                 101152.8046  1047820         
Elapsed time = 107.74 sec. (72732.39 ticks, tree = 5.68 MB, solutions = 0)
  11851  7888    infeasible                       101152.8046  1070765         
  11940  7925   101152.8046    77                 101152.8046  1091644         
  12018  7955   104575.4287    49                 101152.8046  1113087         
  12238  8130   101161.3609   101                 101152.8046  1128999         
  12481  8321    infeasible                       101152.8046  1148185         
  12714  8497   102317.9490    36                 101152.8046  1167236         
  12935  8653    infeasible                       101152.8046  1186970         
  13111  8767   101152.8046    69                 101152.8046  1206721         
  13393  9000   102174.3059    19                 101152.8046  1224761         
  13605  9161   105714.9451    19                 101152.8046  1243830         
Elapsed time = 122.14 sec. (82376.78 ticks, tree = 6.96 MB, solutions = 0)
  13852  9358    infeasible                       101152.8046  1260005         
  14094  9542   101658.3233    38                 101152.8046  1278494         
  14282  9685    infeasible                       101152.8046  1300562         
  14405  9755   102354.8983    45                 101152.8046  1318779         
  14552  9866   101152.8046    87                 101152.8046  1336247         
  14718  9992   112487.8479    65                 101152.8046  1353949         
  14823 10061   102353.6225    51                 101152.8046  1371152         
  14966 10158   101172.9473    74                 101152.8046  1388529         
  15091 10245    infeasible                       101152.8046  1405359         
  15809 10784    infeasible                       101152.8046  1474248         
Elapsed time = 141.67 sec. (94870.23 ticks, tree = 8.08 MB, solutions = 0)
  16270 11040   104565.3094    67                 101152.8046  1541236         
                                                 Impl Bds: 13                  
  16751 11286   101628.4051    66                 101152.8046  1617156         
  17170 11546   101250.1522    56                 101152.8046  1696711         
  17661 11875   104831.4283    31                 101152.8046  1769985         
  18267 12289   102412.1057    51                 101152.8046  1839985         
  18898 12742    infeasible                       101152.8046  1907030         
  19513 13161    infeasible                       101152.8046  1988162         
  19996 13462    infeasible                       101152.8046  2070141         
  20705 13953   107815.6855    49                 101152.8046  2148100         
  21434 14477   108084.2234    34                 101152.8046  2234797         
Elapsed time = 199.56 sec. (133117.79 ticks, tree = 10.64 MB, solutions = 0)
  21830 14680   105491.1207    62                 101152.8046  2312921         
  22340 14988   105264.6870    46                 101153.1188  2389603         
  23160 15577    infeasible                       101153.1188  2467986         
  23682 15894    infeasible                       101153.1188  2541713         
  24027 16075    infeasible                       101153.1188  2622837         
                                                  Impl Bds: 4                  
  24531 16372    infeasible                       101153.1188  2698008         
  24921 16605   101567.0943    67                 101153.1188  2769068         
  25289 16793   105752.3392    75                 101153.1188  2842026         
  25871 17160    infeasible                       101153.1188  2923483         
  26350 17450   103266.4565    75                 101153.1188  3003866         
Elapsed time = 257.45 sec. (171359.45 ticks, tree = 13.41 MB, solutions = 0)
  26741 17665    infeasible                       101153.1188  3085529         
  27318 18054    infeasible                       101153.1188  3164740         
  27953 18487   101193.1752    92                 101153.1188  3249601         
  28503 18839   101157.3316    62                 101153.1188  3321991         
  29128 19256   101715.4247    59                 101153.1188  3395028         
  29698 19655   106882.7445    71                 101153.1188  3465269         
  30371 20103   101153.1188    74                 101153.1188  3542424         
                                                     Cuts: 27                  
  30766 20323   108796.5647    51                 101153.1188  3623295         
                                                     Cuts: 32                  
  31400 20787   103561.9605    26                 101153.1188  3689070         
                                                      Cuts: 3                  
  31861 21093    infeasible                       101153.1188  3773144         
Elapsed time = 319.50 sec. (209577.34 ticks, tree = 15.95 MB, solutions = 0)
  32153 21255    infeasible                       101153.1188  3847873         
  32553 21523   101153.6175    80                 101153.1188  3926731         
                                                 Impl Bds: 12                  
  32911 21720    infeasible                       101153.3515  4007588         
                                                     Cuts: 10                  
  33491 22127   102450.6650    16                 101153.8786  4083489         
                                                     Fract: 3                  
  34052 22518   103099.7875    24                 101153.8786  4156230         
  34593 22903   103343.3608    21                 101154.7667  4222779         
                                                      Cuts: 9                  
  35130 23234    infeasible                       101155.1151  4298851         
                                                      Cuts: 5                  
  35520 23481   101190.5039    72                 101155.1151  4370614         
  35926 23708   102790.3587    67                 101156.6434  4448414         
  36236 23827   102341.2764    40                 101156.8434  4534754         
Elapsed time = 381.64 sec. (247871.07 ticks, tree = 17.92 MB, solutions = 0)
  36616 24071   109417.5012    34                 101160.4488  4608999         
  37196 24498   104126.7270    44                 101161.3609  4683969         
                                                     Cuts: 15                  
  37586 24730   105762.9286    66                 101161.5729  4760939         
  37902 24891   103012.2161    60                 101163.8664  4836952         
                                                     Cuts: 12                  
  38303 25120   103242.5812    56                 101164.5190  4908354         
                                                  Impl Bds: 6                  
  38755 25419   101164.5190    84                 101164.5190  4978755         
  39256 25754   102094.3948    59                 101164.5190  5050753         
  39643 25941   101210.8039    73                 101164.5190  5132079         
  40088 26181   110685.7842    48                 101164.5190  5209137         
  40449 26362   101822.3709    81                 101164.5190  5290840         
Elapsed time = 440.66 sec. (286123.49 ticks, tree = 19.76 MB, solutions = 0)
  40860 26591    infeasible                       101166.2567  5362705         
  41135 26730    infeasible                       101168.1787  5438250         
  41635 27056    infeasible                       101168.4273  5515037         
  41972 27215    infeasible                       101168.6175  5599470         
  42325 27430   101455.3732    77                 101168.6175  5668866         
  42848 27781    infeasible                       101175.0233  5740980         
  43075 27872    infeasible                       101179.5068  5822434         
  43341 27992   101556.1553    82                 101179.5068  5891768         
  43678 28180   104312.1792    65                 101181.5453  5964357         
  44109 28447   107695.9996    47                 101186.1759  6047308         
Elapsed time = 499.20 sec. (324522.21 ticks, tree = 21.29 MB, solutions = 0)
  44817 28997   102023.7342    37                 101188.8333  6113044         
  45400 29433   110753.7957    58                 101190.1790  6186397         
  45793 29650    infeasible                       101190.1922  6266368         
  46144 29841   101315.9733    64                 101193.1752  6346863         
  46421 29940   113646.3297    47                 101200.1503  6433177         
  46740 30090   102112.0834    74                 101205.0970  6517223         
  47033 30214    infeasible                       101206.8121  6594153         
  47423 30434   101567.4611    62                 101206.8121  6677540         
  47655 30528    infeasible                       101206.8121  6761876         
  47952 30688   103357.4563    48                 101206.8121  6838045         
Elapsed time = 557.39 sec. (362710.92 ticks, tree = 22.93 MB, solutions = 0)
  48333 30909    infeasible                       101206.8121  6921291         
  48649 31061    infeasible                       101206.8121  7005589         
  48974 31232   109975.1462    65                 101210.7450  7084707         
  49281 31329    infeasible                       101214.7424  7176350         
  49818 31672   102623.1533    22                 101214.9072  7256614         
  51013 32646   102195.1400    15                 101214.9072  7331712         
  52234 33652   102181.4680    46                 101214.9072  7407609         
  53338 34552   101796.5482    33                 101214.9072  7483422         
  54533 35524   104456.8215    24                 101214.9072  7559900         
  55511 36293   103385.6405    23                 101214.9072  7631590         
Elapsed time = 615.56 sec. (400900.25 ticks, tree = 28.38 MB, solutions = 0)
  56486 37059   105937.5204    38                 101214.9072  7703712         
  57617 37979    infeasible                       101214.9072  7783572         
  58621 38737   108464.8772    33                 101214.9072  7872534         
                                                      Cuts: 6                  
  59652 39577   102115.6802    17                 101214.9072  7942685         
  60313 40026    infeasible                       101217.6916  8032495         
  60625 40164   102359.4943   101                 101217.6916  8121819         
  60865 40244    infeasible                       101225.4393  8206962         
                                                     Cuts: 12                  
  61259 40501   101774.5786    75                 101228.6870  8263564         
  61897 40922   111029.9063    13                 101236.7016  8347921         
  62345 41177   101965.8184    23                 101238.6056  8433790         
Elapsed time = 674.53 sec. (439109.18 ticks, tree = 31.95 MB, solutions = 0)
  62813 41417   106226.1059    30                 101241.3005  8519578         
  63359 41745   101351.5082    67                 101241.3005  8596181         
  63859 42058   101317.6433    51                 101246.1069  8669727         
  64317 42312    infeasible                       101249.8624  8752342         
  64647 42486   102320.1581    45                 101249.8624  8836048         
  65067 42693   103177.4140    39                 101256.0341  8913442         
  65437 42862   101772.4028    45                 101262.2278  9002026         
  65771 43018   106106.4021    44                 101262.2278  9087305         
  66123 43220    infeasible                       101262.2278  9173413         
  66623 43524   104694.3613    31                 101262.9702  9263519         
Elapsed time = 732.70 sec. (477376.83 ticks, tree = 33.69 MB, solutions = 0)
  66969 43664    infeasible                       101269.6553  9350115         
  67327 43786    infeasible                       101271.1381  9433389         
                                                      Cuts: 6                  
  67746 43977   107222.0533    61                 101271.1381  9507326         
  68040 44098   101271.1381    77                 101271.1381  9582732         
  68392 44295   111559.5612    34                 101271.1381  9651971         
  68718 44457   110206.6696    41                 101271.1381  9730103         
  69155 44713   101271.1381    82                 101271.1381  9802373         
  69606 44998   102655.9215    53                 101271.1381  9874669         
  69939 45151    infeasible                       101271.1381  9946768         
  70327 45356   101271.1381    70                 101271.1381 10029073         
Elapsed time = 791.81 sec. (515665.51 ticks, tree = 35.04 MB, solutions = 0)
  70635 45493    infeasible                       101271.1381 10110885         
  70896 45595   102240.4422    47                 101271.1381 10192856         
  71235 45804   105714.1576    65                 101271.1381 10257684         
  71751 46134   111557.9640    29                 101271.1381 10334565         
  72176 46403    infeasible                       101271.1381 10404667         
  72429 46505   101799.8767    98                 101271.1381 10477601         
  72687 46575   102789.3294    75                 101282.9262 10556321         
  72999 46715    infeasible                       101287.4447 10636618         
  73333 46906    infeasible                       101291.2283 10715998         
  73689 47052    infeasible                       101296.7371 10795718         
Elapsed time = 853.69 sec. (553886.82 ticks, tree = 36.29 MB, solutions = 0)
  74139 47353    infeasible                       101303.5366 10869974         
  74657 47691   103733.2602    55                 101303.5366 10957956         
  75074 47947    infeasible                       101303.5366 11037388         
  75411 48134   107228.7262    35                 101303.5366 11109717         
  75706 48301    infeasible                       101304.9773 11178104         
  76072 48516    infeasible                       101308.6714 11254943         
  76310 48610    infeasible                       101308.6714 11332309         
  76605 48694   101408.2800    77                 101309.6594 11422186         
  76962 48870   111880.5421    47                 101310.7844 11509352         
  77367 49098   106963.5966    20                 101310.7844 11577394         
Elapsed time = 916.53 sec. (592175.53 ticks, tree = 37.78 MB, solutions = 0)
  77710 49233   102240.4422    34                 101311.1725 11652484         
  78020 49393    infeasible                       101311.1725 11726242         
  78288 49517   101843.9012    50                 101311.1725 11805659         
  78535 49594    infeasible                       101311.6565 11893263         
  78848 49749   101736.5612    35                 101313.7444 11970825         
  79317 50046    infeasible                       101313.7444 12053113         
  79624 50169   101732.2969    52                 101313.7495 12129005         
  79943 50269   105767.2886    61                 101313.7495 12209357         
  80304 50413    infeasible                       101313.7495 12291921         
  80638 50563   108290.2338    62                 101317.2653 12374439         
Elapsed time = 979.20 sec. (630453.71 ticks, tree = 38.88 MB, solutions = 0)
  81035 50793   101835.9894    76                 101320.6352 12454916         
  81375 50865    infeasible                       101322.7102 12533280         
  81716 50998   105188.0436    64                 101324.0295 12612495         
  82252 51371   102635.3558    60                 101324.0295 12680142         
  82944 51881   105973.4238    37                 101324.0295 12760652         
  83544 52272    infeasible                       101324.0373 12846583         
  84145 52668   103020.9840    14                 101324.0373 12925174         
                                                  Impl Bds: 2                  
  84737 53071   101796.5483    50                 101324.0373 13010942         
  85497 53630   107690.1208    54                 101324.0373 13100374         
  86041 53994   101324.0373    62                 101324.0373 13185233         
Elapsed time = 1043.02 sec. (668690.12 ticks, tree = 41.39 MB, solutions = 0)
  86470 54268   106979.6346    53                 101324.0373 13271570         
  87047 54670    infeasible                       101324.0373 13357978         
  87468 54941   103451.5941    34                 101324.0373 13442338         
                                                  Impl Bds: 3                  
  87816 55129   101325.3319    49                 101325.3319 13531357         
  88387 55509   101427.8671    84                 101326.4064 13612184         
  88702 55651    infeasible                       101328.1972 13695346         
  89166 55982   101912.8029    47                 101328.6463 13765113         
  89682 56282    infeasible                       101334.6431 13839363         
  90105 56536    infeasible                       101337.0599 13911505         
  90736 56979    infeasible                       101337.0599 13991930         
Elapsed time = 1104.09 sec. (706966.01 ticks, tree = 43.60 MB, solutions = 0)
  91327 57389    infeasible                       101337.4773 14070491         
  91609 57463    infeasible                       101343.7673 14157117         
  91912 57581    infeasible                       101348.7855 14242970         
  92335 57849    infeasible                       101349.7068 14316351         
  92744 58065   103470.7043    57                 101353.4009 14408934         
  93116 58164   103470.7049    33                 101353.4009 14496186         
  93495 58310    infeasible                       101353.4009 14574416         
  93874 58454    infeasible                       101353.4009 14654355         
  94239 58573    infeasible                       101353.4009 14745014         
  94580 58706   101579.5263    41                 101353.4009 14824973         
Elapsed time = 1165.30 sec. (745307.56 ticks, tree = 44.89 MB, solutions = 0)
  94876 58802   113154.5665    30                 101353.4009 14912421         
  95342 59084    infeasible                       101354.4049 14997347         
  96018 59581   104879.5985    25                 101354.4049 15080800         
  96397 59756    infeasible                       101356.4563 15157511         
  97087 60225    infeasible                       101356.4563 15242737         
  97555 60496   110339.2941    30                 101360.9881 15324864         
  98024 60765   103738.9636    59                 101362.1583 15408366         
  98503 61024    infeasible                       101366.3630 15485009         
  98807 61170   102116.7933    42                 101368.3987 15562836         
  99426 61612   101368.3987    62                 101368.3987 15646195         
Elapsed time = 1226.19 sec. (783566.88 ticks, tree = 47.05 MB, solutions = 0)
  99812 61805    infeasible                       101373.2698 15736803         
 100122 61940   101736.5612    34                 101378.6634 15821142         
 100883 62464   101378.6634    62                 101378.6634 15900103         
 101660 63037   101719.3654    52                 101378.6634 15989558         
 102208 63401   102427.7831    17                 101381.9974 16075889         
 102860 63869   102517.4988    29                 101384.7189 16150683         
 103185 63990   102358.8520    72                 101390.2349 16227983         
 103502 64122   108475.8159    35                 101390.2349 16309321         
 103940 64358   101414.7748    62                 101390.2349 16394811         
 104410 64633   102750.0804    44                 101390.2349 16476228         
Elapsed time = 1287.45 sec. (821812.19 ticks, tree = 49.31 MB, solutions = 0)
 104895 64902    infeasible                       101390.2349 16556904         
 105234 65063    infeasible                       101390.2349 16640470         
 105636 65282   101430.9665    66                 101390.2349 16707228         
 105933 65436   103667.8556    22                 101390.2349 16785869         
 106403 65710    infeasible                       101390.2349 16865633         
 106791 65919    infeasible                       101390.2349 16951213         
 107212 66163   106095.9026    65                 101390.4427 17033739         
 107809 66553   101764.1522    14                 101390.9031 17103833         
 108836 67335   103527.1970    66                 101390.9031 17189434         
 109814 68102   102173.0807    37                 101390.9031 17277754         
Elapsed time = 1348.17 sec. (860086.21 ticks, tree = 54.72 MB, solutions = 0)
 110312 68392   107085.9559    50                 101391.2237 17373477         
 110649 68481   101391.2237    62                 101391.2237 17457186         
 110953 68514    infeasible                       101392.2128 17547772         
 111349 68711    infeasible                       101392.2128 17632714         
 111638 68855   102442.3932    10                 101394.3416 17709342         
 112502 69517   101394.3416    62                 101394.3416 17787194         
 113042 69869   102808.6378    39                 101398.3725 17877078         
                                                      Cuts: 9                  
 113481 70106   102596.1146    25                 101402.5350 17956070         
 113989 70446    infeasible                       101402.5350 18028087         
 114446 70670   101402.7748    61                 101402.7748 18104602         
Elapsed time = 1410.99 sec. (898278.76 ticks, tree = 56.64 MB, solutions = 0)
 114922 70982   108729.5620    27                 101403.5954 18179263         
 115532 71447    infeasible                       101403.5954 18249973         
 116086 71857   105420.3759    48                 101403.5954 18314963         
 116678 72271    infeasible                       101403.5954 18384279         
 117070 72489   101957.0597    34                 101405.7194 18452102         
 117629 72817   108914.9847    67                 101409.8265 18533287         
 118026 72980    infeasible                       101411.7060 18621896         
 118383 73146   101420.6344    68                 101420.6344 18704072         
 119124 73735    infeasible                       101423.1481 18781342         
 119580 74031   110286.3113    31                 101424.0005 18855545         
Elapsed time = 1471.31 sec. (936564.15 ticks, tree = 59.06 MB, solutions = 0)
 120060 74354    infeasible                       101424.0005 18928521         
 120498 74586    infeasible                       101426.1698 19011715         
 120793 74693   102798.6803    29                 101432.3006 19096864         
 121174 74849    infeasible                       101435.4298 19173778         
 121429 74870   107221.3267    75                 101436.1944 19257118         
 121880 75133   102140.7604    39                 101437.5551 19328425         
 122547 75572   108703.8757    50                 101438.4039 19414437         
 122971 75838    infeasible                       101441.4882 19488598         
 123406 76117   101662.3246    52                 101441.8342 19571004         
 123713 76190    infeasible                       101441.8342 19667669         
Elapsed time = 1534.03 sec. (974941.95 ticks, tree = 60.67 MB, solutions = 0)
 124218 76507   115603.4762    17                 101444.1413 19738847         
 124670 76764   102993.6935    61                 101444.1413 19827609         
 125136 77038   101486.9528    83                 101445.0567 19919387         
 125567 77268   101445.5181    45                 101445.5181 20006668         
 125967 77446   107070.0799    31                 101446.2972 20096393         
 126303 77526   102145.5816    39                 101448.0230 20177591         
 126646 77633   102527.3974    62                 101448.0230 20256292         
 126987 77751    infeasible                       101454.7855 20344195         
 127258 77772   104013.0505    50                 101458.7493 20439600         
 127617 77887    infeasible                       101468.1395 20524057         
Elapsed time = 1596.24 sec. (1013258.98 ticks, tree = 61.93 MB, solutions = 0)
 127959 78031   101815.3933    44                 101473.6159 20593602         
 128248 78100   107603.4343    24                 101478.4426 20668472         
 128576 78257   109699.3197    29                 101483.1377 20746533         
 129192 78611   102305.8198    57                 101483.6972 20826411         
 129926 79078   101775.8425    79                 101483.6972 20910097         
 130504 79447    infeasible                       101483.6972 20990993         
 130895 79646   105653.4377    63                 101483.6972 21066719         
 131497 80059   104638.1881    14                 101488.0625 21133621         
 131863 80241   101543.3252    38                 101492.9090 21209036         
 132132 80268   101864.2748    50                 101493.4099 21299082         
Elapsed time = 1658.02 sec. (1051535.60 ticks, tree = 63.72 MB, solutions = 0)
 132475 80451   105452.8493    56                 101496.0203 21373957         
 132798 80559    infeasible                       101502.9990 21459000         
 133119 80642    infeasible                       101511.7746 21538810         
 133663 80953    infeasible                       101518.7306 21621416         
 133997 81099   103343.4499    39                 101523.7583 21695656         
 134384 81262    infeasible                       101531.3164 21792346         
 134761 81428    infeasible                       101532.3317 21875924         
 135027 81482   107844.7786    48                 101539.5650 21957850         
 135452 81722   104507.7447    17                 101540.8285 22035624         
 136106 82163   103853.3525    47                 101540.8285 22110968         
Elapsed time = 1717.28 sec. (1089730.87 ticks, tree = 65.14 MB, solutions = 0)
 136400 82249    infeasible                       101551.7321 22194045         
 136739 82429   104899.1314    50                 101551.7918 22289084         
 136953 82471    infeasible                       101552.8011 22380882         
                                                  Impl Bds: 5                  
 137240 82513   113017.8567    44                 101555.4158 22465253         
 137531 82654    infeasible                       101557.8402 22532100         
 137744 82705    infeasible                       101560.6893 22618138         
 137928 82753   112269.3685    75                 101564.2678 22696024         
 138193 82794   102063.5287    54                 101567.0943 22785176         
 138547 82987   108853.2158    77                 101567.0943 22867130         
 138939 83190   101939.7373    61                 101567.0943 22939717         
Elapsed time = 1776.14 sec. (1128074.67 ticks, tree = 65.92 MB, solutions = 0)
 139264 83334    infeasible                       101567.0943 23036948         
 139705 83601    infeasible                       101567.0943 23122645         
                                                      Cuts: 7                  
 140081 83844   101567.0943    62                 101567.0943 23210466         
 140433 84018    infeasible                       101567.4611 23304610         
 140664 84078    infeasible                       101569.5480 23392702         
 141042 84221   104995.5931    79                 101574.5278 23476741         
 141468 84441   107667.2719    27                 101576.0352 23554910         
 141773 84469   101960.1290    42                 101579.6023 23646457         
 142069 84545   101581.5067    42                 101580.6008 23730950         
 142508 84822   107595.1937    41                 101580.6008 23793354         
Elapsed time = 1836.53 sec. (1166446.27 ticks, tree = 67.15 MB, solutions = 0)
 142810 84970   102846.7917    34                 101580.6008 23873499         
 143204 85162    infeasible                       101581.2197 23953638         
 143580 85311   101583.7568    39                 101583.7568 24045775         
 143895 85465   106182.4025    17                 101586.0910 24109594         
 144207 85619    infeasible                       101586.8367 24186620         
 144442 85674   108769.1739    48                 101592.4502 24274514         
 144807 85886    infeasible                       101592.4502 24339738         
 145264 86184    infeasible                       101592.4502 24414748         
 145653 86410   106488.9724    54                 101592.4502 24494356         
 146035 86635   101740.8094    70                 101593.5623 24574334         
                                                      Cuts: 6                  
Elapsed time = 1896.44 sec. (1204756.02 ticks, tree = 68.51 MB, solutions = 0)
 146275 86679    infeasible                       101593.9246 24664651         
 146477 86705   102196.4867    37                 101598.0220 24745158         
 146732 86841   109397.1912    38                 101598.0220 24814043         
 147174 87104   106294.7227    33                 101598.0220 24890693         
 147755 87484   102185.9858    54                 101598.0220 24978941         
 148241 87819   113926.2985    45                 101598.0220 25059234         
 148643 88006   112552.7926    69                 101598.5410 25151150         
 148971 88141    infeasible                       101601.3946 25240080         
 149880 88876   110717.8385    51                 101601.3946 25311375         
 150308 89126   102284.5096    36                 101603.4231 25396677         
Elapsed time = 1954.50 sec. (1242977.60 ticks, tree = 70.37 MB, solutions = 0)
 150918 89575   104463.7552    16                 101603.4231 25479067         
 151385 89892   101629.3092    70                 101603.4231 25556250         
 151672 90001   110464.7464    60                 101606.6054 25639649         
 152151 90318   101608.1836    69                 101608.1836 25719436         
 152392 90427    infeasible                       101608.1836 25802944         
 152755 90585   106943.1128    52                 101612.2941 25881442         
 153415 91050    infeasible                       101615.5477 25965958         
 153605 91060   111358.3350    37                 101621.2127 26050017         
 153964 91221   102479.4344    15                 101627.4599 26124839         
 154665 91752   111773.2715    40                 101627.4599 26195146         
Elapsed time = 2013.08 sec. (1281272.56 ticks, tree = 72.37 MB, solutions = 0)
 155455 92384   102376.7408    65                 101627.4599 26270298         
 156043 92773   101627.4599    84                 101627.4599 26353235         
 156507 93050   102870.3998    37                 101627.4599 26433830         
 157019 93392    infeasible                       101627.4599 26508223         
 157682 93858   103568.5884    45                 101629.6451 26583064         
 158111 94096    infeasible                       101631.2273 26660889         
 158370 94216    infeasible                       101631.2273 26740446         
 158707 94370   103862.5754    83                 101635.4912 26819443         
 159155 94575   104870.8796    18                 101636.2107 26903037         
 159796 94945   105998.0291    11                 101636.2107 26986085         
Elapsed time = 2070.81 sec. (1319572.47 ticks, tree = 74.78 MB, solutions = 0)
 160704 95619    infeasible                       101636.2107 27055387         
 161581 96268   101636.2107    17                 101636.2107 27127103         
 162557 96990   101963.2832    20                 101636.2107 27201073         
 163173 97334   105844.6120    10                 101636.2107 27289399         
 163915 97816    infeasible                       101636.2107 27375082         
 164707 98354   102479.0520    11                 101636.2107 27451265         
 165569 98931   103004.3414    17                 101636.2107 27521919         
 166525 99560   102416.4259    19                 101636.2107 27592449         
 167473 99985   103777.9913    15                 101636.2107 27697578         
 168224 100360   101676.0111    12                 101636.2107 27813565         
Elapsed time = 2130.22 sec. (1357762.84 ticks, tree = 78.84 MB, solutions = 0)
 168963 100643    infeasible                       101636.2107 27920239         
 169635 100939    infeasible                       101636.2107 28036657         
 170326 101245    infeasible                       101636.2107 28151314         
 170963 101469    infeasible                       101636.2107 28276911         
 171645 101739   103792.3880    14                 101636.2107 28411473         
 172648 102272   101841.7192    12                 101636.2107 28518320         
 173748 102962   101852.7893    10                 101636.2107 28629042         
 174729 103541   101639.4777    11                 101636.2107 28733225         
 175638 104070   101676.0111    13                 101636.2107 28849086         
 176672 104704    infeasible                       101636.2107 28956750         
Elapsed time = 2189.58 sec. (1395965.52 ticks, tree = 82.31 MB, solutions = 0)
 177398 105050    infeasible                       101636.2107 29058973         
 178069 105319    infeasible                       101636.2107 29164226         
 178721 105596   103777.9913    13                 101636.2107 29267489         
 179435 105955   103792.3880    12                 101636.2107 29368956         
 180085 106221   101636.2107    12                 101636.2107 29472598         
 180962 106686    infeasible                       101636.2107 29582433         
 181713 107037    infeasible                       101636.2107 29708530         
 182461 107393   103777.9913    12                 101636.2107 29820387         
 183372 107930    infeasible                       101636.2107 29930455         
 184107 108237   109920.1776    12                 101636.2107 30053220         
Elapsed time = 2248.89 sec. (1434160.28 ticks, tree = 85.13 MB, solutions = 0)
 184941 108661    infeasible                       101636.2107 30176046         
 185698 108960    infeasible                       101636.2107 30305081         
 186687 109491    infeasible                       101636.2107 30410953         
 187592 109888   103792.3880    12                 101636.2107 30526822         
 188581 110592   101675.7729    15                 101636.2107 30632602         
 189232 110965    infeasible                       101636.2107 30747316         
 189798 111254   101675.7729    13                 101636.2107 30867114         
 190702 111613    infeasible                       101636.2107 30970077         
 191908 112155    infeasible                       101636.2107 31061301         
 192978 112782   101841.7192     9                 101636.2107 31167933         
Elapsed time = 2309.59 sec. (1472416.01 ticks, tree = 88.72 MB, solutions = 0)
 193864 113358    infeasible                       101636.2107 31289494         
 194608 113807   103787.2067    13                 101636.2107 31415355         
 195593 114313   102644.3416    12                 101636.2107 31517473         
 196583 114889   101636.2107    12                 101636.2107 31615276         
 197608 115465   101731.1173    10                 101636.2107 31713496         
 198602 116040   101841.7192    10                 101636.2107 31811674         
 199448 116494   101731.1173    10                 101636.2107 31929697         
 200253 116950    infeasible                       101636.2107 32029561         
 201119 117427    infeasible                       101636.2107 32139162         
 201988 117919   101865.6716    15                 101636.2107 32243051         
Elapsed time = 2372.00 sec. (1510588.20 ticks, tree = 92.81 MB, solutions = 0)
 202785 118320   101636.2107    20                 101636.2107 32364918         
 203622 118802   101854.8506    10                 101636.2107 32483253         
 204462 119309   101841.7192    11                 101636.2107 32597862         
 205325 119777    infeasible                       101636.2107 32712490         
 206067 120131    infeasible                       101636.2107 32826950         
 206767 120491    infeasible                       101636.2107 32956312         
 207723 121102    infeasible                       101636.2107 33051972         
 208541 121532   106218.3948    12                 101636.2107 33161596         
 209084 121749    infeasible                       101636.2107 33282570         
 209626 121944   101636.2107    11                 101636.2107 33388734         
Elapsed time = 2437.25 sec. (1548814.08 ticks, tree = 95.99 MB, solutions = 0)
 210362 122321    infeasible                       101636.2107 33493922         
 210992 122611   101636.2107    15                 101636.2107 33605301         
 211604 122849    infeasible                       101636.2107 33706868         
 212309 123194    infeasible                       101636.2107 33825213         
 212939 123516   101636.2107    15                 101636.2107 33953583         
 213788 123955   101747.4651    16                 101636.2107 34072331         
 214742 124494   102998.4646    13                 101636.2107 34176042         
 215386 124731    infeasible                       101636.2107 34323066         
 216150 125077   102049.0217    20                 101636.2107 34442921         
 216901 125461    infeasible                       101636.2107 34566834         
Elapsed time = 2502.80 sec. (1587028.28 ticks, tree = 98.76 MB, solutions = 0)
 217641 125749   101638.8964    12                 101636.2107 34704915         
 218611 126296   101870.7910     9                 101636.2107 34827507         
 219115 126392    infeasible                       101636.2107 34954552         
 219705 126577    infeasible                       101636.2107 35086812         
 220493 126853   101860.6999    12                 101636.2107 35200368         
 221405 127060    infeasible                       101636.2107 35301449         
 222245 127303    infeasible                       101636.2107 35410644         
 223229 127694    infeasible                       101636.2107 35515119         
 224089 127972    infeasible                       101636.2107 35630349         
 224743 128222   101675.7729    12                 101636.2107 35768752         
Elapsed time = 2568.06 sec. (1625254.10 ticks, tree = 100.97 MB, solutions = 0)
 225524 128635    infeasible                       101636.2107 35892548         
 226240 128888    infeasible                       101636.2107 36019786         
 227051 129124    infeasible                       101636.2107 36118756         
 227789 129464   102998.4646     7                 101636.2107 36218193         
 228268 129628   101841.7192    10                 101636.2107 36348598         
 228987 129871    infeasible                       101636.2107 36445081         
 229660 130207   101854.8506    12                 101636.2107 36559807         
 230435 130593   101675.7729    11                 101636.2107 36694164         
 231194 130906   101675.7729    14                 101636.2107 36825728         
 232018 131332    infeasible                       101636.2107 36948188         
Elapsed time = 2634.44 sec. (1663455.15 ticks, tree = 106.40 MB, solutions = 0)
 232597 131561   101805.7404    14                 101636.2107 37086764         
 233298 131764   101841.7192    13                 101636.2107 37184992         
 234178 132236   101639.4777    12                 101636.2107 37298434         
 235064 132582   101636.2107    11                 101636.2107 37406055         
 235881 132929    infeasible                       101636.2107 37521063         
 236473 133115    infeasible                       101636.2107 37633249         
 237062 133300   101676.0111    11                 101636.2107 37733898         
 237791 133641    infeasible                       101636.2107 37845785         
 238428 133803    infeasible                       101636.2107 37955811         
 239013 133949    infeasible                       101636.2107 38069347         
Elapsed time = 2696.00 sec. (1701645.37 ticks, tree = 108.49 MB, solutions = 0)
 239874 134392   101819.6874     6                 101636.2107 38178936         
 240642 134752    infeasible                       101636.2107 38296005         
 241345 135107    infeasible                       101636.2107 38397464         
 241885 135297    infeasible                       101636.2107 38502038         
 242473 135601   101675.7729    10                 101636.2107 38615199         
 243096 135874    infeasible                       101636.2107 38712199         
 243599 135988    infeasible                       101636.2107 38828722         
 244146 136114    infeasible                       101636.2107 38926816         
 244679 136298   104486.1404    17                 101636.2107 39020446         
 245343 136658   101636.2107    14                 101636.2107 39098903         
Elapsed time = 2761.30 sec. (1739876.75 ticks, tree = 110.62 MB, solutions = 0)
 245869 136886   101838.7891    17                 101636.2107 39208722         
 246439 137132    infeasible                       101636.2107 39304193         
 246863 137278    infeasible                       101636.2107 39414226         
 247434 137551    infeasible                       101636.2107 39492654         
 247847 137602   101841.7192    11                 101636.2107 39604935         
 248266 137679   101636.2107    15                 101636.2107 39701829         
 248666 137733   104628.0197    18                 101636.2107 39801018         
 249195 137868   101838.7891    14                 101636.2107 39898061         
 249646 137965   101636.2107    14                 101636.2107 39999261         
 249963 137980    infeasible                       101636.2107 40096971         
Elapsed time = 2825.99 sec. (1778059.68 ticks, tree = 111.66 MB, solutions = 0)
 250477 138106    infeasible                       101636.2107 40195919         
 250970 138197    infeasible                       101636.2107 40292808         
 251533 138334    infeasible                       101636.2107 40383849         
 251898 138345   101636.2107    17                 101636.2107 40481802         
 252304 138407    infeasible                       101636.2107 40575603         
 252780 138513    infeasible                       101636.2107 40668727         
 253304 138645    infeasible                       101636.2107 40766396         
 253764 138701    infeasible                       101636.2107 40865645         
 254339 138949   101636.2107    11                 101636.2107 40969755         
 254917 139177    infeasible                       101636.2107 41073514         
Elapsed time = 2895.78 sec. (1816259.93 ticks, tree = 112.61 MB, solutions = 0)
 255462 139358   101636.2107    12                 101636.2107 41163074         
 255961 139543   101852.7893    13                 101636.2107 41278204         
 256642 139928    infeasible                       101636.2107 41371485         
 257189 140130    infeasible                       101636.2107 41470470         
 257709 140305    infeasible                       101636.2107 41566482         
 258267 140529    infeasible                       101636.2107 41673881         
 258792 140654    infeasible                       101636.2107 41768890         
 259232 140783    infeasible                       101636.2107 41860331         
 259863 140948    infeasible                       101636.2107 41958769         
 260422 141135    infeasible                       101636.2107 42049584         
Elapsed time = 2964.89 sec. (1854490.51 ticks, tree = 114.15 MB, solutions = 0)
 260929 141322    infeasible                       101636.2107 42167088         
 261515 141576    infeasible                       101636.2107 42271616         
 261984 141754   102697.7403    14                 101636.2107 42378145         
 262486 141860   101675.7729    10                 101636.2107 42470235         
 263012 142072   101636.2107    16                 101636.2107 42559534         
 263539 142251    infeasible                       101636.2107 42647017         
 264034 142320    infeasible                       101636.2107 42748672         
 264643 142610    infeasible                       101636.2107 42830258         
 265153 142798   101636.2107    17                 101636.2107 42921655         
 265709 142985    infeasible                       101636.2107 43013206         
Elapsed time = 3033.02 sec. (1892703.17 ticks, tree = 115.59 MB, solutions = 0)
 266265 143115    infeasible                       101636.2107 43096059         
 266854 143204    infeasible                       101636.2107 43183050         
 267468 143342    infeasible                       101636.2107 43272493         
 268022 143481   101647.9965    14                 101636.2107 43361794         
 268622 143633   101638.4540    16                 101636.2107 43451384         
 269289 143988    infeasible                       101636.2107 43534855         
 269877 144206   101860.6999    12                 101636.2107 43623621         
 270477 144366   101636.2107    14                 101636.2107 43704911         
 271077 144495   101636.2107    14                 101636.2107 43794960         
 271614 144591   102154.4018    14                 101636.2107 43890272         
Elapsed time = 3100.02 sec. (1930909.58 ticks, tree = 116.85 MB, solutions = 0)
 272157 144755   107236.4307    13                 101636.2107 43983705         
 272731 144996   101638.8964    14                 101636.2107 44073161         
 273288 145167    infeasible                       101636.2107 44168392         
 273887 145360   109331.3421    18                 101636.2107 44253737         
 274635 145790   102416.4259    16                 101636.2107 44330267         
 275313 146142   101902.2948    16                 101636.2107 44412433         
 275692 146217   101797.7799    20                 101636.2107 44500355         
 276262 146505   103137.6599    13                 101636.2107 44582155         
 276806 146765   103109.5787    18                 101636.2107 44667430         
 277410 147115   106587.5113    14                 101636.2107 44745470         
Elapsed time = 3166.63 sec. (1969131.69 ticks, tree = 118.75 MB, solutions = 0)
 278170 147532   101636.2107    24                 101636.2107 44822395         
 278919 147992   101879.4628    19                 101636.2107 44906800         
 279303 148098   102066.1174    14                 101636.2107 44992739         
 279886 148368   101636.2107    21                 101636.2107 45077884         
 280507 148687   101636.2107    22                 101636.2107 45162416         
 281105 149011   103887.7990    15                 101636.2107 45247863         
 281475 149115   102439.1669    21                 101636.2107 45343965         
 281986 149341    infeasible                       101636.2107 45423648         
 282483 149575   103595.1103    16                 101636.2107 45518876         
 282976 149753    infeasible                       101636.2107 45621479         
Elapsed time = 3232.27 sec. (2007358.36 ticks, tree = 120.72 MB, solutions = 0)
 283513 150025    infeasible                       101636.2107 45706653         
 284062 150329   104628.0197    24                 101636.2107 45789645         
 284655 150626   102192.4427    13                 101636.2107 45869789         
 285084 150773    infeasible                       101636.2107 45967492         
 285659 151036   106762.8253    16                 101636.2107 46053138         
 286125 151208   104628.0197    22                 101636.2107 46152009         
 286596 151370   102605.8476    17                 101636.2107 46247836         
 287205 151658   101636.2107    17                 101636.2107 46343689         
 287928 152060   101644.0097    24                 101636.2107 46433595         
 288648 152497    infeasible                       101636.2107 46519602         
Elapsed time = 3301.17 sec. (2045784.98 ticks, tree = 122.81 MB, solutions = 0)
 289161 152723    infeasible                       101636.2107 46613193         
 289724 152983    infeasible                       101636.2107 46707241         

Clique cuts applied:  82
Implied bound cuts applied:  136
Flow cuts applied:  81
Mixed integer rounding cuts applied:  124
Gomory fractional cuts applied:  24

Root node processing (before b&c):
  Real time             =    0.50 sec. (244.49 ticks)
Sequential b&c:
  Real time             = 3317.95 sec. (2055739.64 ticks)
                          ------------
Total (root+branch&cut) = 3318.45 sec. (2055984.13 ticks)
MIQP status(114): aborted, no integer solution
Cplex Time: 3318.45sec (det. 2055984.13 ticks)
CPLEX Error  1217: No solution exists.
Problem aborted, no integer solution found.
Batchvorgang abbrechen (J/N)? 
--- Restarting execution
--- Locational instrument.gms(245) 2 Mb
--- Reading solution for model LOCI
--- Executing after solve: elapsed 0:55:19.008
--- Locational instrument.gms(260) 3 Mb
*** Error at line 260: division by zero (0)
--- Locational instrument.gms(267) 3 Mb 1 Error
--- GDX File C:\Users\a.eicke\Documents\Locational-investment-signals\Three node models\Cost minimization\test_with_instrument.gdx
--- Locational instrument.gms(267) 3 Mb 1 Error
*** Status: Execution error(s)
--- Job Locational instrument.gms Stop 10/27/21 23:55:13 elapsed 0:55:19.008
