--- Job with_locational instrument.gms Start 10/28/21 00:02:49 30.3.0 rc5da09e WEX-WEI x86 64bit/MS Windows
--- GAMS Parameters defined
    Input C:\Users\a.eicke\Documents\Locational-investment-signals\Three node models\Cost minimization\with_locational instrument.gms
    PageSize 0
    ScrDir C:\Users\a.eicke\Documents\Locational-investment-signals\Three node models\Cost minimization\225b\
    SysDir C:\GAMS\win64\30.3\
    LogOption 3
    ErrMsg 1
    ErrorLog 99
    IDE 1
    LstTitleLeftAligned 1
GAMS 30.3.0   Copyright (C) 1987-2020 GAMS Development. All rights reserved
Licensee: Small MUD - 5 User License                     S190305:0326AO-WIN
          Hertie School of Governance GmbH, Governance of DigitalizaDC14808
--- Starting compilation
--- with_locational instrument.gms(69) 3 Mb
--- GDXin=C:\Users\a.eicke\Documents\Locational-investment-signals\Three node models\Cost minimization\in.gdx
--- with_locational instrument.gms(267) 3 Mb
--- Starting execution: elapsed 0:00:00.014
--- with_locational instrument.gms(242) 4 Mb
--- Generating MIQCP model LOCI
--- with_locational instrument.gms(245) 7 Mb
---   2,155 rows  1,582 columns  5,921 non-zeroes
---   58 nl-code  8 nl-non-zeroes
---   424 discrete-columns
--- with_locational instrument.gms(245) 5 Mb
--- Executing CPLEX: elapsed 0:00:00.038

IBM ILOG CPLEX   30.3.0 rc5da09e Released Mar 06, 2020 WEI x86 64bit/MS Window
--- GAMS/Cplex licensed for continuous and discrete problems.
Cplex 12.10.0.0

The search will stop after 25000000 nodes.
Reading data...
Starting Cplex...
Space for names approximately 0.11 Mb
Use option 'names no' to turn use of names off
Version identifier: 12.10.0.0 | 2019-11-26 | 843d4de2ae
CPXPARAM_Advance                                 0
CPXPARAM_Threads                                 1
CPXPARAM_Parallel                                1
CPXPARAM_MIP_Display                             4
CPXPARAM_Simplex_Limits_Iterations               2000000000
CPXPARAM_MIP_Limits_Nodes                        25000000
CPXPARAM_TimeLimit                               40000
CPXPARAM_Tune_TimeLimit                          8000
CPXPARAM_MIP_Tolerances_AbsMIPGap                0
CPXPARAM_MIP_Tolerances_MIPGap                   0.10000000000000001
CPXPARAM_WorkDir                                 "C:\Users\a.eicke\Documents\Locational-investment-signals\Three node models\Cost minimization\225b\"
Tried aggregator 2 times.
MIQP Presolve eliminated 756 rows and 245 columns.
MIQP Presolve modified 550 coefficients.
Aggregator did 49 substitutions.
Reduced MIQP has 1350 rows, 1279 columns, and 3972 nonzeros.
Reduced MIQP has 356 binaries, 0 generals, 0 SOSs, and 0 indicators.
Reduced MIQP objective Q matrix has 8 nonzeros.
Presolve time = 0.01 sec. (5.01 ticks)
Probing fixed 42 vars, tightened 254 bounds.
Probing time = 0.00 sec. (3.57 ticks)
Cover probing fixed 0 vars, tightened 320 bounds.
Tried aggregator 1 time.
MIQP Presolve eliminated 46 rows and 46 columns.
MIQP Presolve modified 524 coefficients.
Reduced MIQP has 1304 rows, 1233 columns, and 3838 nonzeros.
Reduced MIQP has 314 binaries, 0 generals, 0 SOSs, and 0 indicators.
Reduced MIQP objective Q matrix has 8 nonzeros.
Presolve time = 0.00 sec. (1.73 ticks)
Classifier predicts products in MIQP should be linearized.
Probing fixed 0 vars, tightened 207 bounds.
Probing time = 0.02 sec. (4.27 ticks)
Cover probing fixed 0 vars, tightened 1 bounds.
Clique table members: 1286.
MIP emphasis: balance optimality and feasibility.
MIP search method: dynamic search.
Parallel mode: none, using 1 thread.
Tried aggregator 1 time.
Aggregator did 314 substitutions.
Reduced QP has 990 rows, 919 columns, and 3210 nonzeros.
Reduced QP objective Q matrix has 8 nonzeros.
Presolve time = 0.00 sec. (0.95 ticks)
Parallel mode: none, using 1 thread for barrier

***NOTE: Found 8 dense columns.

Number of nonzeros in lower triangle of A*A' = 4044
Using Approximate Minimum Degree ordering
Total time for automatic ordering = 0.00 sec. (0.45 ticks)
Summary statistics for Cholesky factor:
  Rows in Factor            = 998
  Integer space required    = 2375
  Total non-zeros in factor = 11234
  Total FP ops to factor    = 176450
 Itn      Primal Obj        Dual Obj  Prim Inf Upper Inf  Dual Inf          
   0   3.0172181e+05  -1.6241119e+06  3.57e+04  1.04e+04  1.95e+03
   1   1.9420934e+05  -1.4434904e+06  2.91e+04  8.49e+03  1.60e+03
   2   1.6868908e+05  -1.0249458e+06  1.81e+04  5.28e+03  9.92e+02
   3   1.4879449e+05  -6.4713026e+05  1.09e+04  3.18e+03  5.97e+02
   4   1.2679348e+05  -2.2217539e+05  4.10e+03  1.19e+03  2.24e+02
   5   1.1743008e+05  -5.7576098e+04  1.40e+03  4.09e+02  7.67e+01
   6   1.0842062e+05   2.4704775e+04  6.03e+02  1.76e+02  3.30e+01
   7   1.0593337e+05   5.7463264e+04  2.67e+02  7.79e+01  1.46e+01
   8   1.0440924e+05   7.2596736e+04  1.38e+02  4.02e+01  7.54e+00
   9   1.0298604e+05   8.6344908e+04  4.08e+01  1.19e+01  2.24e+00
  10   1.0204841e+05   9.4653650e+04  1.27e+01  3.72e+00  6.97e-01
  11   1.0157651e+05   9.8057985e+04  4.67e+00  1.36e+00  2.56e-01
  12   1.0130593e+05   1.0005030e+05  1.07e+00  3.12e-01  5.85e-02
  13   1.0123096e+05   1.0058792e+05  5.47e-01  1.60e-01  3.00e-02
  14   1.0116453e+05   1.0106087e+05  8.67e-02  2.53e-02  4.75e-03
  15   1.0115569e+05   1.0112941e+05  2.20e-02  6.41e-03  1.20e-03
  16   1.0115330e+05   1.0114882e+05  3.74e-03  1.09e-03  2.05e-04
  17   1.0115282e+05   1.0115271e+05  8.92e-05  2.60e-05  4.88e-06
  18   1.0115281e+05   1.0115280e+05  1.67e-06  4.86e-07  9.12e-08
  19   1.0115280e+05   1.0115280e+05  4.16e-05  5.04e-09  9.46e-10
  20   1.0115260e+05   1.0115280e+05  4.50e-03  6.13e-11  8.19e-10
Barrier time = 0.02 sec. (16.33 ticks)

QP crossover.
  Primal and Dual:  Fixing 530 variables.
  Primal:  Pushed 245, exchanged 194.
  Dual  :  Pushed 41, exchanged 193.

Iteration log . . .
Iteration:     1    Objective     =        101152.804583
Removing shift (1980).
Total crossover time = 0.02 sec. (11.19 ticks)

Total time on 1 threads = 0.03 sec. (28.58 ticks)
Root relaxation solution time = 0.03 sec. (28.58 ticks)

        Nodes                                         Cuts/
   Node  Left     Objective  IInf  Best Integer    Best Bound    ItCnt     Gap

      0     0   101152.8046    91                 101152.8046       23         
      0     0   101152.8046    91                   Cuts: 426      740         
      0     0   101152.8046    91                   Cuts: 358     1043         
      0     0   101152.8046    91                   Cuts: 211     1341         
      0     0   101152.8046    91                   Cuts: 275     1591         
      0     0   101152.8046    91                   Cuts: 179     1685         
      0     0   101152.8046    91                    Cuts: 35     1703         
      0     2   101152.8046    94                 101152.8046     1703         
Elapsed time = 0.89 sec. (411.31 ticks, tree = 0.01 MB, solutions = 0)
     58    54   110624.4571    52                 101152.8046     6615         
    136   112   102638.7177    27                 101152.8046    12704         
                                                      Cuts: 7                  
    201   165   103400.0221    29                 101152.8046    18589         
                                                      Cuts: 2                  
    251   197    infeasible                       101152.8046    24085         
                                                  Impl Bds: 3                  
    308   230   101795.7023    23                 101152.8046    30493         
                                                  Impl Bds: 7                  
    380   282   101248.6818    11                 101152.8046    36196         
    440   319    infeasible                       101152.8046    42730         
    473   330   101195.2222    19                 101152.8046    49596         
                                                  Flowcuts: 1                  
    530   360    infeasible                       101152.8046    56598         
                                                   MIRcuts: 1                  
    728   492    infeasible                       101152.8046    81580         
                                                      Cuts: 6                  
Elapsed time = 6.80 sec. (3553.23 ticks, tree = 0.38 MB, solutions = 0)
    918   590   101567.0943    34                 101152.8046   106433         
                                                  Impl Bds: 3                  

Performing restart 1

Repeating presolve.
Tried aggregator 2 times.
MIQP Presolve eliminated 34 rows and 34 columns.
MIQP Presolve modified 182 coefficients.
Aggregator did 34 substitutions.
Reduced MIQP has 1236 rows, 1165 columns, and 3634 nonzeros.
Reduced MIQP has 314 binaries, 0 generals, 0 SOSs, and 0 indicators.
Reduced MIQP objective Q matrix has 8 nonzeros.
Presolve time = 0.00 sec. (3.17 ticks)
Tried aggregator 1 time.
MIQP Presolve modified 38 coefficients.
Reduced MIQP has 1236 rows, 1165 columns, and 3634 nonzeros.
Reduced MIQP has 314 binaries, 0 generals, 0 SOSs, and 0 indicators.
Reduced MIQP objective Q matrix has 8 nonzeros.
Presolve time = 0.00 sec. (1.60 ticks)
Represolve time = 0.03 sec. (10.95 ticks)
Tried aggregator 1 time.
QP Presolve eliminated 7 rows and 0 columns.
Aggregator did 201 substitutions.
Reduced QP has 1441 rows, 964 columns, and 4511 nonzeros.
Reduced QP objective Q matrix has 8 nonzeros.
Presolve time = 0.00 sec. (1.14 ticks)
Parallel mode: none, using 1 thread for barrier

***NOTE: Found 8 dense columns.

Number of nonzeros in lower triangle of A*A' = 9256
Using Approximate Minimum Degree ordering
Total time for automatic ordering = 0.00 sec. (0.86 ticks)
Summary statistics for Cholesky factor:
  Rows in Factor            = 1449
  Integer space required    = 5250
  Total non-zeros in factor = 29053
  Total FP ops to factor    = 756227
 Itn      Primal Obj        Dual Obj  Prim Inf Upper Inf  Dual Inf          
   0   1.5247426e+06  -2.9921300e+06  5.53e+04  1.38e+04  7.01e+03
   1   1.1914480e+06  -2.6228181e+06  4.39e+04  1.10e+04  5.57e+03
   2   8.4285874e+05  -1.9998824e+06  2.74e+04  6.86e+03  3.47e+03
   3   4.7952886e+05  -1.2354926e+06  1.33e+04  3.32e+03  1.68e+03
   4   3.5651373e+05  -1.0720354e+06  7.90e+03  1.98e+03  1.00e+03
   5   1.7558491e+05  -3.7953669e+05  1.55e+03  3.88e+02  1.96e+02
   6   1.4373501e+05  -1.9415033e+05  6.77e+02  1.69e+02  8.57e+01
   7   1.2727279e+05  -1.0078982e+05  2.63e+02  6.59e+01  3.34e+01
   8   1.1323411e+05   4.6206005e+03  8.97e+01  2.25e+01  1.14e+01
   9   1.0779502e+05   4.6258310e+04  4.44e+01  1.11e+01  5.62e+00
  10   1.0461529e+05   7.1545365e+04  1.85e+01  4.64e+00  2.35e+00
  11   1.0335482e+05   8.3773447e+04  6.17e+00  1.54e+00  7.81e-01
  12   1.0220099e+05   9.3709592e+04  1.55e+00  3.89e-01  1.96e-01
  13   1.0175504e+05   9.6657988e+04  5.93e-01  1.48e-01  7.50e-02
  14   1.0137691e+05   9.9565839e+04  1.13e-01  2.83e-02  1.43e-02
  15   1.0126885e+05   1.0031376e+05  5.96e-02  1.49e-02  7.55e-03
  16   1.0121127e+05   1.0073255e+05  2.99e-02  7.49e-03  3.79e-03
  17   1.0116277e+05   1.0107286e+05  5.53e-03  1.39e-03  7.00e-04
  18   1.0115644e+05   1.0112277e+05  2.07e-03  5.20e-04  2.63e-04
  19   1.0115332e+05   1.0114861e+05  2.90e-04  7.25e-05  3.67e-05
  20   1.0115282e+05   1.0115271e+05  6.64e-06  1.66e-06  8.40e-07
  21   1.0115279e+05   1.0115280e+05  6.14e-05  2.51e-08  1.28e-08
  22   1.0115280e+05   1.0115280e+05  2.21e-05  2.28e-10  1.26e-10
  23   1.0115258e+05   1.0115280e+05  4.11e-03  1.83e-11  1.86e-11
Barrier time = 0.11 sec. (34.94 ticks)

QP crossover.
  Primal and Dual:  Fixing 539 variables.
  Primal:  Pushed 165, exchanged 306.
  Dual  :  Pushed 55, exchanged 305.

Iteration log . . .
Iteration:     1    Objective     =        101152.804583
Removing shift (2882).
Total crossover time = 0.03 sec. (16.15 ticks)

Total time on 1 threads = 0.14 sec. (52.35 ticks)
    992     0   101152.8046   123                   Cuts: 409   120732         
    992     0   101152.8046   123                   Cuts: 409   120939         
    992     0   101152.8046   123                   Cuts: 404   121121         
    992     0   101152.8046   123                   Cuts: 303   121221         
    992     0   101152.8046   123                   Cuts: 271   121341         
    992     0   101152.8046   123                   Cuts: 288   121437         
    992     0   101152.8046   123                   Cuts: 409   121489         
    992     0   101152.8046   123                   Cuts: 196   121557         
    992     2   101152.8046    83                 101152.8046   121557         
   1031    37   101334.5451    67                 101152.8046   125841         
   1092    90   101539.6671    80                 101152.8046   129880         
   1158   137   107132.3816    51                 101152.8046   143662         
   1248   209   107676.4119    69                 101152.8046   154534         
                                                     Cuts: 47                  
   1359   298   101217.6916    60                 101152.8046   167294         
   1454   363   101324.0295    57                 101152.8046   186120         
   1592   462   102035.9352    61                 101152.8046   204923         
   1696   517    infeasible                       101152.8046   227367         
Elapsed time = 23.01 sec. (13582.31 ticks, tree = 0.37 MB, solutions = 0)
   1827   626    infeasible                       101152.8046   243963         
   1944   707    infeasible                       101152.8046   264138         

Performing restart 2

Repeating presolve.
Tried aggregator 1 time.
Reduced MIQP has 1236 rows, 1165 columns, and 3634 nonzeros.
Reduced MIQP has 314 binaries, 0 generals, 0 SOSs, and 0 indicators.
Reduced MIQP objective Q matrix has 8 nonzeros.
Presolve time = 0.00 sec. (1.61 ticks)
Tried aggregator 1 time.
Reduced MIQP has 1236 rows, 1165 columns, and 3634 nonzeros.
Reduced MIQP has 314 binaries, 0 generals, 0 SOSs, and 0 indicators.
Reduced MIQP objective Q matrix has 8 nonzeros.
Presolve time = 0.02 sec. (1.60 ticks)
Represolve time = 0.06 sec. (13.37 ticks)
Tried aggregator 1 time.
QP Presolve eliminated 2 rows and 0 columns.
Aggregator did 226 substitutions.
Reduced QP has 1224 rows, 939 columns, and 4256 nonzeros.
Reduced QP objective Q matrix has 8 nonzeros.
Presolve time = 0.00 sec. (1.06 ticks)
Parallel mode: none, using 1 thread for barrier

***NOTE: Found 8 dense columns.

Number of nonzeros in lower triangle of A*A' = 7230
Using Approximate Minimum Degree ordering
Total time for automatic ordering = 0.00 sec. (0.89 ticks)
Summary statistics for Cholesky factor:
  Rows in Factor            = 1232
  Integer space required    = 4758
  Total non-zeros in factor = 24914
  Total FP ops to factor    = 745116
 Itn      Primal Obj        Dual Obj  Prim Inf Upper Inf  Dual Inf          
   0   4.4019989e+05  -2.1267985e+06  7.65e+04  3.39e+04  3.87e+03
   1   2.4289872e+05  -1.6758085e+06  5.37e+04  2.38e+04  2.72e+03
   2   2.2973484e+05  -1.0385746e+06  2.86e+04  1.27e+04  1.45e+03
   3   1.7806373e+05  -5.9923091e+05  1.62e+04  7.19e+03  8.20e+02
   4   1.5528176e+05  -3.6867665e+05  9.43e+03  4.18e+03  4.77e+02
   5   1.4596151e+05  -2.6397627e+05  6.42e+03  2.85e+03  3.25e+02
   6   1.1978165e+05  -2.7920283e+04  1.61e+03  7.16e+02  8.17e+01
   7   1.0891189e+05   3.8828745e+04  6.87e+02  3.05e+02  3.48e+01
   8   1.0525924e+05   6.8457586e+04  2.70e+02  1.20e+02  1.37e+01
   9   1.0373805e+05   8.1839262e+04  1.00e+02  4.45e+01  5.08e+00
  10   1.0286678e+05   9.0127513e+04  2.56e+01  1.14e+01  1.29e+00
  11   1.0216231e+05   9.4731137e+04  1.13e+01  5.02e+00  5.72e-01
  12   1.0155481e+05   9.8550736e+04  3.51e+00  1.56e+00  1.77e-01
  13   1.0130151e+05   1.0019131e+05  9.68e-01  4.30e-01  4.90e-02
  14   1.0122121e+05   1.0071052e+05  4.45e-01  1.98e-01  2.25e-02
  15   1.0116039e+05   1.0109681e+05  5.39e-02  2.39e-02  2.73e-03
  16   1.0115522e+05   1.0113466e+05  1.74e-02  7.74e-03  8.82e-04
  17   1.0115315e+05   1.0115026e+05  2.44e-03  1.08e-03  1.23e-04
  18   1.0115281e+05   1.0115275e+05  4.83e-05  2.14e-05  2.44e-06
  19   1.0115279e+05   1.0115280e+05  9.59e-05  3.19e-07  3.63e-08
  20   1.0115280e+05   1.0115280e+05  2.91e-05  2.55e-09  2.91e-10
  21   1.0115257e+05   1.0115280e+05  4.42e-03  3.49e-11  1.63e-09
Barrier time = 0.11 sec. (29.19 ticks)

QP crossover.
  Primal and Dual:  Fixing 505 variables.
  Primal:  Pushed 170, exchanged 272.
  Dual  :  Pushed 52, exchanged 270.

Iteration log . . .
Iteration:     1    Objective     =        101152.804582
Removing shift (2448).
Total crossover time = 0.02 sec. (16.64 ticks)

Total time on 1 threads = 0.13 sec. (47.01 ticks)
   1984     0   101152.8046   137                   Cuts: 409   276782         
   1984     0   101152.8046   137                   Cuts: 409   277133         
   1984     0   101152.8046   137                   Cuts: 409   277442         
   1984     0   101152.8046   137                   Cuts: 400   277615         
   1984     0   101152.8046   137                   Cuts: 217   277713         
   1984     0   101152.8046   137                   Cuts: 273   277795         
   1984     0   101152.8046   137                   Cuts: 114   277835         
   1984     0   101152.8046   137                   Cuts: 111   277863         
   1984     0   101152.8046   137                    Cuts: 61   277893         
   1984     2   101152.8046    94                 101152.8046   277893         
   2007    23   101441.4882    89                 101152.8046   281105         
   2037    46   102430.6926    60                 101152.8046   285694         
   2083    74   118706.9184    23                 101152.8046   293000         
   2129   105   103807.6269    49                 101152.8046   297163         
                                                     Cuts: 32                  
   2177   127   101606.9647    76                 101152.8046   306987         
   2217   145   101155.1151    74                 101152.8046   313179         
                                                     Cuts: 26                  
   2262   184   103148.2363    60                 101152.8046   319645         
Elapsed time = 42.00 sec. (25595.07 ticks, tree = 0.13 MB, solutions = 0)
   2298   207   102052.6181    72                 101152.8046   325662         
   2362   261   110640.8771    61                 101152.8046   333214         
                                                     Cuts: 34                  
   2389   277   101561.7630    60                 101152.8046   340064         
   2426   298   104403.7542    53                 101152.8046   349959         
   2496   345   103312.3858    66                 101152.8046   357974         
   2562   400   102839.8715    59                 101152.8046   364494         
                                                      Cuts: 7                  
   2637   460   104264.9618    32                 101152.8046   370206         
   2681   483   101432.5589    53                 101152.8046   379884         
   2750   540   103767.0574    41                 101152.8046   387112         
   2829   604   104076.2398    38                 101152.8046   392992         
Elapsed time = 56.39 sec. (35355.05 ticks, tree = 0.43 MB, solutions = 0)
   2893   652   101159.1906    56                 101152.8046   400861         
   2935   673   103919.7148    57                 101152.8046   412901         
   2992   705   103587.8146    58                 101152.8046   423898         
   3104   785   103070.4152    54                 101152.8046   436499         
   3259   893   103347.8301    31                 101152.8046   451421         
   3376   968   101308.6359    73                 101152.8046   460868         
   3494  1064   101152.8046    69                 101152.8046   469435         
   3556  1110   110468.3486    55                 101152.8046   480653         
   3663  1196   103029.4819    26                 101152.8046   491699         
   3777  1291   102661.2627    59                 101152.8046   505554         
Elapsed time = 70.95 sec. (44987.70 ticks, tree = 0.93 MB, solutions = 0)
   3902  1388   101303.5366    63                 101152.8046   517824         
   4011  1468    infeasible                       101152.8046   533866         
   4047  1485   104154.4634    39                 101152.8046   550771         
   4130  1549   105599.0554    47                 101152.8046   558543         
   4250  1647   102851.7136    79                 101152.8046   567723         
   4308  1692   111814.0003    70                 101152.8046   575103         
   4422  1786   103543.3928    35                 101152.8046   585707         
   4489  1826   101152.8046    76                 101152.8046   596949         
   4549  1872   104604.5427    65                 101152.8046   608062         
   4619  1912   101248.1626    84                 101152.8046   619967         
Elapsed time = 84.73 sec. (54666.01 ticks, tree = 1.33 MB, solutions = 0)
   4717  1986   104816.0430    72                 101152.8046   629827         
   4834  2088   103379.3732    32                 101152.8046   639725         
   4928  2161   104305.4980    45                 101152.8046   651397         
   5022  2231   106268.6822    36                 101152.8046   661627         
   5167  2343   101152.8046    83                 101152.8046   673088         
                                                     Cuts: 23                  
   5267  2430   103910.4907    52                 101152.8046   683796         
   5397  2521   102616.5038    38                 101152.8046   697230         
   5522  2623   102840.8495    31                 101152.8046   711420         
   5647  2713   101152.8046    79                 101152.8046   729434         
                                                      Cuts: 3                  
   5744  2787   101748.2725    42                 101152.8046   742547         
Elapsed time = 98.26 sec. (64319.25 ticks, tree = 1.99 MB, solutions = 0)
   5814  2833   101152.8726    74                 101152.8046   758548         
   5932  2919   101457.6467    91                 101152.8046   778151         
   6051  3017   101727.0276    75                 101152.8046   791217         
   6144  3075   101861.2481    74                 101152.8046   805812         
   6236  3145   101889.4695    72                 101152.8046   820967         
   6302  3186   115122.0940    56                 101152.8046   839375         
   6379  3228    infeasible                       101152.8046   856412         
   6425  3242   101156.8876    83                 101152.8046   876342         
   6527  3321   103279.8668    91                 101152.8046   888348         
   6581  3353   108104.7910    52                 101152.8046   904578         
Elapsed time = 112.33 sec. (74057.37 ticks, tree = 2.36 MB, solutions = 0)
   6625  3368   106777.3461    64                 101152.8046   923147         
   6696  3392   101447.6835    84                 101152.9054   937478         
                                                     Cuts: 12                  
   6749  3415   107717.9388    77                 101153.5014   952455         
   6820  3459   101226.8409    74                 101155.1151   966186         
   6890  3499   101608.9196    82                 101156.8876   978431         
                                                     Cuts: 14                  
   7021  3597   101345.2459    83                 101156.8876   989668         
   7102  3652   101214.5797    64                 101156.8876   999701         
                                                     Cuts: 13                  
   7228  3758   105128.1935    41                 101156.8876  1012266         
   7302  3804   101156.8876    79                 101156.8876  1021865         
                                                  Impl Bds: 6                  
   7325  3807   103106.7134    89                 101156.8876  1039356         
Elapsed time = 126.47 sec. (83781.10 ticks, tree = 2.66 MB, solutions = 0)
   7419  3874   101181.7891    83                 101156.8876  1053778         
   7468  3913   101851.4444    61                 101156.8876  1068738         
   7535  3945    infeasible                       101156.8876  1086755         
   7589  3965   101335.1784    80                 101156.8876  1107109         
   7725  4082   107542.6760    32                 101156.8876  1113353         
   7787  4118    infeasible                       101156.8876  1127320         
   7821  4119   105212.5095    66                 101156.8876  1146485         
   7934  4212    infeasible                       101156.8876  1156330         
   7964  4214   105587.7702   102                 101156.8876  1176986         
   8316  4460   104496.8480    58                 101161.5670  1236396         
Elapsed time = 144.76 sec. (96316.48 ticks, tree = 3.23 MB, solutions = 0)
   8520  4534   103470.7683    38                 101168.6175  1316656         
                                                      Cuts: 5                  
   8800  4703   101183.3131    79                 101172.7557  1366365         
                                                      Cuts: 5                  
   9012  4832    infeasible                       101174.3950  1420807         
   9194  4942   101672.0006    61                 101174.3950  1470116         
   9469  5125   104712.2720    68                 101174.3950  1529357         
   9771  5319    infeasible                       101176.3125  1590694         
   9957  5386   107508.7032    53                 101179.0779  1655944         
  10327  5658   101685.4130    90                 101180.6148  1718172         
  10715  5894   102485.2802    67                 101193.1752  1786906         
  10989  6022   102938.4278    48                 101197.0661  1859416         
Elapsed time = 201.83 sec. (134708.01 ticks, tree = 4.28 MB, solutions = 0)
  11298  6158    infeasible                       101229.7975  1932343         
  11495  6216   101234.1514    78                 101234.1514  2018274         
  11700  6292   113348.0690    96                 101236.7016  2099229         
  11995  6414    infeasible                       101239.9357  2183817         
  12309  6531   102390.9242    49                 101279.4228  2263319         
  12586  6674   101478.6037    87                 101303.5366  2325476         
  12802  6756   101312.9707    69                 101308.6359  2397182         
  13059  6895   103614.3080    70                 101308.6359  2471645         
  13308  6999   103354.6076    87                 101308.6359  2548026         
  13536  7125   101308.6359    77                 101308.6359  2618578         
Elapsed time = 259.64 sec. (173083.90 ticks, tree = 5.05 MB, solutions = 0)
  13815  7285   101310.6750    86                 101310.6750  2687219         
  14179  7546   107664.0004    36                 101310.6750  2756472         
  14384  7656   101449.5886    84                 101312.9707  2811670         
  14744  7914    infeasible                       101313.5538  2869475         
                                                  Impl Bds: 3                  
  14937  7991   108153.2408    63                 101319.4033  2939980         
                                                     Cuts: 11                  
  15174  8092   106116.2891    75                 101323.8027  3007203         
                                                      Cuts: 6                  
  15352  8164   101689.7612    94                 101323.8027  3076691         
  15681  8344    infeasible                       101324.0295  3149301         
                                                     Cuts: 24                  
  16095  8666   101598.0220    83                 101328.1972  3215356         
  16670  9109   112754.4762    58                 101328.1972  3285960         
Elapsed time = 315.91 sec. (211402.80 ticks, tree = 6.74 MB, solutions = 0)
  17053  9403   105083.9328    51                 101328.6463  3345280         
  17355  9604   101828.4412    61                 101328.8862  3405470         
  17612  9762   101490.3332    86                 101329.4284  3466655         
  17781  9840   104814.0866    45                 101332.3604  3523474         
  17947  9904    infeasible                       101335.1784  3575151         
  18119  9976   109170.0067    61                 101342.0170  3640052         
  18362 10108   109432.6990    67                 101345.2459  3710580         
  18577 10189   109947.2173    99                 101345.2459  3784873         
  18831 10301   101347.6459    84                 101347.6459  3857572         
  19061 10418   101347.6459    79                 101347.6459  3927904         
Elapsed time = 375.98 sec. (249655.17 ticks, tree = 7.65 MB, solutions = 0)
  19303 10554   107805.8425    77                 101347.6459  4000095         
  19604 10700   107201.9855    66                 101349.6299  4085494         
  19918 10890    infeasible                       101351.5537  4149262         
  20158 10996   101364.3056    85                 101364.3056  4216473         
  20512 11224   111913.8863    78                 101364.3056  4276279         
  20829 11390   102799.8384    74                 101381.7557  4341253         
  21080 11485   104481.6580    36                 101395.1006  4420948         
  21346 11615    infeasible                       101402.3619  4490714         
  21712 11820    infeasible                       101402.5350  4566286         
                                                     Cuts: 14                  
  21964 11921   105435.0093    51                 101402.7748  4642500         
                                                     Cuts: 10                  
Elapsed time = 436.86 sec. (287886.91 ticks, tree = 8.71 MB, solutions = 0)
  22260 12087   103422.4225    72                 101410.1399  4718806         
  22470 12149   104144.3399    90                 101410.1964  4806215         
  22676 12231    infeasible                       101410.1964  4885246         
  22886 12348   101425.8021    69                 101410.8126  4949042         
  23047 12389    infeasible                       101414.7687  5014330         
  23330 12555   102766.4578    31                 101417.1105  5076191         
  23604 12674    infeasible                       101427.0740  5148553         
  23836 12761   105587.9656    65                 101432.5589  5224330         
  24178 12994   101905.2647    17                 101432.5589  5269629         
  24598 13261   105031.7279    38                 101432.5589  5333761         
Elapsed time = 497.20 sec. (326313.24 ticks, tree = 9.69 MB, solutions = 0)
  25032 13542   102313.7178    34                 101432.5589  5403771         
  25577 13890   102675.1787    13                 101432.5589  5479531         
  26047 14176   105661.1706    35                 101434.8273  5557847         
  26703 14624   112971.3838    66                 101439.9496  5633855         
  26966 14753   101671.4705    96                 101441.4882  5703585         
  27244 14936    infeasible                       101443.9553  5766001         
  27517 15112   109982.9573    65                 101448.6819  5824778         
  27801 15288   114209.2989    47                 101452.8837  5888702         
  28073 15430    infeasible                       101458.3397  5955232         
  28567 15735    infeasible                       101458.3397  6024108         
                                                     Cuts: 14                  
Elapsed time = 555.50 sec. (364731.49 ticks, tree = 11.50 MB, solutions = 0)
  28962 15918   102091.3464    47                 101458.3397  6101423         
  29338 16123   103297.3515    65                 101458.5719  6175164         
                                                     Cuts: 15                  
  29641 16298   113889.7729    44                 101461.4144  6241637         
  29967 16460   101521.9450    61                 101464.7340  6313684         
  30202 16562   107638.5420    54                 101469.6821  6389550         
  30392 16650   118821.4104    46                 101471.0954  6453947         
  30604 16757   108084.8820    50                 101473.7311  6512733         
                                                     Cuts: 15                  
  30845 16860   102103.2398    69                 101475.7673  6574881         
  31102 16976   107029.2429    41                 101482.7874  6631681         
  31388 17169   102775.0206    57                 101486.2167  6688780         
Elapsed time = 612.64 sec. (402949.73 ticks, tree = 13.22 MB, solutions = 0)
  31704 17372   107807.0868    73                 101489.6416  6754242         
  31919 17439    infeasible                       101490.3607  6829200         
  32134 17492   109516.3439    75                 101491.9030  6919098         
  32462 17641   103179.0606    74                 101496.1140  6989063         
  32856 17869   103194.4935    44                 101496.1140  7056993         
  33249 18122   101911.6433    33                 101496.1140  7122459         
  33762 18434   101793.7093    71                 101496.1140  7199388         
  34057 18548   109461.1169    58                 101500.3742  7267068         
  34314 18638   103958.3327    65                 101506.2495  7329986         
                                                   Cliques: 2                  
  34565 18727   101541.8888    69                 101506.2495  7398765         
Elapsed time = 669.67 sec. (441239.64 ticks, tree = 14.38 MB, solutions = 0)
  34837 18853    infeasible                       101506.2495  7467302         
  34967 18893   102099.5925    57                 101506.9569  7531959         
                                                      Cuts: 4                  
  35191 18932   107615.6706    77                 101512.3358  7597661         
  35374 18997   108724.1506    52                 101518.2155  7661338         
  35649 19151   102307.5050    26                 101518.2155  7709857         
  35902 19284   101775.7762    33                 101518.2155  7762575         
  36147 19377   107682.7624    47                 101520.1406  7843171         
  36434 19517   106419.2861    65                 101521.9450  7913192         
  36705 19636    infeasible                       101533.1570  7974532         
  37008 19735   106025.8478    56                 101536.1829  8047667         
Elapsed time = 727.22 sec. (479562.76 ticks, tree = 15.14 MB, solutions = 0)
  37316 19866   107223.9515    53                 101549.1026  8115440         
  37613 20009   101655.7257    61                 101551.7321  8193868         
  37914 20192   102922.1091    25                 101551.7321  8275197         
  38251 20399   101553.0844    65                 101551.7321  8355687         
  38518 20538   101812.9440    88                 101551.7321  8435308         
  38873 20790   101674.7820    48                 101551.7321  8504018         
  39061 20874   106025.8478    54                 101551.7321  8572301         
  39251 20954    infeasible                       101551.7321  8637340         
  39468 21064    infeasible                       101551.7321  8709478         
  39649 21159   102352.0263    44                 101552.0597  8770708         
Elapsed time = 783.92 sec. (517842.35 ticks, tree = 16.16 MB, solutions = 0)
  39811 21243   103350.0914    20                 101552.3125  8818795         
  39984 21317    infeasible                       101553.0844  8884546         
  40247 21425    infeasible                       101553.0844  8971972         
  40537 21567    infeasible                       101553.0844  9064184         
  40788 21673    infeasible                       101553.0844  9150808         
  41003 21741   101631.0466    67                 101553.1526  9232951         
  41180 21808   105953.1733    91                 101554.3742  9303787         
  41395 21852    infeasible                       101561.5434  9370752         
  41689 21997    infeasible                       101561.7630  9445002         
  42014 22209   102385.8460    42                 101561.7630  9513969         
Elapsed time = 841.42 sec. (556310.34 ticks, tree = 16.94 MB, solutions = 0)
  42318 22390   103334.7308    28                 101561.7630  9587060         
  42644 22588   101561.7630    47                 101561.7630  9655960         
  42929 22760    infeasible                       101561.7630  9727007         
  43183 22897    infeasible                       101561.7630  9801194         
  43463 23062   103266.0769    56                 101561.9858  9862176         
  43756 23223    infeasible                       101562.2455  9932394         
  44025 23393   102673.6259    40                 101562.2455 10000551         
  44388 23605   102859.9979    40                 101562.2455 10074026         
  44725 23827    infeasible                       101562.2455 10147914         
  44975 23966    infeasible                       101562.2529 10223608         
Elapsed time = 897.53 sec. (594543.67 ticks, tree = 18.23 MB, solutions = 0)
  45254 24096   107724.8059    52                 101563.1386 10298648         
  45474 24221   114044.9764    38                 101563.3391 10354877         
  45695 24318   101632.8890    86                 101565.4703 10418100         
  45898 24382    infeasible                       101567.1686 10496206         
                                                     Cuts: 23                  
  46108 24407   102254.3126    45                 101568.7010 10579515         
  46370 24557    infeasible                       101568.7010 10633900         
  46537 24618   102893.6875    72                 101570.9253 10704357         
                                                      Cuts: 6                  
  46873 24781   102981.7436    36                 101573.2879 10777774         
  47097 24865   103465.7317    41                 101574.2035 10857372         
  47347 24963    infeasible                       101576.6831 10945926         
Elapsed time = 954.45 sec. (632768.47 ticks, tree = 18.97 MB, solutions = 0)
  47585 25065   107271.9222    86                 101579.2948 11008934         
  47802 25198    infeasible                       101579.3177 11074410         
  48029 25311    infeasible                       101579.9543 11148625         
  48255 25385   105766.3074    70                 101579.9543 11225883         
  48510 25490    infeasible                       101579.9543 11305094         
  48709 25547   103979.9254    37                 101581.3447 11383353         
  48953 25647    infeasible                       101584.5488 11448580         
  49163 25727   106286.6404    70                 101588.6064 11515578         
  49399 25805    infeasible                       101590.5368 11593346         
  49570 25872    infeasible                       101593.6895 11650383         
Elapsed time = 1010.28 sec. (671051.59 ticks, tree = 19.65 MB, solutions = 0)
  49788 25999   101652.9466    83                 101595.1557 11716452         
  50032 26110   107721.7279    66                 101598.5587 11786866         
  50223 26125    infeasible                       101600.1977 11879152         
  50475 26202   108551.2728    57                 101603.2431 11966979         
  50749 26326   102401.8494    54                 101603.2431 12054490         
  51000 26485   104734.0524    66                 101603.2431 12116415         
  51245 26640   108255.0781    60                 101603.2431 12167329         
  51474 26717   106153.9548    46                 101606.6054 12247507         
  51714 26880   110204.9167    40                 101606.6054 12305289         
  51924 26995   107201.5566    73                 101607.5144 12373844         
Elapsed time = 1067.67 sec. (709465.03 ticks, tree = 20.46 MB, solutions = 0)
  52129 27071    infeasible                       101607.5144 12454026         
  52314 27140   107563.8789    71                 101607.5144 12533445         
  52526 27217    infeasible                       101607.5144 12615701         
  52735 27297   103754.2426    85                 101607.5144 12698397         
  52910 27360   103280.2089    71                 101607.5144 12780498         
  53099 27433   105401.8152    64                 101607.5144 12859521         
  53281 27507   101713.9638    72                 101608.2526 12928362         
                                                  Impl Bds: 8                  
  53459 27615   104800.3875    82                 101608.2526 12988358         
  53733 27767   107656.8115    66                 101608.2839 13055076         
  53917 27825   101609.1661    98                 101609.1661 13125049         
Elapsed time = 1124.47 sec. (747828.38 ticks, tree = 21.04 MB, solutions = 0)
  54102 27858    infeasible                       101609.5183 13199575         
  54341 27952   102448.6558    60                 101611.4943 13260452         
  54552 28016   106617.2637    63                 101612.5086 13333189         
  54765 28101   101615.2744    82                 101615.1956 13403758         
  54986 28187   108883.1172    65                 101617.5997 13473484         
  55222 28282   107513.2842    40                 101621.5187 13543003         
  55475 28377   106629.3561    78                 101626.1329 13615148         
  55711 28478   109239.6354    80                 101631.0037 13686424         
  55950 28577   103781.1004    87                 101634.0158 13772620         
  56417 28941   101636.2107    24                 101636.2107 13823114         
Elapsed time = 1180.80 sec. (786108.05 ticks, tree = 21.87 MB, solutions = 0)
  56730 29137   102030.9000    19                 101636.2107 13866710         
  56958 29201   101636.2107    17                 101636.2107 13924831         
  57208 29337    infeasible                       101636.2107 13975533         
  57446 29421    infeasible                       101636.2107 14028649         
  57718 29441    infeasible                       101636.2107 14109407         
  57979 29532   101636.2107    17                 101636.2107 14171052         
  58294 29612   103913.7741    20                 101636.2107 14245850         
  58817 29858   105275.7682    20                 101636.2107 14334125         
  59184 29954    infeasible                       101636.2107 14429479         
  59513 29994   101636.2107    19                 101636.2107 14521445         
Elapsed time = 1243.73 sec. (824329.68 ticks, tree = 22.71 MB, solutions = 0)
  59782 29957   105069.3401    18                 101636.2107 14614574         
                                                      Cuts: 2                  
  60325 30234    infeasible                       101636.2107 14695633         
  60684 30306   101770.2712    17                 101636.2107 14788628         
  61115 30463   105957.6555    23                 101636.2107 14875322         
                                                  Impl Bds: 2                  
  61698 30868    infeasible                       101636.2107 14948556         
  62622 31626    infeasible                       101636.2107 15016016         
  63534 32309   102392.7930    19                 101636.2107 15083139         
  64225 32733   107323.3581    20                 101636.2107 15175165         
  64972 33316   101645.4443    13                 101636.2107 15237589         
  65702 33832    infeasible                       101636.2107 15304665         
Elapsed time = 1303.06 sec. (862546.00 ticks, tree = 27.00 MB, solutions = 0)
  66358 34318   121465.4778    35                 101636.2107 15362301         
  66756 34450   103390.0299    11                 101636.2107 15471469         
  67040 34512    infeasible                       101636.2107 15569781         
  67363 34676   103322.7784    13                 101636.2107 15643665         
  67812 34970   103322.7784    16                 101636.2107 15706284         
  68285 35235   103359.6225    14                 101636.2107 15788743         
  68563 35319   110279.6827    20                 101636.2107 15889456         
  69152 35771   103322.7784    14                 101636.2107 15934322         
  69611 35999   101643.9609    14                 101636.2107 16010055         
  69911 36073    infeasible                       101636.2107 16085000         
Elapsed time = 1362.53 sec. (900818.06 ticks, tree = 28.73 MB, solutions = 0)
  70265 36231   101636.2107    22                 101636.2107 16150832         
  70900 36705   107608.4572    18                 101636.2107 16209558         
  71309 36833   101636.2107    16                 101636.2107 16304563         
  71635 36918   103663.5015    14                 101636.2107 16372171         
  72086 37135    infeasible                       101636.2107 16455107         
  72539 37391   101798.2951    22                 101636.2107 16522495         
  73066 37710   101854.8506    13                 101636.2107 16603770         
  73394 37806   101636.2107    13                 101636.2107 16679825         
  73778 37944   103257.0640     8                 101636.2107 16750384         
  74330 38380   105275.7478    14                 101636.2107 16800508         
Elapsed time = 1421.48 sec. (939059.51 ticks, tree = 30.52 MB, solutions = 0)
  74918 38691    infeasible                       101636.2107 16886488         
  75187 38744   101636.2107    12                 101636.2107 16967975         
  75411 38760   101854.8506    13                 101636.2107 17057009         
  76011 39164   103257.0640     5                 101636.2107 17113586         
  76397 39372   101636.2107     8                 101636.2107 17190729         
  76716 39493   103257.0640    16                 101636.2107 17260303         
  77092 39663    infeasible                       101636.2107 17346577         
  77593 39962   101638.8964    20                 101636.2107 17402009         
  78143 40393   103876.5806    12                 101636.2107 17441929         
  78627 40590   101636.2107    12                 101636.2107 17533837         
Elapsed time = 1481.00 sec. (977350.47 ticks, tree = 32.22 MB, solutions = 0)
  79196 40915   103733.1752    12                 101636.2107 17612108         
  79744 41239   103067.8312    10                 101636.2107 17687006         
  80103 41384    infeasible                       101636.2107 17762227         
  80615 41718   102998.8078    18                 101636.2107 17830480         
  80940 41859   101638.8964    22                 101636.2107 17906048         
  81249 41910   101636.2107    11                 101636.2107 17991891         
  81689 42114   103733.1752     9                 101636.2107 18071877         
  82021 42206    infeasible                       101636.2107 18161470         
  82460 42453   101638.8964    16                 101636.2107 18236341         
  82715 42492   101636.2107    22                 101636.2107 18321872         
Elapsed time = 1538.86 sec. (1015627.33 ticks, tree = 33.68 MB, solutions = 0)
  83292 42953   101636.2107    13                 101636.2107 18355671         
  83854 43101   101854.8506    13                 101636.2107 18457724         
  84604 43639   103256.9116     4                 101636.2107 18507086         
  85137 43908   103179.0082     8                 101636.2107 18585842         
  85780 44399   103126.4977     6                 101636.2107 18629145         
  86383 44674    infeasible                       101636.2107 18698732         
  86957 44894    infeasible                       101636.2107 18790014         
  87495 45224   102274.4985    12                 101636.2107 18868264         
  87942 45477    infeasible                       101636.2107 18944859         
  88167 45542    infeasible                       101636.2107 19016322         
Elapsed time = 1595.84 sec. (1053893.41 ticks, tree = 36.00 MB, solutions = 0)
  88484 45641   105111.9934    10                 101636.2107 19095599         
  88811 45710   103126.4977     6                 101636.2107 19184267         
  89304 46034   101887.1695     7                 101636.2107 19247088         
  89842 46272    infeasible                       101636.2107 19330671         
  90580 46761    infeasible                       101636.2107 19390750         
  91307 47162   101867.8376    13                 101636.2107 19468278         
  91838 47403   101798.2951    10                 101636.2107 19546448         
  92464 47855   101868.6536    12                 101636.2107 19592898         
  93121 48312    infeasible                       101636.2107 19636494         
  93678 48509   101636.2107    10                 101636.2107 19728479         
Elapsed time = 1652.78 sec. (1092108.33 ticks, tree = 38.23 MB, solutions = 0)
  94412 48849    infeasible                       101636.2107 19815497         
  94867 49004   101679.3783    10                 101636.2107 19895987         
  95337 49252   101798.2951    10                 101636.2107 19956000         
  96042 49631   104595.1197    19                 101636.2107 20036776         
* 96404+41726                       107909.9844   101636.2107             5.81%
Found incumbent of value 107909.984438 after 1677.73 sec. (1108728.66 ticks)

Clique cuts applied:  90
Implied bound cuts applied:  96
Flow cuts applied:  109
Mixed integer rounding cuts applied:  187
Gomory fractional cuts applied:  34

Root node processing (before b&c):
  Real time             =    0.91 sec. (411.41 ticks)
Sequential b&c:
  Real time             = 1676.84 sec. (1108514.03 ticks)
                          ------------
Total (root+branch&cut) = 1677.75 sec. (1108925.45 ticks)
MIQP status(102): integer optimal, tolerance
Cplex Time: 1677.75sec (det. 1108925.45 ticks)
Fixing integer variables, and solving final QP..
Version identifier: 12.10.0.0 | 2019-11-26 | 843d4de2ae
CPXPARAM_Advance                                 2
CPXPARAM_Threads                                 1
CPXPARAM_Parallel                                1
CPXPARAM_MIP_Display                             4
CPXPARAM_Simplex_Limits_Iterations               2000000000
CPXPARAM_MIP_Limits_Nodes                        25000000
CPXPARAM_TimeLimit                               40000
CPXPARAM_Tune_TimeLimit                          8000
CPXPARAM_MIP_Tolerances_AbsMIPGap                0
CPXPARAM_MIP_Tolerances_MIPGap                   0.10000000000000001
CPXPARAM_WorkDir                                 "C:\Users\a.eicke\Documents\Locational-investment-signals\Three node models\Cost minimization\225b\"
Tried aggregator 1 time.
QP Presolve eliminated 1706 rows and 1201 columns.
Aggregator did 148 substitutions.
Reduced QP has 301 rows, 233 columns, and 1104 nonzeros.
Reduced QP objective Q matrix has 6 nonzeros.
Presolve time = 0.00 sec. (1.43 ticks)
Parallel mode: none, using 1 thread for barrier

***NOTE: Found 7 dense columns.

Number of nonzeros in lower triangle of A*A' = 675
Using Approximate Minimum Degree ordering
Total time for automatic ordering = 0.00 sec. (0.04 ticks)
Summary statistics for Cholesky factor:
  Rows in Factor            = 308
  Integer space required    = 567
  Total non-zeros in factor = 2904
  Total FP ops to factor    = 33218
 Itn      Primal Obj        Dual Obj  Prim Inf Upper Inf  Dual Inf          
   0   1.2175651e+05  -3.6329571e+05  2.86e+03  4.71e+01  2.74e+02
   1   1.1177052e+05  -3.6116523e+05  2.72e+03  4.49e+01  2.61e+02
   2   1.1949550e+05  -3.3212246e+05  2.55e+03  5.57e+01  2.42e+02
   3   1.1125352e+05  -1.6415663e+05  1.40e+03  3.08e+01  1.34e+02
   4   1.1200856e+05  -4.8282001e+04  7.10e+02  1.65e+01  6.76e+01
   5   1.1186574e+05   4.0916387e+04  2.24e+02  5.50e+00  2.12e+01
   6   1.1046293e+05   7.8672398e+04  8.29e+01  2.04e+00  7.86e+00
   7   1.0882703e+05   1.0063636e+05  1.28e+01  3.33e-01  1.22e+00
   8   1.0824265e+05   1.0526032e+05  4.14e+00  1.08e-01  3.93e-01
   9   1.0800278e+05   1.0740453e+05  1.53e-01  3.98e-03  1.45e-02
  10   1.0791371e+05   1.0788991e+05  5.88e-03  1.53e-04  5.58e-04
  11   1.0791002e+05   1.0790979e+05  4.84e-05  1.26e-06  4.59e-06
  12   1.0790998e+05   1.0790998e+05  3.27e-07  5.75e-09  2.10e-08
  13   1.0790998e+05   1.0790998e+05  1.19e-07  2.65e-11  9.87e-11
Barrier time = 0.00 sec. (4.48 ticks)

Total time on 1 threads = 0.00 sec. (4.48 ticks)
QP status(1): optimal
Cplex Time: 0.00sec (det. 4.48 ticks)

Solution satisfies tolerances.

MIP Solution:       107909.984438    (20053442 iterations, 96404 nodes)
Final Solve:        107909.984214    (0 iterations)

Best possible:      101636.210738
Absolute gap:         6273.773701
Relative gap:            0.058139

--- Restarting execution
--- with_locational instrument.gms(245) 2 Mb
--- Reading solution for model LOCI
--- Executing after solve: elapsed 0:27:58.073
--- with_locational instrument.gms(267) 3 Mb
--- GDX File C:\Users\a.eicke\Documents\Locational-investment-signals\Three node models\Cost minimization\locational_instrument.gdx
*** Status: Normal completion
--- Job with_locational instrument.gms Stop 10/28/21 00:30:48 elapsed 0:27:58.073
