--- Job nodal.gms Start 01/18/22 22:09:30 30.3.0 rc5da09e WEX-WEI x86 64bit/MS Windows
--- GAMS Parameters defined
    Input C:\Users\a.eicke\Documents\Locational-investment-signals\Three node models\nodal.gms
    PageSize 0
    ScrDir C:\Users\a.eicke\Documents\Locational-investment-signals\Three node models\225a\
    SysDir C:\GAMS\win64\30.3\
    LogOption 3
    ErrMsg 1
    ErrorLog 99
    IDE 1
    LstTitleLeftAligned 1
GAMS 30.3.0   Copyright (C) 1987-2020 GAMS Development. All rights reserved
Licensee: Small MUD - 5 User License                     S190305:0326AO-WIN
          Hertie School of Governance GmbH, Governance of DigitalizaDC14808
--- Starting compilation
--- nodal.gms(61) 3 Mb
--- GDXin=C:\Users\a.eicke\Documents\Locational-investment-signals\Three node models\in.gdx
--- nodal.gms(62) 3 Mb 1 Error
*** Error 649 in C:\Users\a.eicke\Documents\Locational-investment-signals\Three node models\nodal.gms
    Domain violation when loading from GDX file
--- nodal.gms(136) 3 Mb 2 Errors
*** Error 257 in C:\Users\a.eicke\Documents\Locational-investment-signals\Three node models\nodal.gms
    Solve statement not checked because of previous errors
--- nodal.gms(140) 3 Mb 3 Errors
*** Error 141 in C:\Users\a.eicke\Documents\Locational-investment-signals\Three node models\nodal.gms
    Symbol declared but no values have been assigned. Check for missing
       data definition, assignment, data loading or implicit assignment
       via a solve statement.
       A wild shot: You may have spurious commas in the explanatory
       text of a declaration. Check symbol reference list.
--- nodal.gms(143) 3 Mb 5 Errors
*** Error 141 in C:\Users\a.eicke\Documents\Locational-investment-signals\Three node models\nodal.gms
    Symbol declared but no values have been assigned. Check for missing
       data definition, assignment, data loading or implicit assignment
       via a solve statement.
       A wild shot: You may have spurious commas in the explanatory
       text of a declaration. Check symbol reference list.
*** Error 141 in C:\Users\a.eicke\Documents\Locational-investment-signals\Three node models\nodal.gms
    Symbol declared but no values have been assigned. Check for missing
       data definition, assignment, data loading or implicit assignment
       via a solve statement.
       A wild shot: You may have spurious commas in the explanatory
       text of a declaration. Check symbol reference list.
--- nodal.gms(149) 3 Mb 6 Errors
*** Error 141 in C:\Users\a.eicke\Documents\Locational-investment-signals\Three node models\nodal.gms
    Symbol declared but no values have been assigned. Check for missing
       data definition, assignment, data loading or implicit assignment
       via a solve statement.
       A wild shot: You may have spurious commas in the explanatory
       text of a declaration. Check symbol reference list.
--- nodal.gms(151) 3 Mb 7 Errors
*** Error 141 in C:\Users\a.eicke\Documents\Locational-investment-signals\Three node models\nodal.gms
    Symbol declared but no values have been assigned. Check for missing
       data definition, assignment, data loading or implicit assignment
       via a solve statement.
       A wild shot: You may have spurious commas in the explanatory
       text of a declaration. Check symbol reference list.
--- nodal.gms(153) 3 Mb 7 Errors
*** Status: Compilation error(s)
--- Job nodal.gms Stop 01/18/22 22:09:30 elapsed 0:00:00.013
