--- Job Nodal.gms Start 11/26/21 14:52:21 30.3.0 rc5da09e WEX-WEI x86 64bit/MS Windows
--- GAMS Parameters defined
    Input C:\Users\a.eicke\Documents\Locational-investment-signals\Three node models\Nodal.gms
    PageSize 0
    ScrDir C:\Users\a.eicke\Documents\Locational-investment-signals\Three node models\225a\
    SysDir C:\GAMS\win64\30.3\
    LogOption 3
    ErrMsg 1
    ErrorLog 99
    IDE 1
    LstTitleLeftAligned 1
GAMS 30.3.0   Copyright (C) 1987-2020 GAMS Development. All rights reserved
Licensee: Small MUD - 5 User License                     S190305:0326AO-WIN
          Hertie School of Governance GmbH, Governance of DigitalizaDC14808
--- Starting compilation
--- Nodal.gms(84) 3 Mb
--- GDXin=C:\Users\a.eicke\Documents\Locational-investment-signals\Three node models\in.gdx
--- Nodal.gms(176) 3 Mb
--- Starting execution: elapsed 0:00:00.014
--- Nodal.gms(157) 4 Mb
--- Generating QCP model nodal
--- Nodal.gms(159) 6 Mb
---   491 rows  397 columns  1,299 non-zeroes
---   394 nl-code  56 nl-non-zeroes
--- Nodal.gms(159) 4 Mb
--- Executing CONOPT: elapsed 0:00:00.022
CONOPT 3         30.3.0 rc5da09e Released Mar 06, 2020 WEI x86 64bit/MS Window
*** This solver runs with a community license.
 
 
    C O N O P T 3   version 3.17K
    Copyright (C)   ARKI Consulting and Development A/S
                    Bagsvaerdvej 246 A
                    DK-2880 Bagsvaerd, Denmark
 
 
   Iter Phase Ninf   Infeasibility   RGmax    NSB   Step InItr MX OK
      0   0        1.9767677300E+05 (Input point)
 
                   Pre-triangular equations:   96
                   Post-triangular equations:  49
                   Definitional equations:     48
 
      1   0        1.5089830000E+03 (After pre-processing)
      2   0        6.7169699375E+01 (After scaling)
     10   0     0  4.7018789563E+01               0.0E+00      T  T
     20   0     0  3.6225292136E+01               5.7E-05      T  T
 
 ** Feasible solution. Value of objective =    39540.4740920
 
   Iter Phase Ninf     Objective     RGmax    NSB   Step InItr MX OK
     31   3        6.6430164058E+04 1.2E+04     4 6.1E-06      F  T
     36   4        8.5032313286E+04 9.3E+02    14 1.0E+00   10 T  T
     41   4        9.8059559713E+04 1.3E+03    19 1.0E+00    9 T  T
     46   4        9.8272745098E+04 1.4E-04    27 1.0E+00    4 F  T
     48   4        9.8272745098E+04 2.6E-08    27
 
 ** Optimal solution. Reduced gradient less than tolerance.
 
--- Restarting execution
--- Nodal.gms(159) 2 Mb
--- Reading solution for model nodal
--- Executing after solve: elapsed 0:00:00.325
--- Nodal.gms(176) 3 Mb
--- GDX File C:\Users\a.eicke\Documents\Locational-investment-signals\Three node models\Output/nodal_high_price_elasticity.gdx
*** Status: Normal completion
--- Job Nodal.gms Stop 11/26/21 14:52:21 elapsed 0:00:00.325
