--- Job without_instrument.gms Start 01/13/22 19:05:34 30.3.0 rc5da09e WEX-WEI x86 64bit/MS Windows
--- GAMS Parameters defined
    Input C:\Users\a.eicke\Documents\Locational-investment-signals\Three node models\without_instrument.gms
    PageSize 0
    ScrDir C:\Users\a.eicke\Documents\Locational-investment-signals\Three node models\225a\
    SysDir C:\GAMS\win64\30.3\
    LogOption 3
    ErrMsg 1
    ErrorLog 99
    IDE 1
    LstTitleLeftAligned 1
GAMS 30.3.0   Copyright (C) 1987-2020 GAMS Development. All rights reserved
Licensee: Small MUD - 5 User License                     S190305:0326AO-WIN
          Hertie School of Governance GmbH, Governance of DigitalizaDC14808
--- Starting compilation
--- without_instrument.gms(70) 3 Mb
--- GDXin=C:\Users\a.eicke\Documents\Locational-investment-signals\Three node models\in.gdx
--- without_instrument.gms(290) 3 Mb
--- Starting execution: elapsed 0:00:00.012
--- without_instrument.gms(257) 4 Mb
--- Generating MIQCP model LOCI
--- without_instrument.gms(260) 6 Mb
---   1,151 rows  874 columns  3,191 non-zeroes
---   202 nl-code  32 nl-non-zeroes
---   232 discrete-columns
--- without_instrument.gms(260) 4 Mb
--- Executing CPLEX: elapsed 0:00:00.069

IBM ILOG CPLEX   30.3.0 rc5da09e Released Mar 06, 2020 WEI x86 64bit/MS Window
--- GAMS/Cplex licensed for continuous and discrete problems.
Cplex 12.10.0.0

The search will stop after 80000000 nodes.
Reading data...
Starting Cplex...
Space for names approximately 0.06 Mb
Use option 'names no' to turn use of names off
Version identifier: 12.10.0.0 | 2019-11-26 | 843d4de2ae
CPXPARAM_Advance                                 0
CPXPARAM_Threads                                 1
CPXPARAM_Parallel                                1
CPXPARAM_MIP_Display                             4
CPXPARAM_Simplex_Limits_Iterations               2000000000
CPXPARAM_MIP_Limits_Nodes                        80000000
CPXPARAM_TimeLimit                               150000
CPXPARAM_Tune_TimeLimit                          30000
CPXPARAM_MIP_Tolerances_AbsMIPGap                0
CPXPARAM_MIP_Tolerances_MIPGap                   0.00050000000000000001
CPXPARAM_WorkDir                                 "C:\Users\a.eicke\Documents\Locational-investment-signals\Three node models\225a\"
Tried aggregator 2 times.
MIQP Presolve eliminated 395 rows and 123 columns.
MIQP Presolve modified 307 coefficients.
Aggregator did 37 substitutions.
Reduced MIQP has 719 rows, 709 columns, and 2207 nonzeros.
Reduced MIQP has 198 binaries, 0 generals, 0 SOSs, and 0 indicators.
Reduced MIQP objective Q matrix has 32 nonzeros.
Presolve time = 0.01 sec. (2.05 ticks)
Probing fixed 12 vars, tightened 59 bounds.
Probing time = 0.00 sec. (0.76 ticks)
Tried aggregator 1 time.
MIQP Presolve eliminated 24 rows and 12 columns.
MIQP Presolve modified 18 coefficients.
Reduced MIQP has 695 rows, 697 columns, and 2086 nonzeros.
Reduced MIQP has 186 binaries, 0 generals, 0 SOSs, and 0 indicators.
Reduced MIQP objective Q matrix has 32 nonzeros.
Presolve time = 0.00 sec. (0.88 ticks)
Classifier predicts products in MIQP should be linearized.
Probing fixed 10 vars, tightened 409 bounds.
Probing time = 0.02 sec. (1.20 ticks)
Clique table members: 98.
MIP emphasis: balance optimality and feasibility.
MIP search method: dynamic search.
Parallel mode: none, using 1 thread.
Tried aggregator 1 time.
QP Presolve eliminated 106 rows and 106 columns.
Aggregator did 128 substitutions.
Reduced QP has 461 rows, 463 columns, and 1548 nonzeros.
Reduced QP objective Q matrix has 32 nonzeros.
Presolve time = 0.02 sec. (0.56 ticks)
Parallel mode: none, using 1 thread for barrier

***NOTE: Found 6 dense columns.

Number of nonzeros in lower triangle of A*A' = 2190
Using Approximate Minimum Degree ordering
Total time for automatic ordering = 0.00 sec. (0.21 ticks)
Summary statistics for Cholesky factor:
  Rows in Factor            = 467
  Integer space required    = 1299
  Total non-zeros in factor = 6437
  Total FP ops to factor    = 132457
 Itn      Primal Obj        Dual Obj  Prim Inf Upper Inf  Dual Inf          
   0  -5.5291416e+06   1.6635967e+08  1.52e+05  1.35e+05  6.19e+04
   1  -1.0977309e+06   6.8947721e+07  6.25e+04  5.54e+04  2.54e+04
   2  -1.7517017e+05   2.3523637e+07  2.06e+04  1.82e+04  8.37e+03
   3   2.3466912e+04   5.4167587e+06  4.26e+03  3.77e+03  1.73e+03
   4   6.0167028e+04   1.5456269e+06  1.02e+03  9.01e+02  4.15e+02
   5   8.8170114e+04   2.9321395e+05  1.22e+02  1.08e+02  4.99e+01
   6   9.4033641e+04   1.9803723e+05  4.55e+01  4.03e+01  1.86e+01
   7   1.0198008e+05   1.2293533e+05  7.45e+00  6.58e+00  3.02e+00
   8   1.0300286e+05   1.1411008e+05  3.01e+00  2.66e+00  1.22e+00
   9   1.0335155e+05   1.0870640e+05  5.50e-01  4.86e-01  2.23e-01
  10   1.0394381e+05   1.0573465e+05  1.77e-01  1.56e-01  7.17e-02
  11   1.0418540e+05   1.0447787e+05  2.02e-02  1.78e-02  8.19e-03
  12   1.0420951e+05   1.0435684e+05  1.02e-02  9.01e-03  4.14e-03
  13   1.0423186e+05   1.0425167e+05  1.33e-03  1.17e-03  5.40e-04
  14   1.0423520e+05   1.0423866e+05  2.31e-04  2.04e-04  9.36e-05
  15   1.0423577e+05   1.0423623e+05  3.04e-05  2.69e-05  1.24e-05
  16   1.0423583e+05   1.0423587e+05  2.87e-06  2.54e-06  1.16e-06
  17   1.0423584e+05   1.0423584e+05  2.75e-08  2.10e-08  9.58e-09
  18   1.0423584e+05   1.0423584e+05  4.06e-09  4.02e-10  6.55e-11
Barrier time = 0.01 sec. (7.31 ticks)

QP crossover.
  Primal and Dual:  Fixing 247 variables.
  Primal:  Pushed 118, exchanged 96.
  Dual  :  Pushed 26, exchanged 77.

Iteration log . . .
Iteration:     1    Objective     =        104235.838081
Total crossover time = 0.02 sec. (5.22 ticks)

Total time on 1 threads = 0.05 sec. (13.15 ticks)
Root relaxation solution time = 0.05 sec. (13.15 ticks)

        Nodes                                         Cuts/
   Node  Left     Objective  IInf  Best Integer    Best Bound    ItCnt     Gap

      0     0   104235.8381   110                 104235.8381       20         
      0     0   104235.8381   110                   Cuts: 273      503         
      0     0   104235.8381   110                   Cuts: 273      741         
      0     0   104235.8381   110                   Cuts: 135      897         
      0     0   104235.8381   110                    Cuts: 35      939         
      0     0   104235.8381   110                    Cuts: 20      953         
      0     0   104235.8381   110                  MIRcuts: 1      955         
      0     2   104235.8381    44                 104235.8381      955         
Elapsed time = 0.78 sec. (424.81 ticks, tree = 0.01 MB, solutions = 0)
     99    65   101719.6958    36                 104235.8381     5856         
                                                      Cuts: 8                  
    158    90   101401.8428    59                 104235.8381    12675         
                                                  Impl Bds: 8                  
    216   130   103441.4085    50                 104235.8381    17778         
                                                 Impl Bds: 17                  
    280   182   104219.9484    19                 104235.8381    20729         
                                                     Cuts: 10                  
    336   226    98798.1389    32                 104235.8381    26257         
                                                  Impl Bds: 1                  
    384   256   103854.1497    16                 104235.8381    32339         
                                                  Flowcuts: 1                  
    451   297   104224.7565    16                 104235.8381    38683         
                                                  Impl Bds: 2                  
    500   336   102724.9075    37                 104235.8381    43804         
                                                  Impl Bds: 1                  
    543   369   103974.8825    11                 104235.8381    48861         
    800   548   100067.5346    38                 104235.8381    70802         
                                                 Impl Bds: 32                  
Elapsed time = 6.48 sec. (3685.09 ticks, tree = 0.29 MB, solutions = 0)
    983   675    infeasible                       104235.8381    93564         
                                                      Cuts: 8                  

Performing restart 1

Repeating presolve.
Tried aggregator 2 times.
MIQP Presolve eliminated 17 rows and 17 columns.
MIQP Presolve modified 248 coefficients.
Aggregator did 7 substitutions.
Reduced MIQP has 671 rows, 673 columns, and 2002 nonzeros.
Reduced MIQP has 176 binaries, 0 generals, 0 SOSs, and 0 indicators.
Reduced MIQP objective Q matrix has 32 nonzeros.
Presolve time = 0.00 sec. (1.50 ticks)
Tried aggregator 1 time.
MIQP Presolve eliminated 28 rows and 28 columns.
MIQP Presolve modified 104 coefficients.
Reduced MIQP has 643 rows, 645 columns, and 1922 nonzeros.
Reduced MIQP has 152 binaries, 0 generals, 0 SOSs, and 0 indicators.
Reduced MIQP objective Q matrix has 32 nonzeros.
Presolve time = 0.02 sec. (0.82 ticks)
Tried aggregator 1 time.
MIQP Presolve modified 132 coefficients.
Reduced MIQP has 643 rows, 645 columns, and 1922 nonzeros.
Reduced MIQP has 152 binaries, 0 generals, 0 SOSs, and 0 indicators.
Reduced MIQP objective Q matrix has 32 nonzeros.
Presolve time = 0.00 sec. (0.80 ticks)
Represolve time = 0.05 sec. (8.03 ticks)
Tried aggregator 1 time.
QP Presolve eliminated 43 rows and 0 columns.
Aggregator did 111 substitutions.
Reduced QP has 738 rows, 534 columns, and 2318 nonzeros.
Reduced QP objective Q matrix has 32 nonzeros.
Presolve time = 0.00 sec. (0.64 ticks)
Parallel mode: none, using 1 thread for barrier

***NOTE: Found 9 dense columns.

Number of nonzeros in lower triangle of A*A' = 4410
Using Approximate Minimum Degree ordering
Total time for automatic ordering = 0.00 sec. (0.35 ticks)
Summary statistics for Cholesky factor:
  Rows in Factor            = 747
  Integer space required    = 2456
  Total non-zeros in factor = 13507
  Total FP ops to factor    = 315575
 Itn      Primal Obj        Dual Obj  Prim Inf Upper Inf  Dual Inf          
   0  -1.3558268e+09   1.3769458e+09  1.53e+05  8.42e+04  2.02e+07
   1  -4.1475886e+08   4.2770785e+08  8.48e+04  4.67e+04  1.12e+07
   2  -1.9798503e+08   2.0843134e+08  5.87e+04  3.23e+04  7.74e+06
   3  -4.2316040e+06   7.2578661e+06  8.76e+03  4.82e+03  1.16e+06
   4  -1.8609595e+05   1.2958468e+06  2.03e+03  1.12e+03  2.68e+05
   5   2.0265911e+04   6.3344339e+05  8.57e+02  4.72e+02  1.13e+05
   6   4.9339079e+04   5.0223314e+05  5.92e+02  3.26e+02  7.83e+04
   7   6.9036549e+04   4.5452501e+05  4.47e+02  2.46e+02  5.91e+04
   8   9.1693680e+04   2.3749344e+05  1.17e+02  6.43e+01  1.54e+04
   9   9.9238930e+04   1.4635572e+05  2.42e+01  1.33e+01  3.19e+03
  10   1.0281408e+05   1.1379432e+05  3.49e+00  1.92e+00  4.61e+02
  11   1.0329860e+05   1.1045857e+05  1.81e+00  9.97e-01  2.39e+02
  12   1.0381883e+05   1.0704902e+05  5.09e-01  2.80e-01  6.73e+01
  13   1.0410979e+05   1.0508729e+05  5.79e-02  3.19e-02  7.66e+00
  14   1.0421465e+05   1.0438108e+05  9.55e-03  5.26e-03  1.26e+00
  15   1.0423460e+05   1.0424257e+05  4.14e-04  2.28e-04  5.47e-02
  16   1.0423582e+05   1.0423590e+05  3.84e-06  2.11e-06  5.07e-04
  17   1.0423584e+05   1.0423584e+05  4.02e-08  1.07e-08  2.57e-06
  18   1.0423584e+05   1.0423584e+05  4.79e-08  5.51e-11  1.29e-08
Barrier time = 0.03 sec. (12.46 ticks)

QP crossover.
  Primal and Dual:  Fixing 272 variables.
  Primal:  Pushed 96, exchanged 142.
  Dual  :  Pushed 31, exchanged 123.

Iteration log . . .
Iteration:     1    Objective     =        104235.838081
Total crossover time = 0.01 sec. (8.63 ticks)

Total time on 1 threads = 0.05 sec. (21.79 ticks)
   1002     0   104235.8381    54                   Cuts: 212    94662         
   1002     0   104235.8381    54                    Cuts: 74    94722         
   1002     0   104235.8381    54                    Cuts: 61    94752         
   1002     0   104235.8381    54                    Cuts: 36    94786         
   1038    38   104001.0641    36                 104235.8381    96373         
   1209   161   103877.8596    39                 104235.8381   104632         
   1420   312    99266.2282    31                 104235.8381   118885         
                                                      Cuts: 5                  
   1678   481   100550.9786    29                 104235.7152   137095         
                                                      Cuts: 5                  

Performing restart 2

Repeating presolve.
Tried aggregator 2 times.
MIQP Presolve eliminated 17 rows and 17 columns.
MIQP Presolve modified 16 coefficients.
Aggregator did 17 substitutions.
Reduced MIQP has 609 rows, 611 columns, and 1847 nonzeros.
Reduced MIQP has 152 binaries, 0 generals, 0 SOSs, and 0 indicators.
Reduced MIQP objective Q matrix has 32 nonzeros.
Presolve time = 0.00 sec. (1.43 ticks)
Tried aggregator 1 time.
MIQP Presolve modified 58 coefficients.
Reduced MIQP has 609 rows, 611 columns, and 1847 nonzeros.
Reduced MIQP has 152 binaries, 0 generals, 0 SOSs, and 0 indicators.
Reduced MIQP objective Q matrix has 32 nonzeros.
Presolve time = 0.00 sec. (0.78 ticks)
Represolve time = 0.01 sec. (5.15 ticks)
Tried aggregator 1 time.
QP Presolve eliminated 17 rows and 0 columns.
Aggregator did 95 substitutions.
Reduced QP has 609 rows, 516 columns, and 2106 nonzeros.
Reduced QP objective Q matrix has 32 nonzeros.
Presolve time = 0.02 sec. (0.55 ticks)
Parallel mode: none, using 1 thread for barrier

***NOTE: Found 7 dense columns.

Number of nonzeros in lower triangle of A*A' = 3702
Using Approximate Minimum Degree ordering
Total time for automatic ordering = 0.00 sec. (0.36 ticks)
Summary statistics for Cholesky factor:
  Rows in Factor            = 616
  Integer space required    = 2399
  Total non-zeros in factor = 13430
  Total FP ops to factor    = 425332
 Itn      Primal Obj        Dual Obj  Prim Inf Upper Inf  Dual Inf          
   0  -1.0114101e+06   9.6200345e+06  9.74e+04  5.91e+04  3.01e+04
   1  -1.2655380e+05   4.0977012e+06  3.87e+04  2.35e+04  1.19e+04
   2   2.1043597e+04   1.4134786e+06  1.04e+04  6.31e+03  3.21e+03
   3   7.2454001e+04   5.5441924e+05  2.78e+03  1.69e+03  8.58e+02
   4   9.2292203e+04   2.3055100e+05  7.17e+02  4.35e+02  2.21e+02
   5   9.7656909e+04   1.6257033e+05  2.02e+02  1.23e+02  6.24e+01
   6   1.0218232e+05   1.1899620e+05  4.33e+01  2.62e+01  1.33e+01
   7   1.0320531e+05   1.1201614e+05  1.41e+01  8.53e+00  4.34e+00
   8   1.0358417e+05   1.0807459e+05  3.01e+00  1.83e+00  9.29e-01
   9   1.0402147e+05   1.0561472e+05  8.73e-01  5.29e-01  2.69e-01
  10   1.0415543e+05   1.0477523e+05  2.71e-01  1.64e-01  8.37e-02
  11   1.0422759e+05   1.0428834e+05  2.51e-02  1.52e-02  7.75e-03
  12   1.0423556e+05   1.0423693e+05  4.97e-04  3.01e-04  1.53e-04
  13   1.0423584e+05   1.0423585e+05  2.86e-06  1.73e-06  8.80e-07
  14   1.0423584e+05   1.0423584e+05  5.84e-08  8.74e-09  4.45e-09
  15   1.0423584e+05   1.0423584e+05  5.03e-08  6.10e-11  2.42e-11
Barrier time = 0.02 sec. (10.42 ticks)

QP crossover.
  Primal and Dual:  Fixing 252 variables.
  Primal:  Pushed 84, exchanged 147.
  Dual  :  Pushed 20, exchanged 128.

Iteration log . . .
Iteration:     1    Objective     =        104235.838081
Removing shift (3).
Total crossover time = 0.01 sec. (7.45 ticks)

Total time on 1 threads = 0.05 sec. (18.47 ticks)
   2004     0   104235.8381    53                   Cuts: 252   155047         
   2004     0   104235.8381    53                    Cuts: 94   155103         
   2004     0   104235.8381    53                    Cuts: 97   155127         
   2004     0   104235.8381    53                    Cuts: 17   155141         
   2004     0   104235.8381    53                 MIRcuts: 25   155189         
   2004     0   104235.8381    53                   Cuts: 116   155249         
   2004     0   104235.8381    53                 MIRcuts: 33   155265         

Repeating presolve.
Tried aggregator 1 time.
Reduced MIQP has 609 rows, 611 columns, and 1850 nonzeros.
Reduced MIQP has 152 binaries, 0 generals, 0 SOSs, and 0 indicators.
Reduced MIQP objective Q matrix has 32 nonzeros.
Presolve time = 0.00 sec. (0.78 ticks)
Tried aggregator 1 time.
Reduced MIQP has 609 rows, 611 columns, and 1850 nonzeros.
Reduced MIQP has 152 binaries, 0 generals, 0 SOSs, and 0 indicators.
Reduced MIQP objective Q matrix has 32 nonzeros.
Presolve time = 0.00 sec. (0.78 ticks)
Represolve time = 0.01 sec. (5.08 ticks)
Tried aggregator 1 time.
QP Presolve eliminated 6 rows and 0 columns.
Aggregator did 108 substitutions.
Reduced QP has 565 rows, 503 columns, and 1928 nonzeros.
Reduced QP objective Q matrix has 32 nonzeros.
Presolve time = 0.00 sec. (0.51 ticks)
Parallel mode: none, using 1 thread for barrier

***NOTE: Found 6 dense columns.

Number of nonzeros in lower triangle of A*A' = 3411
Using Approximate Minimum Degree ordering
Total time for automatic ordering = 0.00 sec. (0.35 ticks)
Summary statistics for Cholesky factor:
  Rows in Factor            = 571
  Integer space required    = 2128
  Total non-zeros in factor = 11756
  Total FP ops to factor    = 346806
 Itn      Primal Obj        Dual Obj  Prim Inf Upper Inf  Dual Inf          
   0  -1.4104896e+08   1.5090274e+08  9.70e+04  6.16e+04  2.43e+06
   1  -1.0977875e+07   1.4642917e+07  2.74e+04  1.74e+04  6.88e+05
   2  -4.0964157e+05   1.6182223e+06  5.80e+03  3.68e+03  1.45e+05
   3  -1.3764325e+05   1.0938760e+06  3.75e+03  2.38e+03  9.42e+04
   4   6.5004940e+04   4.6032226e+05  7.89e+02  5.02e+02  1.98e+04
   5   8.6111256e+04   2.7144759e+05  3.35e+02  2.13e+02  8.40e+03
   6   9.5174785e+04   1.8474040e+05  1.10e+02  6.96e+01  2.75e+03
   7   9.8094281e+04   1.5172307e+05  2.80e+01  1.78e+01  7.02e+02
   8   1.0227488e+05   1.1692539e+05  6.88e+00  4.37e+00  1.72e+02
   9   1.0325833e+05   1.1079880e+05  3.11e+00  1.97e+00  7.78e+01
  10   1.0370388e+05   1.0733548e+05  6.77e-01  4.30e-01  1.70e+01
  11   1.0406998e+05   1.0526751e+05  1.61e-01  1.02e-01  4.03e+00
  12   1.0420494e+05   1.0443335e+05  2.98e-02  1.89e-02  7.46e-01
  13   1.0423330e+05   1.0424887e+05  1.87e-03  1.19e-03  4.68e-02
  14   1.0423576e+05   1.0423611e+05  3.87e-05  2.46e-05  9.68e-04
  15   1.0423584e+05   1.0423584e+05  2.34e-07  1.36e-07  5.37e-06
  16   1.0423584e+05   1.0423584e+05  4.24e-08  7.22e-10  2.84e-08
  17   1.0423584e+05   1.0423584e+05  4.88e-08  6.67e-12  1.53e-10
Barrier time = 0.03 sec. (10.49 ticks)

QP crossover.
  Primal and Dual:  Fixing 246 variables.
  Primal:  Pushed 85, exchanged 139.
  Dual  :  Pushed 20, exchanged 120.

Iteration log . . .
Iteration:     1    Objective     =        104235.838081
Total crossover time = 0.02 sec. (7.26 ticks)

Total time on 1 threads = 0.05 sec. (18.32 ticks)
   2004     0   104235.8381    54                   Cuts: 252   155370         
   2004     0   104235.8381    54                   Cuts: 136   155418         
   2004     0   104235.8381    54                    Cuts: 86   155438         
   2004     0   104235.8381    54                    Cuts: 29   155460         
   2004     0   104235.8381    54                    Cuts: 34   155468         
   2004     0   104235.8381    54                  MIRcuts: 2   155470         
   2004     2   104235.8381    55                 104234.0225   155470         
   2114   104   101982.5186    12                 104234.0225   159943         
   2231   171   101763.2418    29                 104234.0225   169517         
   2433   312   100404.4061     8                 104234.0225   180020         
   2653   457   101031.8519    22                 104234.0225   194488         
                                                  Impl Bds: 9                  
Elapsed time = 26.13 sec. (15048.13 ticks, tree = 0.20 MB, solutions = 0)
   2854   571   104194.1551    26                 104233.4784   208578         
                                                     Cuts: 11                  
   3127   752    98502.3556    27                 104225.3261   224425         
   3311   855    infeasible                       104220.4553   240397         
   3482   915   103076.0360    52                 104188.6753   262238         
   3716  1073   102126.3784    23                 104175.0503   277482         
   3884  1173    infeasible                       104175.0502   291678         
   4183  1355   104092.3966    37                 104167.4624   310164         
   4455  1551   102396.5090    34                 104160.8464   332566         
   4724  1748   102550.1382    48                 104160.8464   352199         
   4990  1939   102118.3188    27                 104152.2389   369176         
Elapsed time = 43.38 sec. (24628.49 ticks, tree = 0.85 MB, solutions = 0)
   5211  2056   104147.8897    47                 104147.8897   389442         
   5447  2163    infeasible                       104144.2364   416396         
   5685  2261   104048.5338    35                 104133.5531   440642         
   5892  2350    99249.9036    35                 104127.6450   464818         
                                                     Cuts: 13                  
   6142  2477   101290.3887    21                 104121.5144   486797         
   6387  2612   100302.1612    20                 104107.7969   512319         
   6641  2758   101217.7462    38                 104104.8175   536740         
   6875  2869    infeasible                       104098.4312   564001         
   7100  2969   102692.8809    39                 104093.6092   590019         
   7304  3068    infeasible                       104093.6092   615992         
Elapsed time = 61.03 sec. (34219.48 ticks, tree = 1.40 MB, solutions = 0)
   7505  3180   104093.6092    29                 104093.6092   642309         
   7712  3278    infeasible                       104091.0684   666892         
   7861  3341    97775.9120    26                 104091.0684   693009         
   8052  3411    99753.5597    25                 104087.4461   716741         
   8252  3489    infeasible                       104082.4576   743345         
   8456  3575   104008.3420    42                 104079.7240   767581         
   8720  3709    infeasible                       104068.8228   794190         
   8907  3787   103836.8204    37                 104060.7307   817192         
   9077  3844    97699.1934    23                 104057.4917   841484         
   9313  3951    infeasible                       104053.1438   862988         
Elapsed time = 78.38 sec. (43821.17 ticks, tree = 1.76 MB, solutions = 0)
   9580  4134   103433.1075    42                 104051.6845   882958         
   9848  4311   100147.8195    27                 104048.8867   904759         
  10074  4396    99346.5014    14                 104036.7821   931284         
  10276  4459   103977.2319    36                 104030.4868   959068         
  10429  4511   104002.1970    30                 104028.8442   984700         
  10613  4555    infeasible                       104026.3290  1011686         
  10896  4704   104020.3820    32                 104020.5124  1036219         
  11144  4805    infeasible                       104011.2159  1063543         
  11371  4890    infeasible                       104001.0641  1089663         
  11599  5001    infeasible                       103993.9885  1110753         
Elapsed time = 96.19 sec. (53384.70 ticks, tree = 2.33 MB, solutions = 0)
  11788  5062    infeasible                       103987.1478  1133752         
  11976  5112   100456.0791    40                 103985.9698  1160486         
  12244  5245    98093.9612    18                 103983.3979  1184601         
  12472  5341   100643.5251    23                 103977.2319  1210700         
                                                  Impl Bds: 5                  
  12708  5421   103965.7809    33                 103965.7809  1238797         
  12901  5506   100572.8058    20                 103953.4788  1262818         
  13141  5590    infeasible                       103946.0816  1286667         
  13426  5749    98142.9129    21                 103939.1752  1312645         
  13662  5875    96654.6999    21                 103938.0545  1338101         
  13913  5974    98295.5396    22                 103938.0545  1368599         
Elapsed time = 113.69 sec. (62958.67 ticks, tree = 2.72 MB, solutions = 0)
  14094  6032    infeasible                       103938.0545  1396863         
  14310  6121   100514.2289    19                 103936.8236  1424900         
  14516  6201    infeasible                       103930.9377  1449822         
                                                      Cuts: 8                  
  14738  6293    infeasible                       103923.9562  1478995         
  14973  6348   100830.7054    18                 103910.9267  1505445         
                                                     Cuts: 24                  
  15248  6476    99113.5640    23                 103902.2529  1530370         
  15475  6571    infeasible                       103895.0421  1552466         
  15656  6636    97056.2298    22                 103890.7767  1576864         
  15869  6693    infeasible                       103869.7371  1602360         
  16090  6781    infeasible                       103857.4516  1628869         
Elapsed time = 131.72 sec. (72536.71 ticks, tree = 3.06 MB, solutions = 0)
  16304  6837   103075.5453    14                 103847.7808  1657496         
  16508  6953   101823.2798    32                 103843.9698  1681338         
  16766  7131   100926.5592    22                 103843.9698  1700788         
                                                      Cuts: 4                  
  17012  7286   102080.4472    43                 103843.9698  1723904         
  17249  7374   100748.3669    31                 103824.9815  1750592         
  17489  7477    96085.9419    14                 103816.1573  1772860         
  17687  7579    98006.7465    30                 103809.0892  1795666         
  17894  7685    infeasible                       103801.6910  1821659         
  18111  7759    infeasible                       103790.2500  1847518         
  18314  7826    99129.0573    25                 103774.2104  1874880         
Elapsed time = 148.55 sec. (82114.87 ticks, tree = 3.48 MB, solutions = 0)
  18568  7962    infeasible                       103774.2104  1896739         
  18775  8066    infeasible                       103766.0659  1921884         
  19021  8204   101238.7470    20                 103761.4705  1944437         
  19266  8286    99521.9227    11                 103745.4231  1970684         
                                                  Impl Bds: 7                  
  19481  8373    99734.1978    23                 103733.0469  1993193         
                                                      Cuts: 6                  
  19685  8446   103714.1609    41                 103714.1609  2013493         
  19916  8593    98078.7219    23                 103714.1609  2036321         
  20123  8683    infeasible                       103702.6676  2060757         
                                                      Cuts: 3                  
  20305  8746   100676.1374    22                 103691.6576  2088616         
                                                      Cuts: 7                  
  21144  9043    99703.7999    15                 103634.3481  2192994         
                                                     Cuts: 11                  
Elapsed time = 172.09 sec. (94536.36 ticks, tree = 4.31 MB, solutions = 0)
  22057  9518    99951.7303    17                 103614.9508  2282003         
                                                      Cuts: 3                  
  22900  9915    infeasible                       103591.7894  2371432         
  23837 10295    99697.0164    34                 103549.5989  2473609         
  24712 10691   103525.0825    20                 103525.0825  2570735         
  25494 10987    infeasible                       103500.7760  2678354         
  26398 11401    98829.3605    22                 103492.1512  2788228         
  27239 11738    infeasible                       103477.6650  2892957         
  28120 12111    infeasible                       103431.1815  2993316         
  28997 12450   101330.9782    15                 103392.0023  3098811         
                                                  Impl Bds: 2                  
  29806 12759    96593.3674    27                 103338.3726  3191918         
                                                  Impl Bds: 8                  
Elapsed time = 247.25 sec. (132732.28 ticks, tree = 5.86 MB, solutions = 0)
  30546 13000    96143.7402    15                 103301.5763  3303328         
                                                  Impl Bds: 1                  
  31287 13285   102751.9438    22                 103267.0449  3410504         
  32009 13485    97710.5090    20                 103195.7129  3512463         
  32845 13788   102373.5541    29                 103146.2343  3615536         
  33714 14179   100335.3063    23                 103107.6093  3719761         
  34601 14546    infeasible                       103070.4179  3813662         
  35429 14852    infeasible                       103032.8171  3920941         
  36354 15234   102951.5364    37                 102989.3285  4020557         
  37236 15593    98948.9414    47                 102955.3067  4120084         
  38091 15892    99725.0041     7                 102895.1792  4223612         
                                                  Impl Bds: 4                  
Elapsed time = 316.83 sec. (170940.43 ticks, tree = 7.17 MB, solutions = 0)
  38940 16132   100079.8855    35                 102825.7154  4329846         
  39792 16458   102249.2738    26                 102788.1515  4428515         
                                                 Impl Bds: 10                  
  40653 16721    infeasible                       102739.2981  4530238         
                                                  Impl Bds: 6                  
  41590 17199   102179.0235    22                 102739.2981  4630041         
  42479 17516    infeasible                       102703.0370  4720063         
  43471 17949    infeasible                       102678.3389  4806959         
  44291 18224    infeasible                       102644.0656  4908862         
  45124 18551    99930.4278    31                 102618.9571  5001279         
                                                      Cuts: 7                  
  46059 18986   101370.0257    13                 102605.4978  5093587         
  47013 19479    infeasible                       102594.6064  5184991         
Elapsed time = 385.00 sec. (209118.68 ticks, tree = 9.36 MB, solutions = 0)
  47988 19961    99918.4802    19                 102576.0025  5287036         
  48779 20225    99881.8325    25                 102550.1382  5385776         
  49650 20601    99652.1492    23                 102529.7766  5481941         
  50414 20823    infeasible                       102500.1550  5581132         
  51309 21222   102405.8901    38                 102482.3642  5673132         
  52201 21601    infeasible                       102451.8756  5766749         
  53049 21849    infeasible                       102417.7581  5870365         
  54091 22468   100751.8842    32                 102412.8167  5952269         
  55039 22823   102110.8884    51                 102392.5250  6048156         
  55836 23143    96723.9292    32                 102380.7556  6138195         
Elapsed time = 453.81 sec. (247302.52 ticks, tree = 10.89 MB, solutions = 0)
  56710 23503    96306.5397    25                 102366.5896  6234497         
  57604 23760    99790.7762    27                 102336.2001  6328918         
  58648 24162    infeasible                       102303.0250  6432068         
  59554 24405    99563.5078    25                 102270.1852  6528295         
  60444 24714    infeasible                       102243.8090  6620491         
  61311 25098    99355.9118    16                 102236.7747  6728143         
  62157 25495   101640.0994    26                 102231.3047  6820895         
  62975 25846    infeasible                       102225.8664  6920006         
  63852 26185    infeasible                       102215.3456  7019548         
  64844 26566   100034.6038    15                 102194.7801  7112557         
Elapsed time = 522.19 sec. (285510.69 ticks, tree = 12.33 MB, solutions = 0)
  65799 26972    infeasible                       102174.4632  7211155         
  66797 27391    infeasible                       102154.9097  7304967         
  67635 27641   100969.6231    11                 102143.0763  7403895         
  68570 28110    infeasible                       102132.2516  7493308         
  69612 28554   101860.4837    22                 102111.3467  7590788         
  70602 28952    99945.1927    31                 102093.5738  7684697         
  71541 29318   100501.7623    19                 102070.6060  7784578         
  72571 29759   100473.6099    26                 102048.8424  7872871         
  73493 30107    infeasible                       102036.5584  7961856         
  74504 30532    infeasible                       102021.2700  8057259         
                                                   MIRcuts: 1                  
Elapsed time = 590.86 sec. (323716.12 ticks, tree = 14.00 MB, solutions = 0)
  75486 30864   100948.3625    25                 101997.7681  8150835         
  76446 31213    98038.4408    10                 101974.7929  8250365         
                                                  Impl Bds: 3                  
  77388 31592   100521.2073    31                 101963.0384  8340933         
  78282 31845   101374.1512    19                 101943.1915  8440124         
  79257 32298   101207.3874    26                 101935.7398  8534485         
  80250 32661    97038.7875    19                 101918.6672  8637753         
  81264 33049   101508.7665    24                 101902.2311  8730259         
  82264 33515   101416.4551    34                 101890.8154  8822637         
  83097 33828   101288.9624    28                 101886.9646  8926363         
  84025 34172    infeasible                       101872.6788  9027975         
Elapsed time = 659.06 sec. (361920.30 ticks, tree = 16.94 MB, solutions = 0)
  85015 34525    infeasible                       101857.4470  9119978         
  86056 34974   100104.1221    21                 101850.8298  9213493         
  86884 35294    98310.0974    21                 101841.9799  9311120         
  87911 35775    99100.5993    23                 101837.2373  9394005         
  89149 36252    infeasible                       101827.4848  9478341         
  90341 36740    infeasible                       101814.7309  9563442         
  91198 36987    infeasible                       101802.5016  9673098         
  92049 37376   101657.5968    22                 101801.0829  9775031         
  92886 37648   100695.0032    32                 101797.9580  9865658         
  93905 38101    infeasible                       101791.2622  9950679         
Elapsed time = 728.11 sec. (400119.42 ticks, tree = 18.61 MB, solutions = 0)
  95057 38729   100823.0081    20                 101786.5497 10032976         
  96148 39216    infeasible                       101779.3041 10118963         
  97206 39720    infeasible                       101776.4225 10203125         
  98268 40270    infeasible                       101772.8086 10287738         
  99225 40672   100320.1346    19                 101768.3456 10378558         
 100077 41100    infeasible                       101768.1157 10485833         
 101091 41538    infeasible                       101761.4274 10579516         
 102053 41993   101662.8161    20                 101758.4937 10651179         
 103076 42440    99806.3542    29                 101754.1259 10728876         
 104035 42869    99623.6639    16                 101749.8800 10809725         
Elapsed time = 796.69 sec. (438288.50 ticks, tree = 20.64 MB, solutions = 0)
 104870 43355    infeasible                       101749.7514 10906636         
 105869 43854    infeasible                       101748.0400 10993502         
 106859 44242    infeasible                       101744.4439 11065538         
 107795 44571    98144.5290    19                 101740.7434 11151164         
 108933 45081   101475.8179    17                 101736.9831 11233006         
 109787 45399    infeasible                       101734.5973 11311002         
*110394+14221                       101154.5905   101732.1980             0.57%
Found incumbent of value 101154.590477 after 841.55 sec. (463438.85 ticks)
*110404+14190                       101156.8046   101732.1980             0.57%
Found incumbent of value 101156.804619 after 841.58 sec. (463463.57 ticks)
 110639 14283   101731.5904    13   101156.8046   101731.5904 11362429    0.57%
 111304 14495   101374.9849    12   101156.8046   101729.9520 11383792    0.57%
 111491 14533        cutoff         101156.8046   101729.2307 11390362    0.57%
 111904 14658   101727.0852    23   101156.8046   101727.8423 11401567    0.56%
Elapsed time = 864.11 sec. (477361.70 ticks, tree = 8.86 MB, solutions = 2)
 112543 14861   101673.7705     8   101156.8046   101726.3686 11420643    0.56%
 113971 15367        cutoff         101156.8046   101721.8839 11467296    0.56%
 115139 15703   101667.9250    19   101156.8046   101718.7294 11526330    0.56%
 116597 16003   101579.6790    20   101156.8046   101711.9173 11574105    0.55%
 118108 16377   101706.2519    10   101156.8046   101706.2519 11618761    0.54%
 119705 16956   101425.4860     8   101156.8046   101701.0813 11661137    0.54%
 121187 17332   101696.6524    15   101156.8046   101696.6524 11711094    0.53%
 122744 17576        cutoff         101156.8046   101693.4093 11758866    0.53%
 124453 18015   101633.2379     9   101156.8046   101690.4678 11801688    0.53%
 125988 18292        cutoff         101156.8046   101688.1058 11849652    0.53%
Elapsed time = 935.01 sec. (515544.44 ticks, tree = 10.42 MB, solutions = 2)
 127350 18566        cutoff         101156.8046   101686.4102 11889568    0.52%
 129033 18984   101633.2379    10   101156.8046   101683.2294 11935976    0.52%
 130627 19375   101680.9359    23   101156.8046   101680.9359 11981981    0.52%
 132431 19851        cutoff         101156.8046   101677.2096 12030133    0.51%
 134010 20337        cutoff         101156.8046   101673.7705 12069651    0.51%
 135795 20877   101668.2848     9   101156.8046   101671.0673 12107945    0.51%
 137636 21708   101319.6334    15   101156.8046   101670.4744 12142638    0.51%
 139098 22018   101646.4719    11   101156.8046   101668.7157 12187470    0.51%
 140753 22722   101592.1597    10   101156.8046   101667.9491 12223188    0.51%
 142785 23544   101500.8370    21   101156.8046   101666.2801 12274110    0.50%
Elapsed time = 1010.94 sec. (553709.46 ticks, tree = 12.68 MB, solutions = 2)
 144632 23917   101663.0218     5   101156.8046   101663.0218 12341576    0.50%
 146871 24491   101308.8020    10   101156.8046   101660.1232 12404994    0.50%
 148860 25004        cutoff         101156.8046   101656.2720 12469655    0.49%
 150163 25281   101550.0374    19   101156.8046   101653.6624 12559534    0.49%
 151394 25583   101225.9923    21   101156.8046   101651.1733 12642674    0.49%
 153876 26219   101312.7314    17   101156.8046   101647.2662 12702273    0.48%
 156704 27317   101209.6518    25   101156.8046   101643.5331 12761809    0.48%
 159104 27948        cutoff         101156.8046   101639.6642 12823653    0.48%
 161504 28960   101206.0927    14   101156.8046   101636.9666 12879726    0.47%
 164064 29837        cutoff         101156.8046   101633.2119 12937249    0.47%
Elapsed time = 1081.81 sec. (593054.29 ticks, tree = 15.38 MB, solutions = 2)
 166550 30708        cutoff         101156.8046   101630.9777 12994743    0.47%
 169266 31984        cutoff         101156.8046   101628.7013 13051587    0.47%
 171371 32672        cutoff         101156.8046   101625.4181 13112789    0.46%
 173434 33077   101431.1462     9   101156.8046   101622.2543 13177308    0.46%
 175717 33701   101368.8091    15   101156.8046   101618.2610 13239118    0.46%
 177235 33996   101615.8298    16   101156.8046   101615.8298 13315936    0.45%
 179690 34722        cutoff         101156.8046   101612.1956 13375847    0.45%
 182028 35241   101292.3133    12   101156.8046   101608.5050 13428920    0.45%
 183989 35772   101461.0861     5   101156.8046   101605.8892 13493131    0.44%
 186543 36674        cutoff         101156.8046   101603.2024 13551344    0.44%
Elapsed time = 1153.36 sec. (631211.11 ticks, tree = 18.31 MB, solutions = 2)
 189002 37393   101350.1846     8   101156.8046   101600.7718 13609712    0.44%
 191264 37914   101544.1648     7   101156.8046   101598.4594 13668163    0.44%
 193799 38784   101590.5809    16   101156.8046   101595.9035 13724695    0.43%
 196491 39816        cutoff         101156.8046   101593.9930 13781046    0.43%
 199332 41129   101463.4728    13   101156.8046   101590.9187 13832792    0.43%
 201331 41736   101569.7788    12   101156.8046   101588.5718 13899162    0.43%
 203704 42535   101223.7078    20   101156.8046   101585.4282 13953752    0.42%
 206377 43617   101543.0615    11   101156.8046   101581.4882 14005869    0.42%
 208822 44399   101270.8395    10   101156.8046   101576.8402 14065715    0.42%
 210974 44992   101554.5853     8   101156.8046   101574.1551 14117693    0.41%
Elapsed time = 1224.58 sec. (669904.02 ticks, tree = 21.89 MB, solutions = 2)
 213269 45726        cutoff         101156.8046   101571.6772 14167932    0.41%
                                                      Cuts: 2                  
 215550 46509        cutoff         101156.8046   101568.9817 14217618    0.41%
 217717 47094   101499.0158    15   101156.8046   101567.4125 14271627    0.41%
 219714 47539   101463.9367    20   101156.8046   101565.4051 14321059    0.40%
 222028 48158   101531.3510     5   101156.8046   101562.0932 14372257    0.40%
 224677 48959   101558.4653     8   101156.8046   101558.4653 14426305    0.40%
 226054 49397   101424.8130    10   101156.8046   101557.3175 14456464    0.40%
 228760 50337   101335.0556    10   101156.8046   101553.4294 14511686    0.39%
 232005 51127        cutoff         101156.8046   101551.8567 14567491    0.39%
 234843 51384   101317.0505    12   101156.8046   101550.9781 14619078    0.39%
Elapsed time = 1292.66 sec. (708059.90 ticks, tree = 24.63 MB, solutions = 2)
 237791 52011        cutoff         101156.8046   101549.8866 14673880    0.39%
 240734 52679   101478.9043    18   101156.8046   101548.3829 14729635    0.39%
 243290 53526   101547.4469    10   101156.8046   101547.4469 14774383    0.39%
 246337 54979        cutoff         101156.8046   101546.0019 14835233    0.38%
 248688 55566        cutoff         101156.8046   101545.1882 14899940    0.38%
 250244 55816   101543.8702    10   101156.8046   101544.6142 14983194    0.38%
 252422 56012   101361.7423    17   101156.8046   101543.1567 15040563    0.38%
 256317 57915   101298.9740    22   101156.8046   101541.7572 15093689    0.38%
 259471 59270        cutoff         101156.8046   101540.4408 15152407    0.38%
 262558 60116   101482.3691     4   101156.8046   101537.4945 15205523    0.38%
Elapsed time = 1361.44 sec. (746221.84 ticks, tree = 28.36 MB, solutions = 2)
 265679 61281   101535.4634     7   101156.8046   101535.4634 15261705    0.37%
 268883 62347   101306.5126    13   101156.8046   101533.5834 15312346    0.37%
 272263 63697   101531.2224     3   101156.8046   101532.2244 15367074    0.37%
 275942 65029   101442.5539     8   101156.8046   101531.6929 15425210    0.37%
 278051 65510   101443.2054     6   101156.8046   101531.5460 15445818    0.37%
 280955 65212        cutoff         101156.8046   101531.3510 15515865    0.37%
 283343 64480        cutoff         101156.8046   101531.3510 15588573    0.37%
 285630 64008        cutoff         101156.8046   101531.3510 15651100    0.37%
 288219 63481        cutoff         101156.8046   101531.2224 15718024    0.37%
 290675 63229   101470.6903     3   101156.8046   101531.0510 15785099    0.37%
Elapsed time = 1430.06 sec. (784375.13 ticks, tree = 32.52 MB, solutions = 2)
 293573 62381   101529.9319    12   101156.8046   101529.9319 15827320    0.37%
 296308 62796   101502.8313    14   101156.8046   101529.3406 15894484    0.37%
 299666 62386        cutoff         101156.8046   101529.0756 15940705    0.37%
 302341 61052   101529.0169     5   101156.8046   101529.0169 16017092    0.37%
 304836 61214   101165.3467    12   101156.8046   101528.1994 16078426    0.37%
 307771 62138   101293.1069    16   101156.8046   101526.3016 16135102    0.37%
 310458 62536        cutoff         101156.8046   101525.6015 16197021    0.36%
 312885 61785        cutoff         101156.8046   101525.2936 16274065    0.36%
 315478 61556   101322.4197    22   101156.8046   101524.1996 16341011    0.36%
 317960 62072   101188.9755    10   101156.8046   101521.7624 16404568    0.36%
Elapsed time = 1499.16 sec. (822531.46 ticks, tree = 32.03 MB, solutions = 2)
 319851 62613        cutoff         101156.8046   101521.0078 16454820    0.36%
 322804 63789   101481.5817    16   101156.8046   101518.7946 16522712    0.36%
 325495 63822   101512.1315     6   101156.8046   101517.5237 16582546    0.36%
 329123 63962        cutoff         101156.8046   101517.4349 16632629    0.36%
 332222 63581        cutoff         101156.8046   101515.7897 16681550    0.35%
 335025 63081        cutoff         101156.8046   101514.4647 16739989    0.35%
 338024 63837   101499.8177     5   101156.8046   101512.1315 16803688    0.35%
 340397 64672   101413.0927    16   101156.8046   101511.7064 16849458    0.35%
 342869 65249   101450.6693     9   101156.8046   101510.6003 16899051    0.35%
 346245 66528   101262.0127     5   101156.8046   101508.8612 16957689    0.35%
Elapsed time = 1567.61 sec. (860695.37 ticks, tree = 33.93 MB, solutions = 2)
 349154 67265   101505.3783     7   101156.8046   101505.3783 17015707    0.34%
 352324 68277        cutoff         101156.8046   101503.7973 17069716    0.34%
 355691 69645   101501.6948    19   101156.8046   101501.6948 17133440    0.34%
 358780 70842   101391.0629     5   101156.8046   101500.4325 17188245    0.34%
 362046 71963   101278.5281     7   101156.8046   101498.7438 17247692    0.34%
 365002 73098   101388.3394     5   101156.8046   101496.5755 17304740    0.34%
 367974 73787        cutoff         101156.8046   101494.3717 17351403    0.33%
 370923 74033   101493.4919     9   101156.8046   101493.4919 17401035    0.33%
 373416 74035        cutoff         101156.8046   101491.8904 17446188    0.33%
 376022 74011        cutoff         101156.8046   101491.3166 17516271    0.33%
Elapsed time = 1633.78 sec. (898851.55 ticks, tree = 37.12 MB, solutions = 2)
 378382 74440   101186.5920    16   101156.8046   101490.2531 17575154    0.33%
 381935 76321   101276.2508    17   101156.8046   101489.0459 17638634    0.33%
 384603 77179   101460.5289    16   101156.8046   101486.7053 17695091    0.33%
 387641 78174        cutoff         101156.8046   101484.9674 17750635    0.32%
 391136 79757   101483.1126    39   101156.8046   101483.1126 17809310    0.32%
 394004 79787   101399.4204    12   101156.8046   101482.3117 17859440    0.32%
 396480 79977   101440.3677     5   101156.8046   101481.5817 17924522    0.32%
 399394 80777   101332.4078     6   101156.8046   101479.8476 17984509    0.32%
 401468 81838   101471.1103     8   101156.8046   101479.1842 18051380    0.32%
 404424 83076        cutoff         101156.8046   101477.3117 18117132    0.32%
Elapsed time = 1700.97 sec. (937143.57 ticks, tree = 40.99 MB, solutions = 2)
 408330 85005   101415.1035    13   101156.8046   101476.4736 18171161    0.32%
 410405 86126   101475.3941    12   101156.8046   101475.3941 18204600    0.31%
 413756 87487        cutoff         101156.8046   101474.2076 18262769    0.31%
 416454 88516   101407.5050    11   101156.8046   101473.1190 18330332    0.31%
 418548 89520   101351.3025    13   101156.8046   101472.4770 18428528    0.31%
 421020 89388    infeasible         101156.8046   101471.7993 18501171    0.31%
 423257 89937    infeasible         101156.8046   101471.1103 18598917    0.31%
 424883 89790        cutoff         101156.8046   101470.9984 18701011    0.31%
 428734 91694   101451.3430     3   101156.8046   101470.8285 18763798    0.31%
 432122 91871   101254.5867    18   101156.8046   101470.6156 18813441    0.31%
Elapsed time = 1766.86 sec. (975310.89 ticks, tree = 44.72 MB, solutions = 2)
 435080 93008        cutoff         101156.8046   101469.2046 18887603    0.31%
 438100 93745        cutoff         101156.8046   101468.1186 18951017    0.31%
 441222 94929   101398.3947     5   101156.8046   101466.7437 19023145    0.31%
 443730 95277        cutoff         101156.8046   101465.9651 19100337    0.31%
 446013 95483   101417.8012     8   101156.8046   101464.9657 19181340    0.30%
 448956 95216        cutoff         101156.8046   101464.6479 19233859    0.30%
 451310 95841    infeasible         101156.8046   101464.0558 19266846    0.30%
 454289 95281   101414.0214     9   101156.8046   101463.8403 19338291    0.30%
 456023 95024        cutoff         101156.8046   101463.4340 19436490    0.30%
 458689 95957   101389.3650     8   101156.8046   101462.4070 19499832    0.30%
Elapsed time = 1832.05 sec. (1013473.21 ticks, tree = 46.50 MB, solutions = 2)
 461863 97505   101322.5147     9   101156.8046   101461.7760 19568771    0.30%
 465522 99528   101461.1673    10   101156.8046   101461.1673 19624527    0.30%
 468235 99751        cutoff         101156.8046   101460.4842 19683173    0.30%
 471315 101238        cutoff         101156.8046   101459.8005 19736448    0.30%
 474119 102306        cutoff         101156.8046   101458.8784 19792461    0.30%
 477428 103894   101440.7383     7   101156.8046   101458.4137 19836283    0.30%
 480404 105608   101444.9111     9   101156.8046   101458.1753 19873678    0.30%
 481104 106017   101356.0576    14   101156.8046   101458.1597 19881428    0.30%
 481822 106330   101273.7242    11   101156.8046   101458.1085 19890279    0.30%
 482304 106589   101275.8669    14   101156.8046   101458.1085 19895575    0.30%
Elapsed time = 1900.26 sec. (1053119.35 ticks, tree = 51.06 MB, solutions = 2)
 482904 106962   101224.2713     9   101156.8046   101458.1085 19901403    0.30%
 485380 107346        cutoff         101156.8046   101458.0641 19941993    0.30%
 488823 108085   101428.1149     7   101156.8046   101457.9193 20003691    0.30%
 491160 108785   101436.0363    16   101156.8046   101457.3218 20069404    0.30%
 495023 110707   101351.5239    10   101156.8046   101456.8227 20119203    0.30%
 498167 110910   101435.6228    11   101156.8046   101456.5338 20179621    0.30%
 502110 113136        cutoff         101156.8046   101455.7891 20240117    0.30%
 505358 113833        cutoff         101156.8046   101454.7839 20296375    0.29%
 507938 111911        cutoff         101156.8046   101454.5628 20343288    0.29%
 510325 111876        cutoff         101156.8046   101453.9728 20391306    0.29%
Elapsed time = 1965.95 sec. (1092008.43 ticks, tree = 53.34 MB, solutions = 2)
 513384 111866        cutoff         101156.8046   101453.5070 20441490    0.29%
 515690 111304   101349.5712     9   101156.8046   101453.3645 20498489    0.29%
 518356 112372        cutoff         101156.8046   101453.1490 20530366    0.29%
 521168 113094   101428.5814     8   101156.8046   101452.7993 20569568    0.29%
 523745 113514        cutoff         101156.8046   101452.4978 20614597    0.29%
 525861 112830        cutoff         101156.8046   101452.3365 20659714    0.29%
 528027 112817   101284.9196    13   101156.8046   101452.0671 20709495    0.29%
 530990 112854        cutoff         101156.8046   101451.3430 20759696    0.29%
 533405 113307   101425.8953     6   101156.8046   101450.9586 20792928    0.29%
 537553 114819   101334.4362     7   101156.8046   101450.8559 20841474    0.29%
Elapsed time = 2034.50 sec. (1130176.24 ticks, tree = 54.61 MB, solutions = 2)
 540701 114876        cutoff         101156.8046   101450.5582 20906202    0.29%
 543134 114519        cutoff         101156.8046   101450.3262 20962171    0.29%
 545172 114108   101427.1283    11   101156.8046   101450.1388 21006718    0.29%
 548228 114838   101279.1295    13   101156.8046   101449.3743 21057304    0.29%
 551142 115671   101431.1470    14   101156.8046   101448.4575 21111570    0.29%
 553537 115853        cutoff         101156.8046   101447.7062 21160024    0.29%
 556244 116790        cutoff         101156.8046   101447.2916 21203143    0.29%
 559107 117114   101446.6968    13   101156.8046   101446.6968 21251051    0.29%
 561946 116767   101422.1975     6   101156.8046   101446.2715 21299372    0.29%
 564468 116753   101379.4334    19   101156.8046   101445.4878 21351324    0.29%
Elapsed time = 2103.26 sec. (1168347.15 ticks, tree = 55.43 MB, solutions = 2)
 567279 116775        cutoff         101156.8046   101444.5466 21393811    0.28%
 570620 116574        cutoff         101156.8046   101443.7473 21444168    0.28%
 573237 116069   101443.2054     5   101156.8046   101443.2054 21500456    0.28%
 575964 116348   101417.7283     8   101156.8046   101442.3974 21552099    0.28%
 578004 116774        cutoff         101156.8046   101442.3974 21573784    0.28%
 581258 117387   101323.7822    11   101156.8046   101441.5399 21623248    0.28%
 585226 118781   101331.9404    14   101156.8046   101440.7169 21681681    0.28%
 587646 118767   101415.7417     8   101156.8046   101440.4108 21726726    0.28%
 590766 117315        cutoff         101156.8046   101440.3677 21791584    0.28%
 593168 117195   101218.5189     9   101156.8046   101439.4143 21842185    0.28%
Elapsed time = 2171.53 sec. (1206503.16 ticks, tree = 55.62 MB, solutions = 2)
 595975 117593   101392.5916    10   101156.8046   101438.9412 21906159    0.28%
 598777 118043   101355.4558     8   101156.8046   101437.8132 21965208    0.28%
 601105 117946        cutoff         101156.8046   101437.0936 22008886    0.28%
 603481 117683        cutoff         101156.8046   101436.7074 22057324    0.28%
 606099 117232        cutoff         101156.8046   101435.9652 22109295    0.28%
 608762 117132   101297.3602     9   101156.8046   101435.5227 22169457    0.28%
 611682 117824        cutoff         101156.8046   101434.4739 22222796    0.27%
 614442 117738   101276.3090     9   101156.8046   101433.4853 22275181    0.27%
 617448 118597   101329.8580    14   101156.8046   101433.0672 22340382    0.27%
 620482 118461        cutoff         101156.8046   101432.1186 22395489    0.27%
Elapsed time = 2239.51 sec. (1244666.26 ticks, tree = 56.15 MB, solutions = 2)
 623146 118445        cutoff         101156.8046   101431.3283 22449927    0.27%
 625475 118720        cutoff         101156.8046   101430.3331 22501711    0.27%
 627619 117961   101293.9890     7   101156.8046   101429.9418 22552008    0.27%
 630030 117893   101374.7106     8   101156.8046   101429.4833 22595225    0.27%
 632759 118318   101212.3504     9   101156.8046   101428.8418 22655291    0.27%
 634251 118027        cutoff         101156.8046   101428.8090 22698930    0.27%
 635655 117365   101355.6378     7   101156.8046   101428.5814 22745506    0.27%
 637531 117090        cutoff         101156.8046   101428.0963 22792375    0.27%
 640114 116665        cutoff         101156.8046   101427.0467 22846600    0.27%
 642014 116412        cutoff         101156.8046   101426.6186 22890765    0.27%
Elapsed time = 2310.11 sec. (1282823.18 ticks, tree = 55.28 MB, solutions = 2)
 643839 115957        cutoff         101156.8046   101426.2266 22938560    0.27%
 646210 115278        cutoff         101156.8046   101425.4860 22995313    0.27%
 649187 115895        cutoff         101156.8046   101424.4895 23049492    0.26%
 651992 116006        cutoff         101156.8046   101423.0911 23109668    0.26%
 653978 115549   101422.9515     8   101156.8046   101422.9515 23159426    0.26%
 655432 115110   101339.8152     6   101156.8046   101422.3419 23205434    0.26%
 658125 115019   101421.3851     6   101156.8046   101421.3851 23263630    0.26%
 660845 115236        cutoff         101156.8046   101420.4263 23331648    0.26%
 663180 115294   101419.5909     9   101156.8046   101419.5909 23404322    0.26%
 666641 116117        cutoff         101156.8046   101418.6898 23453849    0.26%
Elapsed time = 2382.26 sec. (1320982.65 ticks, tree = 55.15 MB, solutions = 2)
 669737 116785   101211.0950    12   101156.8046   101417.8012 23514098    0.26%
 672667 116800   101417.7283     8   101156.8046   101417.7283 23553003    0.26%
 675102 116928        cutoff         101156.8046   101416.2160 23609220    0.26%
 677375 116342   101368.7312     9   101156.8046   101415.1054 23659578    0.26%
 680322 116524        cutoff         101156.8046   101414.0214 23720053    0.25%
 681939 117149   101349.5353     9   101156.8046   101413.8707 23821654    0.25%
 684615 117722   101412.1555    25   101156.8046   101412.4829 23892907    0.25%
 687637 118313        cutoff         101156.8046   101412.0909 23945078    0.25%
 690305 118692   101407.6037    16   101156.8046   101410.8347 24010414    0.25%
 692462 118873        cutoff         101156.8046   101409.9472 24084487    0.25%
Elapsed time = 2453.44 sec. (1359158.64 ticks, tree = 56.32 MB, solutions = 2)
 694928 118689   101246.7130     7   101156.8046   101408.5451 24147390    0.25%
 697376 118646   101358.6848    13   101156.8046   101407.7966 24208953    0.25%
 700042 118955   101389.2432    11   101156.8046   101407.0385 24266771    0.25%
 702780 119034        cutoff         101156.8046   101406.1454 24320267    0.25%
 705612 119366   101300.1505     8   101156.8046   101404.6054 24380325    0.24%
 708398 119599        cutoff         101156.8046   101403.3592 24438313    0.24%
 711262 119967   101355.4558    11   101156.8046   101402.0379 24494107    0.24%
 713954 119942        cutoff         101156.8046   101401.5275 24543641    0.24%
 716069 119670        cutoff         101156.8046   101401.2129 24622391    0.24%
 717779 119679   101358.6848    13   101156.8046   101400.4918 24695280    0.24%
Elapsed time = 2521.73 sec. (1397312.59 ticks, tree = 56.66 MB, solutions = 2)
 719630 119379   101240.4326    15   101156.8046   101399.5575 24762345    0.24%
 723143 119951   101383.3724     4   101156.8046   101398.7634 24814708    0.24%
 725597 119646   101355.7367     6   101156.8046   101398.7027 24853759    0.24%
 727352 119977   101390.0463    14   101156.8046   101398.4027 24955162    0.24%
 729710 120093        cutoff         101156.8046   101397.3512 25028826    0.24%
 732492 119650        cutoff         101156.8046   101395.9685 25076835    0.24%
 735381 119407   101201.6419    16   101156.8046   101394.6101 25128380    0.24%
 737980 119096        cutoff         101156.8046   101393.6715 25180292    0.23%
 740214 118576   101364.6222     7   101156.8046   101392.7994 25242609    0.23%
 743178 118824   101391.0629     6   101156.8046   101391.8224 25303952    0.23%
Elapsed time = 2587.53 sec. (1435470.04 ticks, tree = 56.30 MB, solutions = 2)
 745593 118346   101355.7367     5   101156.8046   101391.6282 25348906    0.23%
 748096 118483   101282.9289    14   101156.8046   101390.0539 25405303    0.23%
 749144 118490   101264.1669     9   101156.8046   101389.8408 25534490    0.23%
 752342 118728   101389.3496     9   101156.8046   101389.3496 25576748    0.23%
 755517 118990   101371.4458     4   101156.8046   101387.3362 25627348    0.23%
 759014 118904   101386.5548    11   101156.8046   101386.5548 25676831    0.23%
 761214 118315   101251.8773     8   101156.8046   101385.1841 25733387    0.23%
 763660 118810   101368.1206    19   101156.8046   101384.6857 25812957    0.23%
 766843 118425   101378.6777     5   101156.8046   101384.0865 25861021    0.22%
 769310 118015        cutoff         101156.8046   101382.9197 25908317    0.22%
Elapsed time = 2656.31 sec. (1473626.59 ticks, tree = 55.96 MB, solutions = 2)
 772011 118341   101373.2865     4   101156.8046   101381.9745 25962108    0.22%
 774658 118727        cutoff         101156.8046   101381.0995 26027523    0.22%
 777377 118007   101353.9002     9   101156.8046   101380.2540 26074884    0.22%
 780155 118114   101323.4797     8   101156.8046   101379.0165 26129275    0.22%
 782690 117800   101377.5777    14   101156.8046   101377.5777 26183529    0.22%
 784127 117989        cutoff         101156.8046   101377.5346 26270846    0.22%
 786678 117572        cutoff         101156.8046   101375.6945 26319930    0.22%
 789245 117094        cutoff         101156.8046   101374.5448 26376891    0.22%
 792108 116793        cutoff         101156.8046   101373.2865 26422849    0.21%
 794845 116784   101372.3434     9   101156.8046   101372.3434 26466693    0.21%
Elapsed time = 2724.70 sec. (1511779.39 ticks, tree = 55.44 MB, solutions = 2)
 797348 116347   101170.8549    10   101156.8046   101371.0739 26513443    0.21%
 800460 116938   101314.9646    14   101156.8046   101370.0233 26564635    0.21%
 803207 117155        cutoff         101156.8046   101368.5275 26615736    0.21%
 806007 117392        cutoff         101156.8046   101367.2925 26666153    0.21%
 808483 117402        cutoff         101156.8046   101366.3069 26716593    0.21%
 810145 118208        cutoff         101156.8046   101366.3069 26822347    0.21%
 811997 119134        cutoff         101156.8046   101366.2899 26925901    0.21%
 814517 119367        cutoff         101156.8046   101364.8363 26987177    0.21%
 817090 118655        cutoff         101156.8046   101364.4947 27034193    0.21%
 819874 118793   101306.5433    13   101156.8046   101363.1375 27089420    0.20%
Elapsed time = 2793.88 sec. (1549942.51 ticks, tree = 56.28 MB, solutions = 2)
 822517 119269        cutoff         101156.8046   101361.9997 27138578    0.20%
 825406 119639        cutoff         101156.8046   101360.6927 27186814    0.20%
 828224 119975   101348.3811     9   101156.8046   101359.3533 27244581    0.20%
 831408 119819        cutoff         101156.8046   101358.4138 27296676    0.20%
 834358 119871        cutoff         101156.8046   101357.2969 27342473    0.20%
 836654 120247        cutoff         101156.8046   101356.2306 27417933    0.20%
 839271 120234   101274.5310     3   101156.8046   101355.5440 27490203    0.20%
 841764 119995        cutoff         101156.8046   101355.2811 27539951    0.20%
 844615 120049   101354.7181     9   101156.8046   101354.7181 27591570    0.20%
 848022 120638   101354.1346     6   101156.8046   101354.1346 27637263    0.20%
Elapsed time = 2862.03 sec. (1588106.43 ticks, tree = 57.09 MB, solutions = 2)
 850686 119707   101190.1546    17   101156.8046   101353.8854 27680111    0.19%
 853255 119802   101353.1177    25   101156.8046   101353.1177 27732734    0.19%
 855868 119592   101351.9406     7   101156.8046   101351.9406 27783968    0.19%
 858702 119059   101189.3054    15   101156.8046   101351.3855 27828413    0.19%
 860004 119374   101340.8147    18   101156.8046   101351.3719 27953194    0.19%
 861240 119764   101185.1460    23   101156.8046   101351.3719 28081722    0.19%
 862695 119942   101351.0838    18   101156.8046   101351.0838 28180039    0.19%
 864693 119956   101184.0540     9   101156.8046   101350.6239 28251385    0.19%
 866960 119644   101350.1681     9   101156.8046   101350.1681 28300317    0.19%
 869639 119509   101278.3709     7   101156.8046   101349.3535 28355672    0.19%
Elapsed time = 2932.03 sec. (1626282.72 ticks, tree = 56.61 MB, solutions = 2)
 872310 120021        cutoff         101156.8046   101347.9242 28417318    0.19%
 874970 120138   101243.7591     6   101156.8046   101346.9123 28465108    0.19%
 877669 120214   101319.8431     9   101156.8046   101345.6811 28510868    0.19%
 880230 120232   101209.0378    17   101156.8046   101345.0640 28572429    0.19%
 881682 120644   101288.5538     8   101156.8046   101344.8387 28690585    0.19%
 884481 120636        cutoff         101156.8046   101343.8045 28740451    0.18%
 887144 119364   101288.2149     5   101156.8046   101343.2980 28796088    0.18%
 890066 120015   101319.5432     7   101156.8046   101342.5769 28839185    0.18%
 892289 120391   101338.6050     7   101156.8046   101341.6065 28910654    0.18%
 894714 120357   101208.8130    13   101156.8046   101340.8147 28974228    0.18%
Elapsed time = 2999.72 sec. (1664457.48 ticks, tree = 57.00 MB, solutions = 2)
 895878 120490   101329.3162     9   101156.8046   101340.8147 29097447    0.18%
 897180 120580   101257.1994     9   101156.8046   101340.3617 29197939    0.18%
 899803 119763        cutoff         101156.8046   101339.3065 29247609    0.18%
 902006 119344   101293.9784    17   101156.8046   101338.2404 29296380    0.18%
 903168 119549   101338.2404    20   101156.8046   101338.2404 29413908    0.18%
 905184 119652   101319.5432     7   101156.8046   101337.7836 29495323    0.18%
 907375 119847        cutoff         101156.8046   101336.5404 29566943    0.18%
 909845 119850        cutoff         101156.8046   101335.4283 29613795    0.18%
 912389 119851   101248.7024    13   101156.8046   101334.5300 29662803    0.18%
 913460 119624        cutoff         101156.8046   101334.4138 29763689    0.18%
Elapsed time = 3069.45 sec. (1702632.14 ticks, tree = 56.71 MB, solutions = 2)
 915798 119671        cutoff         101156.8046   101333.5806 29805277    0.17%
 918152 119993   101294.2539     9   101156.8046   101332.7345 29862682    0.17%
 920248 119991   101332.5098    18   101156.8046   101332.5098 29937906    0.17%
 921923 119734   101198.9572    11   101156.8046   101332.3191 29978097    0.17%
 923267 119710        cutoff         101156.8046   101331.8059 30019837    0.17%
 925816 119703        cutoff         101156.8046   101330.2938 30070686    0.17%
 927903 119259        cutoff         101156.8046   101328.9752 30139455    0.17%
 929196 119073   101171.3901     7   101156.8046   101328.5808 30265983    0.17%
 930501 119181   101319.8015    17   101156.8046   101328.4084 30388205    0.17%
 932590 118307        cutoff         101156.8046   101328.0286 30446327    0.17%
Elapsed time = 3141.08 sec. (1740802.33 ticks, tree = 56.15 MB, solutions = 2)
 934430 117537   101326.9005    10   101156.8046   101326.9005 30482221    0.17%
 936654 117520        cutoff         101156.8046   101324.7339 30524063    0.17%
 939098 117010        cutoff         101156.8046   101323.4797 30569271    0.16%
 941345 116617        cutoff         101156.8046   101323.0409 30614066    0.16%
 943538 116576   101291.5432     8   101156.8046   101322.6041 30649978    0.16%
 945716 116921   101322.6041    13   101156.8046   101322.6041 30684741    0.16%
 947737 116693        cutoff         101156.8046   101322.5268 30717757    0.16%
 949604 116360   101174.9706    12   101156.8046   101322.2164 30749878    0.16%
 951564 115689   101316.2464    11   101156.8046   101321.9250 30796187    0.16%
 953548 115330   101290.4617     8   101156.8046   101321.0563 30836142    0.16%
Elapsed time = 3214.56 sec. (1779015.40 ticks, tree = 54.89 MB, solutions = 2)
 955666 114847   101320.5600    13   101156.8046   101320.5600 30876498    0.16%
 958026 114716        cutoff         101156.8046   101320.4826 30914532    0.16%
 960131 114164        cutoff         101156.8046   101319.8465 30956366    0.16%
 962324 114282   101183.0641    18   101156.8046   101319.0225 31013890    0.16%
 964831 114224   101294.2539     9   101156.8046   101317.2328 31057298    0.16%
 966964 114174   101317.0505    12   101156.8046   101317.0505 31098187    0.16%
 968542 114079   101290.4617     8   101156.8046   101317.0020 31139242    0.16%
 970234 113659   101166.4467    12   101156.8046   101316.9387 31177791    0.16%
 972150 113517   101316.3372    13   101156.8046   101316.3372 31220434    0.16%
 974477 113085        cutoff         101156.8046   101315.7694 31261177    0.16%
Elapsed time = 3288.41 sec. (1817181.76 ticks, tree = 53.93 MB, solutions = 2)
 976254 112651   101314.9646    13   101156.8046   101314.9646 31317391    0.16%
 978044 112101        cutoff         101156.8046   101314.6199 31345195    0.16%
 980853 111348   101290.7991     6   101156.8046   101313.1696 31386007    0.15%
 983024 110996        cutoff         101156.8046   101311.9335 31422665    0.15%
 985153 110969   101292.8155     3   101156.8046   101311.7070 31457643    0.15%
 987625 111485   101294.8557    10   101156.8046   101310.8020 31506701    0.15%
 989983 111066   101309.8894    11   101156.8046   101309.8894 31553983    0.15%
 992241 110519   101308.5953     9   101156.8046   101309.1045 31593494    0.15%
 994258 110195   101308.9982    10   101156.8046   101308.9982 31623002    0.15%
 996888 110310        cutoff         101156.8046   101308.9982 31654035    0.15%
Elapsed time = 3361.70 sec. (1855338.95 ticks, tree = 52.72 MB, solutions = 2)
 999620 110018        cutoff         101156.8046   101308.7078 31693116    0.15%
 1002078 109446   101278.9560    16   101156.8046   101307.5143 31732579    0.15%
 1005434 109571   101219.1288     5   101156.8046   101306.4083 31776698    0.15%
 1007904 109680        cutoff         101156.8046   101306.1305 31816162    0.15%
 1010192 109581   101300.1505     6   101156.8046   101305.1902 31872865    0.15%
 1013050 109186        cutoff         101156.8046   101304.5983 31917415    0.15%
 1015253 108210        cutoff         101156.8046   101304.1802 31951264    0.15%
 1017779 107478   101303.8607     9   101156.8046   101303.8607 31990624    0.15%
 1020672 107210        cutoff         101156.8046   101303.3202 32031687    0.14%
 1023331 107013        cutoff         101156.8046   101302.8942 32072100    0.14%
Elapsed time = 3430.19 sec. (1893494.90 ticks, tree = 51.31 MB, solutions = 2)
 1024647 106465   101256.6590    10   101156.8046   101302.2311 32105830    0.14%
 1027561 106480   101239.3788    18   101156.8046   101300.9287 32158376    0.14%
 1029933 105907        cutoff         101156.8046   101299.9549 32202657    0.14%
 1032471 105110        cutoff         101156.8046   101299.3206 32246093    0.14%
 1036046 106034   101227.4870    18   101156.8046   101298.5729 32290851    0.14%
 1038794 105443   101278.7854     5   101156.8046   101297.3602 32334988    0.14%
 1042116 105548   101190.4273     7   101156.8046   101296.8957 32384760    0.14%
 1045513 105740    infeasible         101156.8046   101296.0409 32433932    0.14%
 1048335 105383   101295.3693    10   101156.8046   101295.3693 32475704    0.14%
 1049995 104918        cutoff         101156.8046   101294.8557 32507111    0.14%
Elapsed time = 3497.58 sec. (1931648.77 ticks, tree = 50.43 MB, solutions = 2)
 1052433 103918        cutoff         101156.8046   101294.1245 32548250    0.14%
 1054595 104153        cutoff         101156.8046   101293.2431 32615933    0.13%
 1057626 103544        cutoff         101156.8046   101292.6513 32659415    0.13%
 1060491 103620   101185.4428    16   101156.8046   101291.5782 32707545    0.13%
 1062125 102875   101291.2616     8   101156.8046   101291.2616 32758116    0.13%
 1064104 101878        cutoff         101156.8046   101291.0934 32788860    0.13%
 1066618 102138    infeasible         101156.8046   101290.4617 32825467    0.13%
 1068784 101878   101255.1025     6   101156.8046   101290.4617 32855547    0.13%
 1072361 102673   101288.2149     5   101156.8046   101289.5035 32900178    0.13%
 1073982 102370   101289.0297    10   101156.8046   101289.1319 32934012    0.13%
Elapsed time = 3569.31 sec. (1969813.31 ticks, tree = 49.35 MB, solutions = 2)
 1076596 102173   101259.3527     9   101156.8046   101288.4618 32978297    0.13%
 1079577 100905   101185.5322     7   101156.8046   101288.1471 33022213    0.13%
 1083906 101791   101178.1642     9   101156.8046   101287.7595 33068254    0.13%
 1087218 102418        cutoff         101156.8046   101286.7670 33115801    0.13%
 1089383 102097   101258.5992    16   101156.8046   101286.3511 33148722    0.13%
 1091612 101690        cutoff         101156.8046   101285.9064 33199642    0.13%
 1093523 101897   101249.3047     8   101156.8046   101285.6629 33273089    0.13%
 1096011 101966        cutoff         101156.8046   101285.2864 33327590    0.13%
 1099060 102572        cutoff         101156.8046   101284.7525 33387933    0.13%
 1101995 102653   101283.6523     8   101156.8046   101283.6523 33435210    0.13%
Elapsed time = 3639.50 sec. (2007975.78 ticks, tree = 49.48 MB, solutions = 2)
 1104886 102880        cutoff         101156.8046   101282.8249 33486763    0.12%
 1108181 103284        cutoff         101156.8046   101282.1212 33541337    0.12%
 1110774 103026        cutoff         101156.8046   101281.4493 33590486    0.12%
 1113068 103392   101273.7242     8   101156.8046   101280.7590 33662146    0.12%
 1116540 103651        cutoff         101156.8046   101280.7290 33711763    0.12%
 1119524 103736   101258.7811    13   101156.8046   101280.0164 33758102    0.12%
 1121937 103651        cutoff         101156.8046   101279.4744 33801863    0.12%
 1125015 103677        cutoff         101156.8046   101278.9560 33854465    0.12%
 1128637 102940        cutoff         101156.8046   101278.7854 33898043    0.12%
 1132185 102366        cutoff         101156.8046   101278.3709 33940953    0.12%
Elapsed time = 3707.89 sec. (2046130.65 ticks, tree = 49.37 MB, solutions = 2)
 1135226 102734   101278.0271    12   101156.8046   101278.0271 33977356    0.12%
 1139272 103902        cutoff         101156.8046   101277.5938 34022383    0.12%
 1143051 104824   101246.9733     8   101156.8046   101276.6740 34077015    0.12%
 1147033 105789   101269.3925    13   101156.8046   101275.9164 34128166    0.12%
 1151054 107299   101257.1932     8   101156.8046   101275.7769 34183719    0.12%
 1155980 109189   101214.1947    13   101156.8046   101275.0418 34231348    0.12%
 1157985 108610        cutoff         101156.8046   101274.5310 34262986    0.12%
 1161048 108244   101257.8512     8   101156.8046   101274.3326 34312094    0.12%
 1164578 108386   101273.7242     8   101156.8046   101273.7242 34368139    0.12%
 1167692 107999        cutoff         101156.8046   101273.7242 34414320    0.12%
Elapsed time = 3774.80 sec. (2084287.50 ticks, tree = 51.79 MB, solutions = 2)
 1171218 108503   101157.3556     5   101156.8046   101273.7242 34466258    0.12%
 1175031 109840        cutoff         101156.8046   101273.7242 34516995    0.12%
 1178831 110801   101249.5269     5   101156.8046   101273.7242 34572281    0.12%
 1183137 112351        cutoff         101156.8046   101272.8797 34627011    0.11%
 1187048 113641        cutoff         101156.8046   101272.0433 34672390    0.11%
 1190363 113598   101271.3838     3   101156.8046   101271.3838 34713688    0.11%
 1193415 112735        cutoff         101156.8046   101271.1705 34752164    0.11%
 1195726 112890   101246.9733     4   101156.8046   101271.1705 34782289    0.11%
 1199878 113587        cutoff         101156.8046   101271.1705 34833820    0.11%
 1203940 114753   101246.9733     4   101156.8046   101271.1705 34890417    0.11%
Elapsed time = 3843.14 sec. (2122442.67 ticks, tree = 54.68 MB, solutions = 2)
 1208297 116054   101246.9733     4   101156.8046   101271.1705 34947987    0.11%
 1212436 117233   101265.3669    12   101156.8046   101270.9669 34999868    0.11%
 1216051 117993   101264.5396    16   101156.8046   101270.4985 35053331    0.11%
 1219385 119154   101270.0670    18   101156.8046   101270.0670 35115116    0.11%
 1223615 119381        cutoff         101156.8046   101269.6092 35160659    0.11%
 1227333 118243        cutoff         101156.8046   101269.6092 35203441    0.11%
 1231292 119059   101170.7819    12   101156.8046   101268.9690 35246629    0.11%
 1235010 119189   101245.7077    11   101156.8046   101268.1509 35290956    0.11%
 1238886 120155        cutoff         101156.8046   101267.0511 35342312    0.11%
 1242051 119417   101267.0511     8   101156.8046   101267.0511 35388529    0.11%
Elapsed time = 3910.09 sec. (2160602.11 ticks, tree = 56.69 MB, solutions = 2)
 1244552 118962        cutoff         101156.8046   101266.9290 35425424    0.11%
 1247404 117940   101266.5395    17   101156.8046   101266.5395 35475218    0.11%
 1250718 118217        cutoff         101156.8046   101265.3669 35523557    0.11%
 1253983 117828        cutoff         101156.8046   101264.4975 35570572    0.11%
 1256765 116815        cutoff         101156.8046   101264.0399 35622208    0.11%
 1260358 115751        cutoff         101156.8046   101263.7416 35664736    0.11%
 1263404 115628   101250.6952     8   101156.8046   101263.2272 35696940    0.11%
 1266725 115590   101174.9706    10   101156.8046   101262.2605 35739361    0.10%
 1269794 114367        cutoff         101156.8046   101261.9063 35783042    0.10%
 1273099 113463   101236.9551     5   101156.8046   101261.7811 35829221    0.10%
Elapsed time = 3978.41 sec. (2198909.89 ticks, tree = 54.14 MB, solutions = 2)
 1276845 113788        cutoff         101156.8046   101260.6461 35875769    0.10%
 1279294 113697   101259.9141     7   101156.8046   101259.9141 35968341    0.10%
 1282591 112570   101228.5995    10   101156.8046   101259.3527 36014484    0.10%
 1285853 112298   101258.5361     8   101156.8046   101258.5361 36069143    0.10%
 1289135 112137   101234.0701    14   101156.8046   101258.4319 36118408    0.10%
 1291903 110967   101257.8512     6   101156.8046   101257.8512 36169278    0.10%
 1294782 110272        cutoff         101156.8046   101257.3039 36222288    0.10%
 1296934 110292   101251.3742     3   101156.8046   101257.2119 36249162    0.10%
 1300120 110031   101250.6952     8   101156.8046   101256.6438 36294882    0.10%
 1303770 110539        cutoff         101156.8046   101255.9296 36343468    0.10%
Elapsed time = 4045.14 sec. (2237063.00 ticks, tree = 52.89 MB, solutions = 2)
 1308022 111065        cutoff         101156.8046   101255.9296 36391975    0.10%
 1311856 109974        cutoff         101156.8046   101255.7056 36435130    0.10%
 1315557 109364        cutoff         101156.8046   101254.8770 36478116    0.10%
 1318981 108392        cutoff         101156.8046   101254.3883 36521300    0.10%
 1322672 109228   101206.4948     6   101156.8046   101254.0617 36574374    0.10%
 1325781 109539   101161.7280    10   101156.8046   101252.7851 36625456    0.09%
 1329192 109616        cutoff         101156.8046   101252.1591 36669352    0.09%
 1331871 108804   101226.8055     8   101156.8046   101252.0163 36720030    0.09%
 1334929 108095        cutoff         101156.8046   101251.3742 36766032    0.09%
 1338042 107538   101250.6952    10   101156.8046   101250.6952 36816906    0.09%
Elapsed time = 4112.23 sec. (2275220.70 ticks, tree = 51.60 MB, solutions = 2)
 1341068 107522   101249.5269     7   101156.8046   101249.9134 36859708    0.09%
 1344175 106621   101249.5269     6   101156.8046   101249.5269 36911058    0.09%
 1346726 105004        cutoff         101156.8046   101249.5269 36982030    0.09%
 1349558 103395        cutoff         101156.8046   101249.5269 37050318    0.09%
 1352269 102102        cutoff         101156.8046   101249.5269 37117038    0.09%
 1354729 101043   101249.1718     5   101156.8046   101249.1718 37177998    0.09%
 1357943 100199        cutoff         101156.8046   101248.7024 37235200    0.09%
 1359436 100494   101248.1732    15   101156.8046   101248.1732 37259783    0.09%
 1362607 99625   101242.5032     9   101156.8046   101247.5806 37301164    0.09%
 1365697 98945        cutoff         101156.8046   101246.9733 37353789    0.09%
Elapsed time = 4180.23 sec. (2313384.90 ticks, tree = 47.91 MB, solutions = 2)
 1368927 96491        cutoff         101156.8046   101246.9733 37413695    0.09%
 1372074 94287        cutoff         101156.8046   101246.9733 37473992    0.09%
 1375003 93448        cutoff         101156.8046   101246.2004 37513640    0.09%
 1377659 92895   101164.5634    14   101156.8046   101244.8680 37550253    0.09%
 1380536 92129   101228.4126    17   101156.8046   101243.2277 37591301    0.09%
 1381904 92778   101241.0251    16   101156.8046   101243.2277 37683607    0.09%
 1384031 93103   101242.8870     7   101156.8046   101242.8870 37732227    0.09%
 1387518 93560   101242.1342    13   101156.8046   101242.1342 37769802    0.08%
 1390104 92726   101229.7283     5   101156.8046   101241.2695 37804281    0.08%
 1392935 91657        cutoff         101156.8046   101240.2562 37841421    0.08%
Elapsed time = 4248.63 sec. (2352364.54 ticks, tree = 44.75 MB, solutions = 2)
 1395738 90266   101239.7797     5   101156.8046   101239.7797 37895490    0.08%
 1399279 90599   101239.3409     4   101156.8046   101239.3409 37936591    0.08%
 1402219 88826   101238.6782     7   101156.8046   101238.6782 37983100    0.08%
 1404383 88400        cutoff         101156.8046   101237.5020 38034695    0.08%
 1406967 87316        cutoff         101156.8046   101236.9047 38082858    0.08%
 1409602 86704        cutoff         101156.8046   101236.5195 38130499    0.08%
 1412170 86276        cutoff         101156.8046   101235.6138 38173275    0.08%
 1415241 85603        cutoff         101156.8046   101234.3896 38223651    0.08%
 1418617 84649        cutoff         101156.8046   101232.5778 38257638    0.07%
 1421225 83707   101230.9438    10   101156.8046   101230.9438 38301036    0.07%
Elapsed time = 4315.51 sec. (2390519.43 ticks, tree = 41.33 MB, solutions = 2)
 1424272 83359        cutoff         101156.8046   101229.9032 38340828    0.07%
 1426070 83578   101222.8724    21   101156.8046   101229.4320 38433608    0.07%
 1428004 83056   101228.7979     9   101156.8046   101228.7979 38514561    0.07%
 1430981 82051        cutoff         101156.8046   101227.8478 38544891    0.07%
 1434106 81193        cutoff         101156.8046   101226.8957 38585878    0.07%
 1436926 80717        cutoff         101156.8046   101226.5657 38645688    0.07%
 1439440 79742   101180.4976    13   101156.8046   101226.0784 38700548    0.07%
 1442173 79001   101205.4954     8   101156.8046   101225.0117 38735185    0.07%
 1445085 78650        cutoff         101156.8046   101224.5357 38767726    0.07%
 1447405 77678   101200.0740     6   101156.8046   101224.2713 38801757    0.07%
Elapsed time = 4385.36 sec. (2429551.02 ticks, tree = 38.74 MB, solutions = 2)
 1450711 77690   101208.0441     9   101156.8046   101223.5430 38843156    0.07%
 1453720 76341        cutoff         101156.8046   101222.0475 38874202    0.06%
 1456399 76389        cutoff         101156.8046   101222.0382 38912870    0.06%
 1458459 76102        cutoff         101156.8046   101221.4230 38958792    0.06%
 1460990 74706        cutoff         101156.8046   101220.8603 38991272    0.06%
 1463470 74455        cutoff         101156.8046   101220.1910 39034617    0.06%
 1466656 74422   101219.2996     7   101156.8046   101219.2996 39071302    0.06%
 1469052 74255        cutoff         101156.8046   101219.0099 39100368    0.06%
 1471332 73791   101161.7280     9   101156.8046   101217.8978 39156599    0.06%
 1474210 72601   101190.0380    17   101156.8046   101217.0209 39192263    0.06%
Elapsed time = 4452.22 sec. (2467716.26 ticks, tree = 36.57 MB, solutions = 2)
 1475832 72486   101201.5759    18   101156.8046   101216.5033 39284504    0.06%
 1478601 71276        cutoff         101156.8046   101215.9229 39333767    0.06%
 1481239 70684   101215.1013    10   101156.8046   101215.1013 39383816    0.06%
 1483554 69871        cutoff         101156.8046   101214.1929 39441151    0.06%
 1485772 69114        cutoff         101156.8046   101213.6563 39504447    0.06%
 1487675 68469        cutoff         101156.8046   101212.9532 39586275    0.06%
 1490026 67728        cutoff         101156.8046   101211.3547 39618371    0.05%
 1492860 66702   101171.2326    12   101156.8046   101211.0950 39660061    0.05%
 1496203 65864        cutoff         101156.8046   101211.0010 39709668    0.05%
 1499714 65197        cutoff         101156.8046   101210.2242 39758484    0.05%
Elapsed time = 4519.76 sec. (2505875.79 ticks, tree = 33.42 MB, solutions = 2)
 1502575 64118        cutoff         101156.8046   101209.0129 39799153    0.05%
 1505132 62488   101207.4538    15   101156.8046   101207.4538 39832289    0.05%

Clique cuts applied:  5
Cover cuts applied:  5
Implied bound cuts applied:  122
Flow cuts applied:  50
Mixed integer rounding cuts applied:  44

Root node processing (before b&c):
  Real time             =    0.78 sec. (424.81 ticks)
Sequential b&c:
  Real time             = 4532.72 sec. (2515915.62 ticks)
                          ------------
Total (root+branch&cut) = 4533.50 sec. (2516340.43 ticks)
MIQP status(102): integer optimal, tolerance
Cplex Time: 4533.50sec (det. 2516340.43 ticks)
Fixing integer variables, and solving final QP..
Version identifier: 12.10.0.0 | 2019-11-26 | 843d4de2ae
CPXPARAM_Advance                                 2
CPXPARAM_Threads                                 1
CPXPARAM_Parallel                                1
CPXPARAM_MIP_Display                             4
CPXPARAM_Simplex_Limits_Iterations               2000000000
CPXPARAM_MIP_Limits_Nodes                        80000000
CPXPARAM_TimeLimit                               150000
CPXPARAM_Tune_TimeLimit                          30000
CPXPARAM_MIP_Tolerances_AbsMIPGap                0
CPXPARAM_MIP_Tolerances_MIPGap                   0.00050000000000000001
CPXPARAM_WorkDir                                 "C:\Users\a.eicke\Documents\Locational-investment-signals\Three node models\225a\"
Tried aggregator 1 time.
QP Presolve eliminated 887 rows and 612 columns.
Aggregator did 123 substitutions.
Reduced QP has 141 rows, 139 columns, and 504 nonzeros.
Reduced QP objective Q matrix has 30 nonzeros.
Presolve time = 0.00 sec. (0.87 ticks)
Parallel mode: none, using 1 thread for barrier

***NOTE: Found 7 dense columns.

Number of nonzeros in lower triangle of A*A' = 252
Using Approximate Minimum Degree ordering
Total time for automatic ordering = 0.00 sec. (0.02 ticks)
Summary statistics for Cholesky factor:
  Rows in Factor            = 148
  Integer space required    = 262
  Total non-zeros in factor = 1436
  Total FP ops to factor    = 16652
Barrier time = 0.00 sec. (1.10 ticks)

Total time on 1 threads = 0.00 sec. (1.10 ticks)
QP status(3): infeasible
Cplex Time: 0.00sec (det. 1.10 ticks)
Final solve did not return an optimal solution.
Returning a primal only solution to GAMS (marginals all set to NA).

Solution satisfies tolerances.

MIP Solution:       101156.804619    (39834828 iterations, 1505270 nodes)
Best possible:      101207.379371
Absolute gap:           50.574751
Relative gap:            0.000500

--- Restarting execution
--- without_instrument.gms(260) 2 Mb
--- Reading solution for model LOCI
***
*** Solver did not provide marginals for model LOCI
***
--- Executing after solve: elapsed 1:15:34.010
--- without_instrument.gms(290) 3 Mb
--- GDX File C:\Users\a.eicke\Documents\Locational-investment-signals\Three node models\Output/without_instrument.gdx
*** Status: Normal completion
--- Job without_instrument.gms Stop 01/13/22 20:21:08 elapsed 1:15:34.012
