--- Job zonal_with_agnostic_instrument.gms Start 10/21/21 15:44:10 30.3.0 rc5da09e WEX-WEI x86 64bit/MS Windows
--- GAMS Parameters defined
    Input C:\Users\a.eicke\Documents\Locational-investment-signals\Three node models\zonal_with_agnostic_instrument.gms
    PageSize 0
    ScrDir C:\Users\a.eicke\Documents\Locational-investment-signals\Three node models\225b\
    SysDir C:\GAMS\win64\30.3\
    LogOption 3
    ErrMsg 1
    ErrorLog 99
    IDE 1
    LstTitleLeftAligned 1
GAMS 30.3.0   Copyright (C) 1987-2020 GAMS Development. All rights reserved
Licensee: Small MUD - 5 User License                     S190305:0326AO-WIN
          Hertie School of Governance GmbH, Governance of DigitalizaDC14808
--- Starting compilation
--- zonal_with_agnostic_instrument.gms(85) 3 Mb
--- GDXin=C:\Users\a.eicke\Documents\Locational-investment-signals\Three node models\in.gdx
--- zonal_with_agnostic_instrument.gms(320) 3 Mb
--- Starting execution: elapsed 0:00:00.016
--- zonal_with_agnostic_instrument.gms(295) 4 Mb
--- Generating MIQCP model LOCI
--- zonal_with_agnostic_instrument.gms(298) 7 Mb
---   2,339 rows  1,727 columns  6,497 non-zeroes
---   322 nl-code  56 nl-non-zeroes
---   472 discrete-columns
--- zonal_with_agnostic_instrument.gms(298) 5 Mb
--- Executing CPLEX: elapsed 0:00:00.040

IBM ILOG CPLEX   30.3.0 rc5da09e Released Mar 06, 2020 WEI x86 64bit/MS Window
--- GAMS/Cplex licensed for continuous and discrete problems.
Cplex 12.10.0.0

The search will stop after 25000000 nodes.
Reading data...
Starting Cplex...
Space for names approximately 0.12 Mb
Use option 'names no' to turn use of names off
Version identifier: 12.10.0.0 | 2019-11-26 | 843d4de2ae
CPXPARAM_Advance                                 0
CPXPARAM_Threads                                 1
CPXPARAM_Parallel                                1
CPXPARAM_MIP_Display                             4
CPXPARAM_Simplex_Limits_Iterations               2000000000
CPXPARAM_MIP_Limits_Nodes                        25000000
CPXPARAM_TimeLimit                               40000
CPXPARAM_Tune_TimeLimit                          8000
CPXPARAM_MIP_Tolerances_AbsMIPGap                0
CPXPARAM_MIP_Tolerances_MIPGap                   0.10000000000000001
CPXPARAM_WorkDir                                 "C:\Users\a.eicke\Documents\Locational-investment-signals\Three node models\225b\"
Tried aggregator 2 times.
MIQP Presolve eliminated 796 rows and 244 columns.
MIQP Presolve modified 646 coefficients.
Aggregator did 49 substitutions.
Reduced MIQP has 1494 rows, 1425 columns, and 4412 nonzeros.
Reduced MIQP has 404 binaries, 0 generals, 0 SOSs, and 0 indicators.
Reduced MIQP objective Q matrix has 104 nonzeros.
Presolve time = 0.02 sec. (4.79 ticks)
Probing fixed 0 vars, tightened 163 bounds.
Probing time = 0.02 sec. (1.53 ticks)
Tried aggregator 1 time.
MIQP Presolve modified 156 coefficients.
Reduced MIQP has 1494 rows, 1425 columns, and 4412 nonzeros.
Reduced MIQP has 404 binaries, 0 generals, 0 SOSs, and 0 indicators.
Reduced MIQP objective Q matrix has 104 nonzeros.
Presolve time = 0.00 sec. (2.53 ticks)
Classifier predicts products in MIQP should be linearized.
Probing fixed 0 vars, tightened 12 bounds.
Probing time = 0.00 sec. (1.11 ticks)
Clique table members: 348.
MIP emphasis: balance optimality and feasibility.
MIP search method: dynamic search.
Parallel mode: none, using 1 thread.
Number of nonzeros in lower triangle of Q = 24
Using Approximate Minimum Degree ordering
Total time for automatic ordering = 0.00 sec. (0.00 ticks)
Summary statistics for factor of Q:
  Rows in Factor            = 56
  Integer space required    = 56
  Total non-zeros in factor = 80
  Total FP ops to factor    = 128
Tried aggregator 1 time.
Aggregator did 404 substitutions.
Number of nonzeros in lower triangle of Q = 24
Using Approximate Minimum Degree ordering
Total time for automatic ordering = 0.00 sec. (0.00 ticks)
Summary statistics for factor of Q:
  Rows in Factor            = 56
  Integer space required    = 56
  Total non-zeros in factor = 80
  Total FP ops to factor    = 128
Reduced QP has 1090 rows, 1021 columns, and 3604 nonzeros.
Reduced QP objective Q matrix has 104 nonzeros.
Presolve time = 0.00 sec. (1.14 ticks)
Tried aggregator 1 time.
QP Presolve eliminated 24 rows and 24 columns.
QP Presolve added 0 rows and 56 columns.
Reduced QP has 1122 rows, 1053 columns, and 3692 nonzeros.
Reduced QP objective Q matrix has 32 nonzeros.
Presolve time = 0.00 sec. (0.57 ticks)
Parallel mode: none, using 1 thread for barrier

***NOTE: Found 9 dense columns.

Number of nonzeros in lower triangle of A*A' = 4579
Using Approximate Minimum Degree ordering
Total time for automatic ordering = 0.02 sec. (0.55 ticks)
Summary statistics for Cholesky factor:
  Rows in Factor            = 1131
  Integer space required    = 2676
  Total non-zeros in factor = 12174
  Total FP ops to factor    = 172968
 Itn      Primal Obj        Dual Obj  Prim Inf Upper Inf  Dual Inf          
   0   2.1498492e+06   3.7851214e+10  7.43e+05  4.94e+05  8.06e+05
   1   1.3719673e+06   2.7459602e+10  5.35e+05  3.56e+05  5.81e+05
   2   7.1507292e+05   2.1378474e+10  4.14e+05  2.75e+05  4.50e+05
   3  -2.4340394e+05   1.2607345e+10  2.41e+05  1.60e+05  2.62e+05
   4  -1.3246101e+06   2.2753292e+09  4.07e+04  2.71e+04  4.42e+04
   5  -1.2041090e+06   1.0776560e+09  1.80e+04  1.20e+04  1.96e+04
   6  -1.0227241e+06   9.0969763e+07  1.38e+03  9.20e+02  1.51e+03
   7  -8.1989438e+05   7.6247455e+07  9.28e+02  6.18e+02  1.01e+03
   8  -3.6864277e+05   1.7205005e+07  1.69e+02  1.12e+02  1.84e+02
   9  -8.0064417e+04   6.3966453e+06  4.01e+01  2.67e+01  4.37e+01
  10   8.8665400e+04   1.2535794e+06  6.40e+00  4.26e+00  6.98e+00
  11   1.4883427e+05   5.6537879e+05  9.44e-01  6.28e-01  1.03e+00
  12   1.7885877e+05   3.1962993e+05  2.98e-01  1.98e-01  3.25e-01
  13   1.8748577e+05   2.7586543e+05  1.62e-01  1.08e-01  1.77e-01
  14   1.9383594e+05   2.3183729e+05  3.81e-02  2.54e-02  4.16e-02
  15   1.9856383e+05   2.0781842e+05  8.58e-03  5.71e-03  9.36e-03
  16   1.9966670e+05   2.0334692e+05  2.22e-03  1.48e-03  2.42e-03
  17   2.0023706e+05   2.0095923e+05  6.50e-06  4.33e-06  7.10e-06
  18   2.0036671e+05   2.0047575e+05  9.33e-07  6.22e-07  1.02e-06
  19   2.0038133e+05   2.0040940e+05  2.40e-07  1.60e-07  2.60e-07
  20   2.0038571e+05   2.0038724e+05  3.66e-08  9.22e-09  1.28e-08
  21   2.0038593e+05   2.0038594e+05  7.42e-08  1.33e-09  7.81e-11
  22   2.0038593e+05   2.0038593e+05  8.37e-07  1.43e-09  6.23e-12
  23   2.0038593e+05   2.0038593e+05  1.31e-05  1.27e-09  5.81e-12
Barrier time = 0.05 sec. (20.37 ticks)

Total time on 1 threads = 0.05 sec. (21.52 ticks)
Barrier time = 0.05 sec. (20.39 ticks)

QP crossover.
  Primal and Dual:  Fixing 485 variables.
  Primal:  Pushed 106, exchanged 309.
  Dual  :  Pushed 44, exchanged 293.
Removing shift (2181).
Total crossover time = 0.00 sec. (11.92 ticks)

Total time on 1 threads = 0.05 sec. (33.58 ticks)
Root relaxation solution time = 0.05 sec. (33.59 ticks)

        Nodes                                         Cuts/
   Node  Left     Objective  IInf  Best Integer    Best Bound    ItCnt     Gap

      0     0   200385.9290   200                 200385.9290       23         
      0     0   200384.0135   200                   Cuts: 177      326         
      0     0   200384.0026   200                   Cuts: 270      702         
      0     0   200346.3435   200                   Cuts: 239     1377         
      0     0   200317.7960   200                   Cuts: 174     1821         
      0     0   200147.4102   200                   Cuts: 193     2439         
      0     0   200061.7156   200                   Cuts: 188     2683         
      0     0   199878.1899   200                   Cuts: 178     2917         
      0     0   199842.6086   200                   Cuts: 125     3099         
      0     0   199842.6086   200                   Cuts: 107     3290         
      0     2   199842.6086   213                 199840.3203     3290         
Elapsed time = 2.59 sec. (1554.20 ticks, tree = 0.01 MB, solutions = 0)
     10    10   197676.3134   185                 198725.6652     7627         
     22    16   196364.5303   196                 198725.6652    12987         
     36    26   181126.5614   109                 198725.6652    20394         
     48    30    infeasible                       198725.6652    27855         
     69    47    infeasible                       198725.6652    30579         
     92    58    infeasible                       198725.6652    32330         
     99    61   195684.0006   175                 198725.6652    37961         
                                                     Cuts: 13                  
    120    72   195683.8596   166                 198725.6652    40718         
    133    79   195131.9072   159                 198725.6652    46013         
    200   112   196608.1268   191                 198712.0084    63314         
                                                      Cuts: 9                  
Elapsed time = 8.06 sec. (4944.42 ticks, tree = 0.09 MB, solutions = 0)
    304   190   187655.5070   170                 197579.8323    79674         
                                                     Cuts: 16                  
    351   219   187667.1493   109                 196808.4186    98881         
                                                  Impl Bds: 5                  
    455   301   191760.2495    60                 196606.2724   119071         
                                                  Impl Bds: 4                  
    559   374   185269.5712   143                 196605.6280   134949         
                                                     Cuts: 10                  
    600   387   189373.0591   134                 196287.5049   157429         
                                                      Cuts: 6                  
    674   437    infeasible                       196195.4843   178760         
                                                      Cuts: 4                  
    790   511   190068.8483   141                 195965.7934   197477         
                                                     Cuts: 46                  
    921   618    infeasible                       195953.3376   213499         
                                                      Cuts: 3                  

Performing restart 1

Repeating presolve.
Tried aggregator 1 time.
MIQP Presolve modified 12 coefficients.
Reduced MIQP has 1494 rows, 1425 columns, and 4412 nonzeros.
Reduced MIQP has 404 binaries, 0 generals, 0 SOSs, and 0 indicators.
Reduced MIQP objective Q matrix has 104 nonzeros.
Presolve time = 0.00 sec. (2.16 ticks)
Tried aggregator 1 time.
Reduced MIQP has 1494 rows, 1425 columns, and 4412 nonzeros.
Reduced MIQP has 404 binaries, 0 generals, 0 SOSs, and 0 indicators.
Reduced MIQP objective Q matrix has 104 nonzeros.
Presolve time = 0.00 sec. (1.87 ticks)
Represolve time = 0.02 sec. (7.54 ticks)
Number of nonzeros in lower triangle of Q = 24
Using Approximate Minimum Degree ordering
Total time for automatic ordering = 0.00 sec. (0.00 ticks)
Summary statistics for factor of Q:
  Rows in Factor            = 56
  Integer space required    = 56
  Total non-zeros in factor = 80
  Total FP ops to factor    = 128
Tried aggregator 1 time.
Aggregator did 211 substitutions.
Number of nonzeros in lower triangle of Q = 24
Using Approximate Minimum Degree ordering
Total time for automatic ordering = 0.00 sec. (0.00 ticks)
Summary statistics for factor of Q:
  Rows in Factor            = 56
  Integer space required    = 56
  Total non-zeros in factor = 80
  Total FP ops to factor    = 128
Reduced QP has 1779 rows, 1214 columns, and 6241 nonzeros.
Reduced QP objective Q matrix has 104 nonzeros.
Presolve time = 0.00 sec. (1.48 ticks)
Tried aggregator 1 time.
QP Presolve eliminated 24 rows and 24 columns.
QP Presolve added 0 rows and 56 columns.
Reduced QP has 1811 rows, 1246 columns, and 6329 nonzeros.
Reduced QP objective Q matrix has 32 nonzeros.
Presolve time = 0.00 sec. (0.85 ticks)
Parallel mode: none, using 1 thread for barrier

***NOTE: Found 9 dense columns.

Number of nonzeros in lower triangle of A*A' = 13480
Using Approximate Minimum Degree ordering
Total time for automatic ordering = 0.02 sec. (1.42 ticks)
Summary statistics for Cholesky factor:
  Rows in Factor            = 1820
  Integer space required    = 7091
  Total non-zeros in factor = 42431
  Total FP ops to factor    = 1467207
 Itn      Primal Obj        Dual Obj  Prim Inf Upper Inf  Dual Inf          
   0  -9.6149705e+05   3.6348879e+10  1.10e+06  6.39e+05  1.49e+06
   1  -1.4156235e+06   2.5167749e+10  7.59e+05  4.39e+05  1.03e+06
   2  -1.3855909e+06   2.1168847e+10  6.36e+05  3.68e+05  8.60e+05
   3  -1.3319244e+06   1.2164226e+10  3.61e+05  2.09e+05  4.88e+05
   4  -1.3048075e+06   3.6737290e+09  1.05e+05  6.08e+04  1.42e+05
   5  -1.2208617e+06   2.0833408e+09  5.70e+04  3.30e+04  7.71e+04
   6  -1.1266176e+06   6.5538660e+08  1.63e+04  9.47e+03  2.21e+04
   7  -9.4643432e+05   1.0311723e+08  2.36e+03  1.37e+03  3.19e+03
   8  -6.0508016e+05   4.0775237e+07  8.13e+02  4.71e+02  1.10e+03
   9  -6.4118111e+05   3.4138528e+07  5.17e+02  2.97e+02  6.92e+02
  10  -6.0189730e+05   2.7980308e+07  3.42e+02  1.96e+02  4.58e+02
  11  -3.4325105e+05   7.3554539e+06  2.07e+01  1.19e+01  2.77e+01
  12  -2.2418214e+05   4.5985744e+06  9.90e+00  5.68e+00  1.33e+01
  13  -8.5709230e+04   4.0479413e+06  3.02e+00  1.73e+00  4.04e+00
  14   7.7997451e+04   1.4993361e+06  9.49e-01  5.45e-01  1.27e+00
  15   1.0410869e+05   1.0072415e+06  2.26e-01  1.29e-01  3.02e-01
  16   1.5600789e+05   4.5294095e+05  4.18e-02  2.40e-02  5.60e-02
  17   1.8005601e+05   2.9406325e+05  9.82e-03  5.63e-03  1.31e-02
  18   1.8572403e+05   2.7406436e+05  4.40e-03  2.53e-03  5.89e-03
  19   1.9300585e+05   2.3608725e+05  1.17e-03  6.69e-04  1.56e-03
  20   1.9678609e+05   2.1543137e+05  3.02e-04  1.73e-04  4.04e-04
  21   1.9814547e+05   2.0869765e+05  1.30e-04  7.44e-05  1.74e-04
  22   1.9894582e+05   2.0430648e+05  3.51e-05  2.01e-05  4.70e-05
  23   1.9950745e+05   2.0141640e+05  4.06e-06  2.33e-06  5.43e-06
  24   1.9973223e+05   2.0036120e+05  1.33e-06  7.66e-07  1.78e-06
  25   1.9976853e+05   2.0018647e+05  8.90e-07  5.10e-07  1.19e-06
  26   1.9980913e+05   1.9999731e+05  4.03e-07  2.30e-07  5.35e-07
  27   1.9982993e+05   1.9990569e+05  1.76e-07  9.34e-08  2.16e-07
  28   1.9983114e+05   1.9989799e+05  1.60e-07  8.29e-08  1.90e-07
  29   1.9983865e+05   1.9986110e+05  1.21e-07  2.83e-08  6.38e-08
  30   1.9984156e+05   1.9984771e+05  6.14e-08  8.45e-09  1.74e-08
  31   1.9984204e+05   1.9984552e+05  5.78e-08  5.34e-09  9.88e-09
  32   1.9984212e+05   1.9984504e+05  6.50e-08  5.12e-09  8.29e-09
  33   1.9984251e+05   1.9984310e+05  5.80e-08  1.92e-09  1.67e-09
  34   1.9984260e+05   1.9984264e+05  8.50e-08  1.30e-09  1.27e-10
  35   1.9984261e+05   1.9984261e+05  1.71e-07  1.29e-09  1.07e-11
  36   1.9984261e+05   1.9984261e+05  1.13e-07  1.57e-09  1.03e-11
Barrier time = 0.19 sec. (73.75 ticks)

Total time on 1 threads = 0.19 sec. (75.24 ticks)
Barrier time = 0.19 sec. (73.78 ticks)

QP crossover.
  Primal and Dual:  Fixing 641 variables.
  Primal:  Pushed 173, exchanged 352.
  Dual  :  Pushed 73, exchanged 335.
Removing shift (3558).
Total crossover time = 0.03 sec. (23.47 ticks)

Total time on 1 threads = 0.22 sec. (98.92 ticks)
   1026     0   199840.1857   194                   Cuts: 473   222183         
   1026     0   199811.2301   194                   Cuts: 392   222403         
   1026     0   199545.9253   194                   Cuts: 399   222988         
   1026     0   199473.5947   194                   Cuts: 473   223352         
   1026     0   199349.8633   194                   Cuts: 473   223744         
   1026     0   198829.7759   194                   Cuts: 347   224326         
   1026     0   198829.0789   194                   Cuts: 274   224530         
   1026     2   198829.0789   204                 195915.8017   224530         
   1028     4   198623.5378   198                 195915.8017   224921         
Elapsed time = 25.48 sec. (17059.18 ticks, tree = 0.01 MB, solutions = 0)
   1032     8   198794.0880   198                 195915.8017   225110         
   1036    12   198749.5633   188                 195915.8017   225134         
   1040    16   188476.3324   136                 195915.8017   226991         
   1043    19   198031.3118   183                 195915.8017   228063         
   1046    22   187968.7432   169                 195915.8017   230645         
   1050    26   196960.3471   171                 195915.8017   231759         
   1056    32   196552.4611   154                 195915.8017   232029         
   1060    36   190891.4095   160                 195915.8017   234935         
   1065    39   195918.4243   166                 195915.8017   239053         
   1075    43   194411.2200   154                 195915.8017   247459         
Elapsed time = 38.73 sec. (27912.20 ticks, tree = 0.04 MB, solutions = 0)
   1083    47   194205.3323   147                 195915.8017   251448         
   1091    49   193218.2145   115                 195915.8017   257520         
   1103    57   191592.1505    88                 195915.8017   261708         
   1150   102   191188.2507    64                 195915.8017   263889         
   1192   132   197473.8634   160                 195915.8017   269310         
   1197   137   195208.0807   170                 195915.8017   270070         
   1206   144   192162.2741   147                 195915.8017   274566         
   1225   159   193956.5491   136                 195915.8017   278695         
   1235   169   193218.8692   131                 195915.8017   281609         
   1300   234   192124.7297    59                 195915.8017   284294         
Elapsed time = 51.28 sec. (38212.98 ticks, tree = 0.18 MB, solutions = 0)
   1366   296   190785.6321    44                 195915.8017   287082         
   1390   304    infeasible                       195915.8017   296030         
   1399   309    infeasible                       195915.8017   300871         
   1406   316   194442.0963   168                 195915.8017   301759         
   1420   330   192720.7772   132                 195915.8017   304381         
   1451   359   190667.6321    67                 195915.8017   307554         
   1560   452   189972.6290    18                 195915.8017   318429         
   1569   455   197160.5750   182                 195915.8017   322734         
   1584   470   193040.3755   153                 195915.8017   324291         
   1630   504   198557.1495   190                 195915.8017   327556         
Elapsed time = 63.59 sec. (48280.41 ticks, tree = 0.41 MB, solutions = 0)
   1643   509    infeasible                       195915.8017   335931         
   1651   515   196966.7957   175                 195915.8017   340360         
   1678   538   192853.4110   141                 195915.8017   344861         
   1795   636    infeasible                       195915.8017   356791         
   1844   651    infeasible                       195915.8017   366480         
   1857   664   196773.8281   162                 195915.8017   368719         
   1899   701   191731.4666    71                 195915.8017   372092         
   1956   750   197497.5374   180                 195915.8017   375741         
   2036   828   190207.5820    42                 195915.8017   378180         

Performing restart 2

Repeating presolve.
Tried aggregator 1 time.
Reduced MIQP has 1494 rows, 1425 columns, and 4412 nonzeros.
Reduced MIQP has 404 binaries, 0 generals, 0 SOSs, and 0 indicators.
Reduced MIQP objective Q matrix has 104 nonzeros.
Presolve time = 0.02 sec. (1.88 ticks)
Tried aggregator 1 time.
Reduced MIQP has 1494 rows, 1425 columns, and 4412 nonzeros.
Reduced MIQP has 404 binaries, 0 generals, 0 SOSs, and 0 indicators.
Reduced MIQP objective Q matrix has 104 nonzeros.
Presolve time = 0.00 sec. (1.87 ticks)
Represolve time = 0.05 sec. (12.18 ticks)
Number of nonzeros in lower triangle of Q = 24
Using Approximate Minimum Degree ordering
Total time for automatic ordering = 0.00 sec. (0.00 ticks)
Summary statistics for factor of Q:
  Rows in Factor            = 56
  Integer space required    = 56
  Total non-zeros in factor = 80
  Total FP ops to factor    = 128
Tried aggregator 1 time.
QP Presolve eliminated 3 rows and 0 columns.
Aggregator did 274 substitutions.
Number of nonzeros in lower triangle of Q = 24
Using Approximate Minimum Degree ordering
Total time for automatic ordering = 0.00 sec. (0.00 ticks)
Summary statistics for factor of Q:
  Rows in Factor            = 56
  Integer space required    = 56
  Total non-zeros in factor = 80
  Total FP ops to factor    = 128
Reduced QP has 1496 rows, 1151 columns, and 5600 nonzeros.
Reduced QP objective Q matrix has 104 nonzeros.
Presolve time = 0.00 sec. (1.38 ticks)
Tried aggregator 1 time.
QP Presolve eliminated 24 rows and 24 columns.
QP Presolve added 0 rows and 56 columns.
Aggregator did 1 substitutions.
Reduced QP has 1527 rows, 1182 columns, and 5686 nonzeros.
Reduced QP objective Q matrix has 32 nonzeros.
Presolve time = 0.02 sec. (0.95 ticks)
Parallel mode: none, using 1 thread for barrier

***NOTE: Found 11 dense columns.

Number of nonzeros in lower triangle of A*A' = 9071
Using Approximate Minimum Degree ordering
Total time for automatic ordering = 0.00 sec. (1.10 ticks)
Summary statistics for Cholesky factor:
  Rows in Factor            = 1538
  Integer space required    = 5164
  Total non-zeros in factor = 28664
  Total FP ops to factor    = 708210
 Itn      Primal Obj        Dual Obj  Prim Inf Upper Inf  Dual Inf          
   0   2.1190483e+06   3.3810218e+10  7.80e+05  5.25e+05  1.21e+06
   1   9.5608072e+05   2.4034348e+10  5.51e+05  3.71e+05  8.52e+05
   2   4.8014466e+05   1.9768144e+10  4.52e+05  3.04e+05  6.99e+05
   3  -3.2577172e+05   1.1967263e+10  2.71e+05  1.82e+05  4.19e+05
   4  -1.0972230e+06   4.0024785e+09  8.75e+04  5.90e+04  1.35e+05
   5  -1.1543429e+06   1.3924380e+09  2.89e+04  1.95e+04  4.47e+04
   6  -1.0240373e+06   3.8271269e+08  7.29e+03  4.91e+03  1.13e+04
   7  -7.2286745e+05   7.7540426e+07  1.40e+03  9.44e+02  2.17e+03
   8  -5.2772545e+05   4.9145922e+07  7.92e+02  5.33e+02  1.23e+03
   9  -4.8819254e+05   3.9349429e+07  5.61e+02  3.78e+02  8.68e+02
  10  -3.6852993e+05   2.2330028e+07  2.59e+02  1.74e+02  4.01e+02
  11  -2.6438310e+05   1.1825029e+07  1.13e+02  7.60e+01  1.75e+02
  12  -1.6580645e+05   5.4551887e+06  2.97e+01  2.00e+01  4.59e+01
  13  -9.6071426e+04   3.8587414e+06  6.29e+00  4.24e+00  9.74e+00
  14   7.7929356e+04   1.7309098e+06  1.77e+00  1.19e+00  2.74e+00
  15   9.7643930e+04   1.1297532e+06  1.54e-01  1.04e-01  2.38e-01
  16   1.5753658e+05   4.1037937e+05  3.01e-02  2.03e-02  4.65e-02
  17   1.7896275e+05   3.0325825e+05  6.19e-03  4.17e-03  9.57e-03
  18   1.8123119e+05   2.8896514e+05  4.45e-03  3.00e-03  6.89e-03
  19   1.8830180e+05   2.5300554e+05  1.11e-03  7.46e-04  1.71e-03
  20   1.9119899e+05   2.3550367e+05  5.48e-04  3.69e-04  8.48e-04
  21   1.9477757e+05   2.1767842e+05  2.24e-04  1.51e-04  3.46e-04
  22   1.9646754e+05   2.0908381e+05  9.04e-05  6.09e-05  1.40e-04
  23   1.9780514e+05   2.0337827e+05  2.45e-05  1.65e-05  3.79e-05
  24   1.9793150e+05   2.0272450e+05  1.88e-05  1.26e-05  2.90e-05
  25   1.9849020e+05   2.0023010e+05  5.32e-06  3.58e-06  8.23e-06
  26   1.9862913e+05   1.9963258e+05  3.08e-06  2.07e-06  4.76e-06
  27   1.9869052e+05   1.9942054e+05  2.24e-06  1.51e-06  3.47e-06
  28   1.9878179e+05   1.9902002e+05  7.31e-07  4.92e-07  1.13e-06
  29   1.9880993e+05   1.9890769e+05  3.00e-07  2.02e-07  4.63e-07
  30   1.9881848e+05   1.9887309e+05  1.68e-07  1.14e-07  2.59e-07
  31   1.9882417e+05   1.9884931e+05  8.82e-08  5.31e-08  1.19e-07
  32   1.9882726e+05   1.9883661e+05  5.05e-08  2.03e-08  4.44e-08
  33   1.9882835e+05   1.9883217e+05  3.81e-08  8.96e-09  1.81e-08
  34   1.9882873e+05   1.9883058e+05  2.58e-08  4.98e-09  8.82e-09
  35   1.9882897e+05   1.9882952e+05  4.43e-08  2.02e-09  2.61e-09
  36   1.9882906e+05   1.9882916e+05  6.74e-08  1.27e-09  5.31e-10
  37   1.9882908e+05   1.9882909e+05  7.65e-08  1.07e-09  1.01e-10
  38   1.9882908e+05   1.9882908e+05  2.51e-07  8.68e-10  3.03e-11
  39   1.9882908e+05   1.9882908e+05  1.56e-07  1.45e-09  6.62e-11
  40   1.9882908e+05   1.9882908e+05  6.45e-08  1.43e-09  6.57e-11
Barrier time = 0.19 sec. (59.52 ticks)

Total time on 1 threads = 0.19 sec. (60.91 ticks)
Barrier time = 0.19 sec. (59.54 ticks)

QP crossover.
  Primal and Dual:  Fixing 529 variables.
  Primal:  Pushed 131, exchanged 272.
  Dual  :  Pushed 72, exchanged 258.
Removing shift (3).
Total crossover time = 0.05 sec. (27.18 ticks)

Total time on 1 threads = 0.23 sec. (88.27 ticks)
   2052     0   198828.3116   224                   Cuts: 473   378820         
   2052     0   198828.1716   224                   Cuts: 319   379054         
   2052     0   198765.8975   224                   Cuts: 219   379332         
   2052     0   198764.4098   224                   Cuts: 257   379614         
   2052     0   198763.8494   224                   Cuts: 277   379791         
   2052     0   198763.3104   224                   Cuts: 191   379969         
   2052     0   198760.6812   224                   Cuts: 101   380096         
   2052     0   198760.5432   224                   Cuts: 176   380196         
   2052     2   198760.5432   234                 195915.8017   380196         
Elapsed time = 81.44 sec. (61586.49 ticks, tree = 0.01 MB, solutions = 0)
   2056     6   198729.1651   226                 195915.8017   380240         
   2061    11   198542.1060   216                 195915.8017   380487         
   2065    15   198523.3505   215                 195915.8017   380592         
   2068    18   198206.4283   218                 195915.8017   381347         
   2072    22   197992.0566   182                 195915.8017   381585         
   2077    25   197917.1617   177                 195915.8017   384308         
   2082    30   197135.2473   154                 195915.8017   384703         
   2087    33   197812.2736   180                 195915.8017   386965         
   2093    39   197808.7016   174                 195915.8017   387044         
   2100    46   197728.7919   159                 195915.8017   387309         
Elapsed time = 95.81 sec. (71890.19 ticks, tree = 0.04 MB, solutions = 0)
   2105    51   197697.4720   152                 195915.8017   387416         
   2111    57   197693.0759   155                 195915.8017   387486         
   2116    62   197693.0759   151                 195915.8017   387496         
   2122    66   183866.3892   103                 195915.8017   391848         
   2129    73   197559.2154   137                 195915.8017   392003         
   2134    76    infeasible                       195915.8017   394739         
   2140    82   196121.3477   119                 195915.8017   395046         
   2146    86   195616.8825   115                 195915.8017   397692         
   2151    91   195616.8825   108                 195915.8017   397708         
   2156    96   195616.8825   105                 195915.8017   397724         
Elapsed time = 108.39 sec. (82364.64 ticks, tree = 0.08 MB, solutions = 0)
   2164   100   194880.5450   103                 195915.8017   400150         
   2170   106   192666.4216    85                 195915.8017   401350         
   2175   109   194007.6872   105                 195915.8017   403845         
   2182   112   193354.3333    83                 195915.8017   407708         
   2190   118   192194.0221    73                 195915.8017   409512         
   2197   125   191088.0083    78                 195915.8017   409959         
   2207   129   190282.9241    64                 195915.8017   414841         
   2214   136   188583.8126    57                 195915.8017   416090         
   2267   178   198731.1353   224                 195915.8017   417741         
   2273   184   198328.7275   194                 195915.8017   418475         
Elapsed time = 121.20 sec. (93122.79 ticks, tree = 0.15 MB, solutions = 0)
   2282   193   198317.9832   193                 195915.8017   418705         
   2289   200   198265.7057   184                 195915.8017   418829         
   2295   206   198237.3052   178                 195915.8017   419075         
   2302   211   196673.2473   157                 195915.8017   421781         
   2311   218   195262.5466   124                 195915.8017   423523         
   2317   224   194824.3906   121                 195915.8017   424879         
   2327   230   192295.0092    95                 195915.8017   428663         
   2334   235   184309.2724    98                 195915.8017   429818         
   2347   244   184306.1622    78                 195915.8017   431016         
   2371   261   196101.0151   168                 195915.8017   435327         
Elapsed time = 136.73 sec. (106310.59 ticks, tree = 0.22 MB, solutions = 0)
   2396   282   194895.7970   149                 195915.8017   439209         
   2454   338   190228.0277    70                 195915.8017   442752         
   2535   409   198514.0644   199                 195915.8017   446536         
   2558   430   196469.3422   156                 195915.8017   450277         
   2595   461   192658.9767   107                 195915.8017   457324         
   2680   534   195367.5220   165                 195915.8017   468241         
   2793   629   198384.4073   216                 195915.8017   475595         
   2829   663   195174.9921   150                 195915.8017   483010         
   2883   700   197769.6506   186                 195915.8017   493033         
   2984   790   197265.7412   198                 195915.8017   502742         
                                                     Cuts: 28                  
Elapsed time = 182.59 sec. (145272.64 ticks, tree = 0.63 MB, solutions = 0)
   3012   812   197728.4180   193                 195915.8017   509074         
   3154   939   197940.3736   201                 195915.8017   518951         
   3214   990   197377.9053   185                 195915.8017   526314         
   3313  1074   195667.5154   181                 195915.8017   541056         
   3349  1104   195975.5671   171                 195915.8017   547992         
   3526  1250   197663.8587   212                 195915.8017   559172         
   3674  1376   197233.5166   187                 195915.8017   572419         
   3741  1434   197433.6002   194                 195915.8017   581771         
   3786  1464   196178.9183   185                 195915.8017   593910         
   3834  1490   180911.9313    84                 195915.8017   608535         
Elapsed time = 229.17 sec. (184174.00 ticks, tree = 1.21 MB, solutions = 0)
   3941  1569   189421.0860   124                 195915.8017   623758         
   3993  1611   189624.7890   140                 195915.8017   633620         
   4102  1706   185591.4726   105                 195915.8017   643647         
   4224  1798   196610.8541   179                 195915.8017   656139         
   4276  1835   192164.3286   145                 195915.8017   672231         
   4380  1919   198344.1067   209                 195915.8017   688427         
   4449  1972   191822.7015   165                 195915.8017   701828         
   4572  2066   198113.8316   213                 195915.8017   715862         
   4665  2122   193855.9896   166                 195915.8017   739872         
   4734  2172    infeasible                       195915.8017   758239         
Elapsed time = 275.84 sec. (222970.65 ticks, tree = 1.83 MB, solutions = 0)
   4848  2249   192311.7428   136                 195915.8017   786510         
   4899  2272   185551.2226   101                 195915.8017   812571         
   4945  2303   197588.3462   161                 195915.8017   827896         
   5022  2340   198247.9703   165                 195915.8017   845880         
   5094  2382   177309.8186   105                 195915.8017   874694         
   5137  2402   197758.9493   167                 195915.8017   896278         
   5196  2443   196349.0957   151                 195915.8017   920657         
   5304  2515   188998.6431   129                 195915.8017   942105         
   5376  2543   175091.2933    97                 195915.8017   965363         
   5467  2602    infeasible                       195915.8017   994797         
Elapsed time = 323.34 sec. (261800.56 ticks, tree = 2.16 MB, solutions = 0)
   5528  2642   193900.2586   146                 195915.8017  1015800         
   5642  2728   192269.3107   143                 195915.8017  1029938         
   5701  2765   193337.7572   117                 195915.8017  1052535         
   5759  2787    infeasible                       195915.8017  1095522         
   5836  2827   195984.4844   180                 195915.8017  1127882         
   5880  2849   189273.3014   116                 195915.8017  1150503         
   5992  2916   190568.3159   133                 195915.8017  1171205         
   6059  2964   195594.6736   174                 195915.8017  1183623         
*  6182+ 3013                       159671.2668   195915.8017            22.70%
Found incumbent of value 159671.266776 after 366.83 sec. (296698.76 ticks)
   6183  3013   197666.6732   223   159671.2668   195915.8017  1213126   22.70%
   6232  3045        cutoff         159671.2668   195915.8017  1225980   22.70%
Elapsed time = 371.44 sec. (300630.05 ticks, tree = 2.51 MB, solutions = 1)
   6329  3119   193634.1099   150   159671.2668   195915.8017  1241155   22.70%
   6528  3259        cutoff         159671.2668   195915.8017  1261233   22.70%
   6628  3334   193514.2689   153   159671.2668   195915.8017  1275425   22.70%
   6735  3398   196736.1060   189   159671.2668   195915.8017  1295828   22.70%
   6964  3590   188998.6412   117   159671.2668   195915.8017  1312208   22.70%
   7077  3650   194271.4141   182   159671.2668   195915.8017  1336429   22.70%
   7233  3761        cutoff         159671.2668   195915.8017  1357905   22.70%
   7286  3788   192021.4579   152   159671.2668   195915.8017  1378302   22.70%
*  7352+ 3415                       170219.5551   195915.8017            15.10%
Found incumbent of value 170219.555084 after 413.78 sec. (334823.86 ticks)
   7359  3417   195717.3132   185   170219.5551   195915.8017  1408596   15.10%
   7490  3507   196150.2835   179   170219.5551   195915.8017  1430057   15.10%
Elapsed time = 419.50 sec. (339408.94 ticks, tree = 2.88 MB, solutions = 2)
   7632  3596   195807.5817   173   170219.5551   195915.8017  1453328   15.10%
   7738  3673   197191.5760   175   170219.5551   195915.8017  1474914   15.10%
   7892  3779   196420.6561   161   170219.5551   195915.8017  1502920   15.10%
   7975  3838   189860.4484   117   170219.5551   195915.8017  1520264   15.10%
   8094  3929   195808.2710   131   170219.5551   195915.8017  1542278   15.10%
   8251  4036   196684.7903   168   170219.5551   195915.8017  1560929   15.10%
   8347  4110   197501.5224   204   170219.5551   195915.8017  1570856   15.10%
   8469  4201   181871.9831    71   170219.5551   195915.8017  1595582   15.10%
   8612  4299   180374.8010    85   170219.5551   195915.8017  1618214   15.10%
   8741  4379   196167.5594   186   170219.5551   195915.8017  1639871   15.10%
Elapsed time = 469.91 sec. (378207.52 ticks, tree = 3.71 MB, solutions = 2)
   8927  4516   172395.7987    23   170219.5551   195915.8017  1655204   15.10%
   9143  4661   195905.4946   145   170219.5551   195915.8017  1675340   15.10%
   9230  4708        cutoff         170219.5551   195915.8017  1701952   15.10%
   9346  4786   195259.8351   183   170219.5551   195915.8017  1725823   15.10%
   9429  4831        cutoff         170219.5551   195915.8017  1751114   15.10%
   9539  4876   192432.5153   127   170219.5551   195915.8017  1788641   15.10%
   9670  4938        cutoff         170219.5551   195915.8017  1820200   15.10%
   9822  5038   196562.2784   165   170219.5551   195915.8017  1845982   15.10%
  10039  5179   197247.9837   182   170219.5551   195915.8017  1873483   15.10%
  10134  5239   197857.9919   175   170219.5551   195915.8017  1896760   15.10%
Elapsed time = 520.47 sec. (416794.42 ticks, tree = 4.39 MB, solutions = 2)
  10284  5341   181635.2441    67   170219.5551   195915.8017  1923507   15.10%
  10397  5409   184588.5055    95   170219.5551   195915.8017  1951803   15.10%
  10537  5501   186005.9669    67   170219.5551   195915.8017  1977052   15.10%
  10695  5589        cutoff         170219.5551   195915.8017  2008101   15.10%
  10814  5662   181575.0621   108   170219.5551   195915.8017  2033154   15.10%
  10973  5763   192114.9470   116   170219.5551   195915.8017  2056826   15.10%
  11155  5884   188168.0136    75   170219.5551   195915.8017  2082546   15.10%
  11248  5932   184730.3663    97   170219.5551   195915.8017  2111904   15.10%
  11429  6045   184675.7841    92   170219.5551   195915.8017  2139332   15.10%
  11681  6217   183673.3279    42   170219.5551   195915.8017  2174426   15.10%
Elapsed time = 570.78 sec. (455231.72 ticks, tree = 5.16 MB, solutions = 2)
  11885  6342   196325.7409   158   170219.5551   195915.8017  2205121   15.10%
  12067  6460   197893.6457   175   170219.5551   195915.8017  2226982   15.10%
  12174  6539   191145.8780    91   170219.5551   195915.8017  2246097   15.10%
  12314  6610   184142.3100    40   170219.5551   195915.8017  2277798   15.10%
  12412  6670   191423.6854   121   170219.5551   195915.8017  2300828   15.10%
  12558  6765        cutoff         170219.5551   195915.8017  2326093   15.10%
  12765  6927   192929.6297   112   170219.5551   195915.8017  2349803   15.10%
  12877  7001   194261.6102   141   170219.5551   195915.8017  2370418   15.10%
  13075  7151   183248.7899     8   170219.5551   195915.8017  2401847   15.10%
  13233  7269   195353.3066   132   170219.5551   195915.8017  2428074   15.10%
Elapsed time = 619.41 sec. (493962.76 ticks, tree = 5.99 MB, solutions = 2)
  13335  7334   194261.6102   141   170219.5551   195915.8017  2447589   15.10%
  13525  7452        cutoff         170219.5551   195915.8017  2481259   15.10%
  13696  7569   196166.4659   165   170219.5551   195915.8017  2505100   15.10%
  13831  7659   190630.7066    98   170219.5551   195915.8017  2530293   15.10%
  14070  7844   180774.1619    86   170219.5551   195915.8017  2561393   15.10%
  14343  8054   179065.0144    34   170219.5551   195915.8017  2587893   15.10%
  14545  8212        cutoff         170219.5551   195915.8017  2613294   15.10%
  14700  8309   186908.2685    99   170219.5551   195915.8017  2649990   15.10%
  14921  8471    infeasible         170219.5551   195915.8017  2679254   15.10%
  15115  8606   192664.0662   140   170219.5551   195915.8017  2712071   15.10%
                                                     Cuts: 36                  
Elapsed time = 668.30 sec. (532248.35 ticks, tree = 7.36 MB, solutions = 2)
  15230  8670   180830.8724    67   170219.5551   195915.8017  2743512   15.10%
  15488  8880   196226.9091   142   170219.5551   195915.8017  2768887   15.10%
  15584  8930   173167.4392    70   170219.5551   195915.8017  2804400   15.10%
  15726  9034   190419.3013   140   170219.5551   195915.8017  2825418   15.10%
  15880  9137   192587.2277   134   170219.5551   195915.8017  2855658   15.10%
* 16052+ 9285                       170219.5553   195915.8017            15.10%
Found incumbent of value 170219.555256 after 696.80 sec. (554258.80 ticks)
  16095  9314   176755.5664    75   170219.5553   195915.8017  2880113   15.10%
* 16152+ 6583                       181537.7337   195915.8017             7.92%
                                                     Cuts: 41                  
Found incumbent of value 181537.733651 after 700.75 sec. (557039.07 ticks)

GUB cover cuts applied:  3
Clique cuts applied:  9
Cover cuts applied:  10
Implied bound cuts applied:  6
Flow cuts applied:  238
Mixed integer rounding cuts applied:  172
Gomory fractional cuts applied:  7

Root node processing (before b&c):
  Real time             =    2.59 sec. (1553.34 ticks)
Sequential b&c:
  Real time             =  698.16 sec. (555508.03 ticks)
                          ------------
Total (root+branch&cut) =  700.75 sec. (557061.37 ticks)
MIQP status(102): integer optimal, tolerance
Cplex Time: 700.75sec (det. 557061.37 ticks)
Fixing integer variables, and solving final QP..
Version identifier: 12.10.0.0 | 2019-11-26 | 843d4de2ae
CPXPARAM_Advance                                 2
CPXPARAM_Threads                                 1
CPXPARAM_Parallel                                1
CPXPARAM_MIP_Display                             4
CPXPARAM_Simplex_Limits_Iterations               2000000000
CPXPARAM_MIP_Limits_Nodes                        25000000
CPXPARAM_TimeLimit                               40000
CPXPARAM_Tune_TimeLimit                          8000
CPXPARAM_MIP_Tolerances_AbsMIPGap                0
CPXPARAM_MIP_Tolerances_MIPGap                   0.10000000000000001
CPXPARAM_WorkDir                                 "C:\Users\a.eicke\Documents\Locational-investment-signals\Three node models\225b\"
Number of nonzeros in lower triangle of Q = 24
Using Approximate Minimum Degree ordering
Total time for automatic ordering = 0.00 sec. (0.00 ticks)
Summary statistics for factor of Q:
  Rows in Factor            = 56
  Integer space required    = 56
  Total non-zeros in factor = 80
  Total FP ops to factor    = 128
Tried aggregator 1 time.
QP Presolve eliminated 1914 rows and 1370 columns.
QP Presolve added 0 rows and 56 columns.
Aggregator did 263 substitutions.
Reduced QP has 218 rows, 150 columns, and 768 nonzeros.
Reduced QP objective Q matrix has 21 nonzeros.
Presolve time = 0.00 sec. (1.85 ticks)
Parallel mode: none, using 1 thread for barrier

***NOTE: Found 3 dense columns.

Number of nonzeros in lower triangle of A*A' = 1344
Using Approximate Minimum Degree ordering
Total time for automatic ordering = 0.00 sec. (0.08 ticks)
Summary statistics for Cholesky factor:
  Rows in Factor            = 221
  Integer space required    = 431
  Total non-zeros in factor = 2866
  Total FP ops to factor    = 42144
 Itn      Primal Obj        Dual Obj  Prim Inf Upper Inf  Dual Inf          
   0  -8.5720970e+05   4.2132218e+09  2.71e+06  5.71e+04  1.42e+05
   1  -8.3635037e+05   3.0184235e+09  1.83e+06  3.86e+04  9.59e+04
   2  -3.6056434e+05   3.6758259e+08  9.16e+04  1.94e+03  4.83e+03
   3  -5.0931729e+05   1.0446013e+08  2.51e+04  5.19e+02  1.29e+03
   4  -5.7314704e+05   1.3545268e+07  2.03e+03  4.20e+01  1.04e+02
   5   9.7811955e+04   1.4071666e+06  1.57e+02  3.25e+00  8.06e+00
   6   1.7598773e+05   2.6043034e+05  8.14e+00  1.69e-01  4.18e-01
   7   1.7652191e+05   2.4898346e+05  6.13e+00  1.27e-01  3.15e-01
   8   1.8118134e+05   2.0350325e+05  1.58e+00  3.41e-02  8.10e-02
   9   1.8033729e+05   2.0098487e+05  1.17e+00  2.52e-02  5.98e-02
  10   1.8148795e+05   1.8381290e+05  7.60e-02  1.64e-03  3.90e-03
  11   1.8153621e+05   1.8159602e+05  1.20e-03  2.60e-05  6.17e-05
  12   1.8153771e+05   1.8153860e+05  1.48e-05  3.21e-07  7.62e-07
  13   1.8153773e+05   1.8153774e+05  3.18e-07  1.83e-09  5.03e-09
  14   1.8153773e+05   1.8153773e+05  3.20e-07  2.41e-10  8.29e-10
Barrier time = 0.02 sec. (4.54 ticks)

Total time on 1 threads = 0.02 sec. (4.54 ticks)
QP status(1): optimal
Cplex Time: 0.02sec (det. 4.54 ticks)

Solution satisfies tolerances.

MIP Solution:       181537.733651    (2899830 iterations, 16152 nodes)
Final Solve:        181537.733653    (0 iterations)

Best possible:      195915.801732
Absolute gap:        14378.068082
Relative gap:            0.073389

--- Restarting execution
--- zonal_with_agnostic_instrument.gms(298) 2 Mb
--- Reading solution for model LOCI
--- Executing after solve: elapsed 0:11:40.984
--- zonal_with_agnostic_instrument.gms(320) 3 Mb
--- GDX File C:\Users\a.eicke\Documents\Locational-investment-signals\Three node models\Output/agnostic_instrument.gdx
*** Status: Normal completion
--- Job zonal_with_agnostic_instrument.gms Stop 10/21/21 15:55:51 elapsed 0:11:40.984
