--- Job zonal_without_locational_instrument.gms Start 10/15/21 10:09:28 30.3.0 rc5da09e WEX-WEI x86 64bit/MS Windows
--- GAMS Parameters defined
    Input C:\Users\ansel\OneDrive\PhD\2 - Where to place new power generation\Three node models\zonal_without_locational_instrument.gms
    PageSize 0
    ScrDir C:\Users\ansel\OneDrive\PhD\2 - Where to place new power generation\Three node models\225a\
    SysDir C:\Program Files\GAMS\
    LogOption 3
    ErrMsg 1
    ErrorLog 99
    IDE 1
    LstTitleLeftAligned 1
GAMS 30.3.0   Copyright (C) 1987-2020 GAMS Development. All rights reserved
Licensee: Small MUD - 5 User License                     S190305:0326AO-WIN
          Hertie School of Governance GmbH, Governance of DigitalizaDC14808
--- Starting compilation
--- zonal_without_locational_instrument.gms(85) 3 Mb
--- GDXin=C:\Users\ansel\OneDrive\PhD\2 - Where to place new power generation\Three node models\in.gdx
--- zonal_without_locational_instrument.gms(197) 3 Mb 1 Error
*** Error 170 in C:\Users\ansel\OneDrive\PhD\2 - Where to place new power generation\Three node models\zonal_without_locational_instrument.gms
    Domain violation for element
--- zonal_without_locational_instrument.gms(298) 3 Mb 2 Errors
*** Error 257 in C:\Users\ansel\OneDrive\PhD\2 - Where to place new power generation\Three node models\zonal_without_locational_instrument.gms
    Solve statement not checked because of previous errors
--- zonal_without_locational_instrument.gms(308) 3 Mb 3 Errors
*** Error 141 in C:\Users\ansel\OneDrive\PhD\2 - Where to place new power generation\Three node models\zonal_without_locational_instrument.gms
    Symbol declared but no values have been assigned. Check for missing
       data definition, assignment, data loading or implicit assignment
       via a solve statement.
       A wild shot: You may have spurious commas in the explanatory
       text of a declaration. Check symbol reference list.
--- zonal_without_locational_instrument.gms(309) 3 Mb 4 Errors
*** Error 141 in C:\Users\ansel\OneDrive\PhD\2 - Where to place new power generation\Three node models\zonal_without_locational_instrument.gms
    Symbol declared but no values have been assigned. Check for missing
       data definition, assignment, data loading or implicit assignment
       via a solve statement.
       A wild shot: You may have spurious commas in the explanatory
       text of a declaration. Check symbol reference list.
--- zonal_without_locational_instrument.gms(311) 3 Mb 5 Errors
*** Error 141 in C:\Users\ansel\OneDrive\PhD\2 - Where to place new power generation\Three node models\zonal_without_locational_instrument.gms
    Symbol declared but no values have been assigned. Check for missing
       data definition, assignment, data loading or implicit assignment
       via a solve statement.
       A wild shot: You may have spurious commas in the explanatory
       text of a declaration. Check symbol reference list.
--- zonal_without_locational_instrument.gms(325) 3 Mb 5 Errors
*** Status: Compilation error(s)
--- Job zonal_without_locational_instrument.gms Stop 10/15/21 10:09:28 elapsed 0:00:00.000
