
--- Job LP_CS_and_PS.gms Start 09/17/21 15:50:11 35.2.0 r33388c4 WEX-WEI x86 64bit/MS Windows
--- Applying:
    C:\Program Files\GAMS-35\gmsprmNT.txt
--- GAMS Parameters defined
    Input "C:\Users\ansel\OneDrive\PhD\2 - Where to place new power generation\Three node models\LP_CS_and_PS.gms"
    PageSize 0
    ScrDir "C:\Users\ansel\OneDrive\PhD\2 - Where to place new power generation\Three node models\225c\"
    SysDir "C:\Program Files\GAMS-35\"
    LogOption 3
    ErrMsg 1
    ErrorLog 99
    IDE 1
    LstTitleLeftAligned 1
Licensee: GAMS Community License for Anselm Eicke        G210709|0002AO-GEN
          Hertie School of Governance GmbH                           CL1515
          C:\Users\ansel\OneDrive\Dokumente\GAMS\gamslice.txt
          Anselm Eicke, eicke@hertie-school.org                            
          Community license for demonstration and instructional purposes only
GAMS 35.2.0   Copyright (C) 1987-2021 GAMS Development. All rights reserved
--- Starting compilation
--- LP_CS_and_PS.gms(48) 3 Mb
--- GDXin=C:\Users\ansel\OneDrive\PhD\2 - Where to place new power generation\Three node models\in.gdx
--- GDX File ($gdxIn) C:\Users\ansel\OneDrive\PhD\2 - Where to place new power generation\Three node models\in.gdx
--- LP_CS_and_PS.gms(158) 3 Mb
--- Starting execution: elapsed 0:00:00.024
--- LP_CS_and_PS.gms(73) 4 Mb
--- Generating QCP model LOCI
--- LP_CS_and_PS.gms(149) 6 Mb
---   265 rows  133 columns  491 non-zeroes
---   716 nl-code  132 nl-non-zeroes
--- LP_CS_and_PS.gms(149) 4 Mb
--- Executing CONOPT (Solvelink=2): elapsed 0:00:00.045

CONOPT 3         35.2.0 r33388c4 Released Jun 02, 2021 WEI x86 64bit/MS Window

--- *** This solver runs with a community license. No commercial use.
 
 
    C O N O P T 3   version 3.17K
    Copyright (C)   ARKI Consulting and Development A/S
                    Bagsvaerdvej 246 A
                    DK-2880 Bagsvaerd, Denmark
 
 
   Iter Phase Ninf   Infeasibility   RGmax    NSB   Step InItr MX OK
      0   0        0.0000000000E+00 (Input point)
 
                   Pre-triangular equations:   0
                   Post-triangular equations:  1
 
      1   0        0.0000000000E+00 (After pre-processing)
      2   0        0.0000000000E+00 (After scaling)
 
 ** Feasible solution. Value of objective =    0.00000000000
 
   Iter Phase Ninf     Objective     RGmax    NSB   Step InItr MX OK
     11   4        5.6475811878E+04 8.3E+05     5 1.1E+01      F  T
     16   4        1.4478137591E+05 3.8E+03    11 1.0E+00    7 T  T
     21   4        1.5104525273E+05 2.1E+01    16 1.0E+00    8 F  T
     26   4        1.5136844570E+05 2.5E-12    26
 
 ** Optimal solution. Reduced gradient less than tolerance.
 
--- Reading solution for model LOCI
--- Executing after solve: elapsed 0:00:00.216
--- LP_CS_and_PS.gms(157) 4 Mb
*** Status: Normal completion
--- Job LP_CS_and_PS.gms Stop 09/17/21 15:50:12 elapsed 0:00:00.236
