
--- Job MPC with big M as QCP.gms Start 09/20/21 11:08:18 35.2.0 r33388c4 WEX-WEI x86 64bit/MS Windows
--- Applying:
    C:\Program Files\GAMS-35\gmsprmNT.txt
--- GAMS Parameters defined
    Input "C:\Users\ansel\OneDrive\PhD\2 - Where to place new power generation\Three node models\MPC with big M as QCP.gms"
    PageSize 0
    ScrDir "C:\Users\ansel\OneDrive\PhD\2 - Where to place new power generation\Three node models\225c\"
    SysDir "C:\Program Files\GAMS-35\"
    LogOption 3
    ErrMsg 1
    ErrorLog 99
    IDE 1
    LstTitleLeftAligned 1
Licensee: GAMS Community License for Anselm Eicke        G210709|0002AO-GEN
          Hertie School of Governance GmbH                           CL1515
          C:\Users\ansel\OneDrive\Dokumente\GAMS\gamslice.txt
          Anselm Eicke, eicke@hertie-school.org                            
          Community license for demonstration and instructional purposes only
GAMS 35.2.0   Copyright (C) 1987-2021 GAMS Development. All rights reserved
--- Starting compilation
--- MPC with big M as QCP.gms(48) 3 Mb
*** GDXIN failed C:\Users\ansel\OneDrive\PhD\2 - Where to place new power generation\Three node models\in.gdx
*** Msg: No such file or directory
--- MPC with big M as QCP.gms(48) 3 Mb 1 Error
*** Error 510 in C:\Users\ansel\OneDrive\PhD\2 - Where to place new power generation\Three node models\MPC with big M as QCP.gms
    Unable to open gdx file for $GDXIN
--- MPC with big M as QCP.gms(49) 3 Mb 2 Errors
*** Error 502 in C:\Users\ansel\OneDrive\PhD\2 - Where to place new power generation\Three node models\MPC with big M as QCP.gms
    GDXIN  file not open - ignore rest of line
--- MPC with big M as QCP.gms(55) 3 Mb 3 Errors
*** Error 141 in C:\Users\ansel\OneDrive\PhD\2 - Where to place new power generation\Three node models\MPC with big M as QCP.gms
    Symbol declared but no values have been assigned. Check for missing
       data definition, assignment, data loading or implicit assignment
       via a solve statement.
       A wild shot: You may have spurious commas in the explanatory
       text of a declaration. Check symbol reference list.
--- MPC with big M as QCP.gms(56) 3 Mb 4 Errors
*** Error 141 in C:\Users\ansel\OneDrive\PhD\2 - Where to place new power generation\Three node models\MPC with big M as QCP.gms
    Symbol declared but no values have been assigned. Check for missing
       data definition, assignment, data loading or implicit assignment
       via a solve statement.
       A wild shot: You may have spurious commas in the explanatory
       text of a declaration. Check symbol reference list.
--- MPC with big M as QCP.gms(60) 3 Mb 6 Errors
*** Error 141 in C:\Users\ansel\OneDrive\PhD\2 - Where to place new power generation\Three node models\MPC with big M as QCP.gms
    Symbol declared but no values have been assigned. Check for missing
       data definition, assignment, data loading or implicit assignment
       via a solve statement.
       A wild shot: You may have spurious commas in the explanatory
       text of a declaration. Check symbol reference list.
*** Error 116 in C:\Users\ansel\OneDrive\PhD\2 - Where to place new power generation\Three node models\MPC with big M as QCP.gms
    Label is unknown
--- MPC with big M as QCP.gms(63) 3 Mb 7 Errors
*** Error 116 in C:\Users\ansel\OneDrive\PhD\2 - Where to place new power generation\Three node models\MPC with big M as QCP.gms
    Label is unknown
--- MPC with big M as QCP.gms(183) 3 Mb 8 Errors
*** Error 257 in C:\Users\ansel\OneDrive\PhD\2 - Where to place new power generation\Three node models\MPC with big M as QCP.gms
    Solve statement not checked because of previous errors
--- MPC with big M as QCP.gms(185) 3 Mb 9 Errors
*** Error 141 in C:\Users\ansel\OneDrive\PhD\2 - Where to place new power generation\Three node models\MPC with big M as QCP.gms
    Symbol declared but no values have been assigned. Check for missing
       data definition, assignment, data loading or implicit assignment
       via a solve statement.
       A wild shot: You may have spurious commas in the explanatory
       text of a declaration. Check symbol reference list.
--- MPC with big M as QCP.gms(188) 3 Mb 10 Errors
*** Error 141 in C:\Users\ansel\OneDrive\PhD\2 - Where to place new power generation\Three node models\MPC with big M as QCP.gms
    Symbol declared but no values have been assigned. Check for missing
       data definition, assignment, data loading or implicit assignment
       via a solve statement.
       A wild shot: You may have spurious commas in the explanatory
       text of a declaration. Check symbol reference list.
--- MPC with big M as QCP.gms(189) 3 Mb 10 Errors
*** Status: Compilation error(s)
--- Job MPC with big M as QCP.gms Stop 09/20/21 11:08:18 elapsed 0:00:00.024
